<?xml version="1.0" encoding="UTF-8" ?>
<testsuites name="vitest tests" tests="52" failures="41" errors="0" time="0.160910126">
    <testsuite name="src/tests/components/BitcoinNodes.test.tsx" timestamp="2025-08-04T08:27:59.431Z" hostname="macbookair.home" tests="20" failures="9" errors="0" skipped="0" time="0.099811209">
        <testcase classname="src/tests/components/BitcoinNodes.test.tsx" name="Bitcoin DeFi Workflow Nodes &gt; Bitcoin Portfolio Node &gt; should render portfolio node correctly" time="0.041014917">
        </testcase>
        <testcase classname="src/tests/components/BitcoinNodes.test.tsx" name="Bitcoin DeFi Workflow Nodes &gt; Bitcoin Portfolio Node &gt; should handle portfolio refresh" time="0.040813166">
            <failure message="Found multiple elements by: [data-testid=&quot;refresh-portfolio&quot;]

Here are the matching elements:

Ignored nodes: comments, script, style
[36m&lt;button[39m
  [33mdata-testid[39m=[32m&quot;refresh-portfolio&quot;[39m
[36m&gt;[39m
  [0mRefresh Portfolio[0m
[36m&lt;/button&gt;[39m

Ignored nodes: comments, script, style
[36m&lt;button[39m
  [33mdata-testid[39m=[32m&quot;refresh-portfolio&quot;[39m
[36m&gt;[39m
  [0mRefresh Portfolio[0m
[36m&lt;/button&gt;[39m

(If this is intentional, then use the `*AllBy*` variant of the query (like `queryAllByText`, `getAllByText`, or `findAllByText`)).

Ignored nodes: comments, script, style
[36m&lt;body&gt;[39m
  [36m&lt;div&gt;[39m
    [36m&lt;div[39m
      [33mclass[39m=[32m&quot;bitcoin-node portfolio-node&quot;[39m
      [33mdata-testid[39m=[32m&quot;bitcoin-portfolio-portfolio-1&quot;[39m
    [36m&gt;[39m
      [36m&lt;div[39m
        [33mclass[39m=[32m&quot;node-header&quot;[39m
      [36m&gt;[39m
        [36m&lt;span[39m
          [33mclass[39m=[32m&quot;node-icon&quot;[39m
        [36m&gt;[39m
          [0m₿[0m
        [36m&lt;/span&gt;[39m
        [36m&lt;span[39m
          [33mclass[39m=[32m&quot;node-title&quot;[39m
        [36m&gt;[39m
          [0mBitcoin Portfolio[0m
        [36m&lt;/span&gt;[39m
      [36m&lt;/div&gt;[39m
      [36m&lt;div[39m
        [33mclass[39m=[32m&quot;node-content&quot;[39m
      [36m&gt;[39m
        [36m&lt;div[39m
          [33mclass[39m=[32m&quot;portfolio-summary&quot;[39m
        [36m&gt;[39m
          [36m&lt;div[39m
            [33mdata-testid[39m=[32m&quot;total-btc&quot;[39m
          [36m&gt;[39m
            [0mTotal BTC: [0m
            [0m0.5[0m
          [36m&lt;/div&gt;[39m
          [36m&lt;div[39m
            [33mdata-testid[39m=[32m&quot;total-usd&quot;[39m
          [36m&gt;[39m
            [0mTotal USD: $[0m
            [0m22500[0m
          [36m&lt;/div&gt;[39m
          [36m&lt;div[39m
            [33mdata-testid[39m=[32m&quot;address-count&quot;[39m
          [36m&gt;[39m
            [0mAddresses: [0m
            [0m3[0m
          [36m&lt;/div&gt;[39m
        [36m&lt;/div&gt;[39m
        [36m&lt;button[39m
          [33mdata-testid[39m=[32m&quot;refresh-portfolio&quot;[39m
        [36m&gt;[39m
          [0mRefresh Portfolio[0m
        [36m&lt;/button&gt;[39m
      [36m&lt;/div&gt;[39m
      [36m&lt;div[39m
        [33mclass[39m=[32m&quot;node-handles&quot;[39m
      [36m&gt;[39m
        [36m&lt;div[39m
          [33mclass[39m=[32m&quot;output-handle&quot;[39m
          [33mdata-testid[39m=[32m&quot;portfolio-output&quot;[39m
        [36m&gt;[39m
          [0mOutput[0m
        [36m&lt;/div&gt;[39m
      [36m&lt;/div&gt;[39m
    [36m&lt;/div&gt;[39m
  [36m&lt;/div&gt;[39m
  [36m&lt;div&gt;[39m
    [36m&lt;div[39m
      [33mclass[39m=[32m&quot;bitcoin-node portfolio-node&quot;[39m
      [33mdata-testid[39m=[32m&quot;bitcoin-portfolio-portfolio-1&quot;[39m
    [36m&gt;[39m
      [36m&lt;div[39m
        [33mclass[39m=[32m&quot;node-header&quot;[39m
      [36m&gt;[39m
        [36m&lt;span[39m
          [33mclass[39m=[32m&quot;node-icon&quot;[39m
        [36m&gt;[39m
          [0m₿[0m
        [36m&lt;/span&gt;[39m
        [36m&lt;span[39m
          [33mclass[39m=[32m&quot;node-title&quot;[39m
        [36m&gt;[39m
          [0mBitcoin Portfolio[0m
        [36m&lt;/span&gt;[39m
      [36m&lt;/div&gt;[39m
      [36m&lt;div[39m
        [33mclass[39m=[32m&quot;node-content&quot;[39m
      [36m&gt;[39m
        [36m&lt;div[39m
          [33mclass[39m=[32m&quot;portfolio-summary&quot;[39m
        [36m&gt;[39m
          [36m&lt;div[39m
            [33mdata-testid[39m=[32m&quot;total-btc&quot;[39m
          [36m&gt;[39m
            [0mTotal BTC: [0m
            [0m0.5[0m
          [36m&lt;/div&gt;[39m
          [36m&lt;div[39m
            [33mdata-testid[39m=[32m&quot;total-usd&quot;[39m
          [36m&gt;[39m
            [0mTotal USD: $[0m
            [0m0[0m
          [36m&lt;/div&gt;[39m
          [36m&lt;div[39m
            [33mdata-testid[39m=[32m&quot;address-count&quot;[39m
          [36m&gt;[39m
            [0mAddresses: [0m
            [0m0[0m
          [36m&lt;/div&gt;[39m
        [36m&lt;/div&gt;[39m
        [36m&lt;button[39m
          [33mdata-testid[39m=[32m&quot;refresh-portfolio&quot;[39m
        [36m&gt;[39m
          [0mRefresh Portfolio[0m
        [36m&lt;/button&gt;[39m
      [36m&lt;/div&gt;[39m
      [36m&lt;div[39m
        [33mclass[39m=[32m&quot;node-handles&quot;[39m
      [36m&gt;[39m
        [36m&lt;div[39m
          [33mclass[39m=[32m&quot;output-handle&quot;[39m
          [33mdata-testid[39m=[32m&quot;portfolio-output&quot;[39m
        [36m&gt;[39m
          [0mOutput[0m
        [36m&lt;/div&gt;[39m
      [36m&lt;/div&gt;[39m
    [36m&lt;/div&gt;[39m
  [36m&lt;/div&gt;[39m
[36m&lt;/body&gt;[39m" type="TestingLibraryElementError">
TestingLibraryElementError: Found multiple elements by: [data-testid=&quot;refresh-portfolio&quot;]

Here are the matching elements:

Ignored nodes: comments, script, style
&lt;button
  data-testid=&quot;refresh-portfolio&quot;
&gt;
  Refresh Portfolio
&lt;/button&gt;

Ignored nodes: comments, script, style
&lt;button
  data-testid=&quot;refresh-portfolio&quot;
&gt;
  Refresh Portfolio
&lt;/button&gt;

(If this is intentional, then use the `*AllBy*` variant of the query (like `queryAllByText`, `getAllByText`, or `findAllByText`)).

Ignored nodes: comments, script, style
&lt;body&gt;
  &lt;div&gt;
    &lt;div
      class=&quot;bitcoin-node portfolio-node&quot;
      data-testid=&quot;bitcoin-portfolio-portfolio-1&quot;
    &gt;
      &lt;div
        class=&quot;node-header&quot;
      &gt;
        &lt;span
          class=&quot;node-icon&quot;
        &gt;
          ₿
        &lt;/span&gt;
        &lt;span
          class=&quot;node-title&quot;
        &gt;
          Bitcoin Portfolio
        &lt;/span&gt;
      &lt;/div&gt;
      &lt;div
        class=&quot;node-content&quot;
      &gt;
        &lt;div
          class=&quot;portfolio-summary&quot;
        &gt;
          &lt;div
            data-testid=&quot;total-btc&quot;
          &gt;
            Total BTC: 
            0.5
          &lt;/div&gt;
          &lt;div
            data-testid=&quot;total-usd&quot;
          &gt;
            Total USD: $
            22500
          &lt;/div&gt;
          &lt;div
            data-testid=&quot;address-count&quot;
          &gt;
            Addresses: 
            3
          &lt;/div&gt;
        &lt;/div&gt;
        &lt;button
          data-testid=&quot;refresh-portfolio&quot;
        &gt;
          Refresh Portfolio
        &lt;/button&gt;
      &lt;/div&gt;
      &lt;div
        class=&quot;node-handles&quot;
      &gt;
        &lt;div
          class=&quot;output-handle&quot;
          data-testid=&quot;portfolio-output&quot;
        &gt;
          Output
        &lt;/div&gt;
      &lt;/div&gt;
    &lt;/div&gt;
  &lt;/div&gt;
  &lt;div&gt;
    &lt;div
      class=&quot;bitcoin-node portfolio-node&quot;
      data-testid=&quot;bitcoin-portfolio-portfolio-1&quot;
    &gt;
      &lt;div
        class=&quot;node-header&quot;
      &gt;
        &lt;span
          class=&quot;node-icon&quot;
        &gt;
          ₿
        &lt;/span&gt;
        &lt;span
          class=&quot;node-title&quot;
        &gt;
          Bitcoin Portfolio
        &lt;/span&gt;
      &lt;/div&gt;
      &lt;div
        class=&quot;node-content&quot;
      &gt;
        &lt;div
          class=&quot;portfolio-summary&quot;
        &gt;
          &lt;div
            data-testid=&quot;total-btc&quot;
          &gt;
            Total BTC: 
            0.5
          &lt;/div&gt;
          &lt;div
            data-testid=&quot;total-usd&quot;
          &gt;
            Total USD: $
            0
          &lt;/div&gt;
          &lt;div
            data-testid=&quot;address-count&quot;
          &gt;
            Addresses: 
            0
          &lt;/div&gt;
        &lt;/div&gt;
        &lt;button
          data-testid=&quot;refresh-portfolio&quot;
        &gt;
          Refresh Portfolio
        &lt;/button&gt;
      &lt;/div&gt;
      &lt;div
        class=&quot;node-handles&quot;
      &gt;
        &lt;div
          class=&quot;output-handle&quot;
          data-testid=&quot;portfolio-output&quot;
        &gt;
          Output
        &lt;/div&gt;
      &lt;/div&gt;
    &lt;/div&gt;
  &lt;/div&gt;
&lt;/body&gt;
 ❯ Object.getElementError ../../node_modules/@testing-library/dom/dist/config.js:37:19
 ❯ getElementError ../../node_modules/@testing-library/dom/dist/query-helpers.js:20:35
 ❯ getMultipleElementsFoundError ../../node_modules/@testing-library/dom/dist/query-helpers.js:23:10
 ❯ ../../node_modules/@testing-library/dom/dist/query-helpers.js:55:13
 ❯ ../../node_modules/@testing-library/dom/dist/query-helpers.js:95:19
 ❯ src/tests/components/BitcoinNodes.test.tsx:272:30
            </failure>
        </testcase>
        <testcase classname="src/tests/components/BitcoinNodes.test.tsx" name="Bitcoin DeFi Workflow Nodes &gt; Bitcoin Portfolio Node &gt; should display zero values for empty portfolio" time="0.040827583">
            <failure message="Found multiple elements by: [data-testid=&quot;total-btc&quot;]

Here are the matching elements:

Ignored nodes: comments, script, style
[36m&lt;div[39m
  [33mdata-testid[39m=[32m&quot;total-btc&quot;[39m
[36m&gt;[39m
  [0mTotal BTC: [0m
  [0m0.5[0m
[36m&lt;/div&gt;[39m

Ignored nodes: comments, script, style
[36m&lt;div[39m
  [33mdata-testid[39m=[32m&quot;total-btc&quot;[39m
[36m&gt;[39m
  [0mTotal BTC: [0m
  [0m0.5[0m
[36m&lt;/div&gt;[39m

Ignored nodes: comments, script, style
[36m&lt;div[39m
  [33mdata-testid[39m=[32m&quot;total-btc&quot;[39m
[36m&gt;[39m
  [0mTotal BTC: [0m
  [0m0[0m
[36m&lt;/div&gt;[39m

(If this is intentional, then use the `*AllBy*` variant of the query (like `queryAllByText`, `getAllByText`, or `findAllByText`)).

Ignored nodes: comments, script, style
[36m&lt;body&gt;[39m
  [36m&lt;div&gt;[39m
    [36m&lt;div[39m
      [33mclass[39m=[32m&quot;bitcoin-node portfolio-node&quot;[39m
      [33mdata-testid[39m=[32m&quot;bitcoin-portfolio-portfolio-1&quot;[39m
    [36m&gt;[39m
      [36m&lt;div[39m
        [33mclass[39m=[32m&quot;node-header&quot;[39m
      [36m&gt;[39m
        [36m&lt;span[39m
          [33mclass[39m=[32m&quot;node-icon&quot;[39m
        [36m&gt;[39m
          [0m₿[0m
        [36m&lt;/span&gt;[39m
        [36m&lt;span[39m
          [33mclass[39m=[32m&quot;node-title&quot;[39m
        [36m&gt;[39m
          [0mBitcoin Portfolio[0m
        [36m&lt;/span&gt;[39m
      [36m&lt;/div&gt;[39m
      [36m&lt;div[39m
        [33mclass[39m=[32m&quot;node-content&quot;[39m
      [36m&gt;[39m
        [36m&lt;div[39m
          [33mclass[39m=[32m&quot;portfolio-summary&quot;[39m
        [36m&gt;[39m
          [36m&lt;div[39m
            [33mdata-testid[39m=[32m&quot;total-btc&quot;[39m
          [36m&gt;[39m
            [0mTotal BTC: [0m
            [0m0.5[0m
          [36m&lt;/div&gt;[39m
          [36m&lt;div[39m
            [33mdata-testid[39m=[32m&quot;total-usd&quot;[39m
          [36m&gt;[39m
            [0mTotal USD: $[0m
            [0m22500[0m
          [36m&lt;/div&gt;[39m
          [36m&lt;div[39m
            [33mdata-testid[39m=[32m&quot;address-count&quot;[39m
          [36m&gt;[39m
            [0mAddresses: [0m
            [0m3[0m
          [36m&lt;/div&gt;[39m
        [36m&lt;/div&gt;[39m
        [36m&lt;button[39m
          [33mdata-testid[39m=[32m&quot;refresh-portfolio&quot;[39m
        [36m&gt;[39m
          [0mRefresh Portfolio[0m
        [36m&lt;/button&gt;[39m
      [36m&lt;/div&gt;[39m
      [36m&lt;div[39m
        [33mclass[39m=[32m&quot;node-handles&quot;[39m
      [36m&gt;[39m
        [36m&lt;div[39m
          [33mclass[39m=[32m&quot;output-handle&quot;[39m
          [33mdata-testid[39m=[32m&quot;portfolio-output&quot;[39m
        [36m&gt;[39m
          [0mOutput[0m
        [36m&lt;/div&gt;[39m
      [36m&lt;/div&gt;[39m
    [36m&lt;/div&gt;[39m
  [36m&lt;/div&gt;[39m
  [36m&lt;div&gt;[39m
    [36m&lt;div[39m
      [33mclass[39m=[32m&quot;bitcoin-node portfolio-node&quot;[39m
      [33mdata-testid[39m=[32m&quot;bitcoin-portfolio-portfolio-1&quot;[39m
    [36m&gt;[39m
      [36m&lt;div[39m
        [33mclass[39m=[32m&quot;node-header&quot;[39m
      [36m&gt;[39m
        [36m&lt;span[39m
          [33mclass[39m=[32m&quot;node-icon&quot;[39m
        [36m&gt;[39m
          [0m₿[0m
        [36m&lt;/span&gt;[39m
        [36m&lt;span[39m
          [33mclass[39m=[32m&quot;node-title&quot;[39m
        [36m&gt;[39m
          [0mBitcoin Portfolio[0m
        [36m&lt;/span&gt;[39m
      [36m&lt;/div&gt;[39m
      [36m&lt;div[39m
        [33mclass[39m=[32m&quot;node-content&quot;[39m
      [36m&gt;[39m
        [36m&lt;div[39m
          [33mclass[39m=[32m&quot;portfolio-summary&quot;[39m
        [36m&gt;[39m
          [36m&lt;div[39m
            [33mdata-testid[39m=[32m&quot;total-btc&quot;[39m
          [36m&gt;[39m
            [0mTotal BTC: [0m
            [0m0.5[0m
          [36m&lt;/div&gt;[39m
          [36m&lt;div[39m
            [33mdata-testid[39m=[32m&quot;total-usd&quot;[39m
          [36m&gt;[39m
            [0mTotal USD: $[0m
            [0m0[0m
          [36m&lt;/div&gt;[39m
          [36m&lt;div[39m
            [33mdata-testid[39m=[32m&quot;address-count&quot;[39m
          [36m&gt;[39m
            [0mAddresses: [0m
            [0m0[0m
          [36m&lt;/div&gt;[39m
        [36m&lt;/div&gt;[39m
        [36m&lt;button[39m
          [33mdata-testid[39m=[32m&quot;refresh-portfolio&quot;[39m
        [36m&gt;[39m
          [0mRefresh Portfolio[0m
        [36m&lt;/button&gt;[39m
      [36m&lt;/div&gt;[39m
      [36m&lt;div[39m
        [33mclass[39m=[32m&quot;node-handles&quot;[39m
      [36m&gt;[39m
        [36m&lt;div[39m
          [33mclass[39m=[32m&quot;output-handle&quot;[39m
          [33mdata-testid[39m=[32m&quot;portfolio-output&quot;[39m
        [36m&gt;[39m
          [0mOutput[0m
        [36m&lt;/div&gt;[39m
      [36m&lt;/div&gt;[39m
    [36m&lt;/div&gt;[39m
  [36m&lt;/div&gt;[39m
  [36m&lt;div&gt;[39m
    [36m&lt;div[39m
      [33mclass[39m=[32m&quot;bitcoin-node portfolio-node&quot;[39m
      [33mdata-testid[39m=[32m&quot;bitcoin-portfolio-portfolio-1&quot;[39m
    [36m&gt;[39m
      [36m&lt;div[39m
        [33mclass[39m=[32m&quot;node-header&quot;[39m
      [36m&gt;[39m
        [36m&lt;span[39m
          [33mclass[39m=[32m&quot;node-icon&quot;[39m
        [36m&gt;[39m
          [0m₿[0m
        [36m&lt;/span&gt;[39m
        [36m&lt;span[39m
          [33mclass[39m=[32m&quot;node-title&quot;[39m
        [36m&gt;[39m
          [0mBitcoin Portfolio[0m
        [36m&lt;/span&gt;[39m
      [36m&lt;/div&gt;[39m
      [36m&lt;div[39m
        [33mclass[39m=[32m&quot;node-content&quot;[39m
      [36m&gt;[39m
        [36m&lt;div[39m
          [33mclass[39m=[32m&quot;portfolio-summary&quot;[39m
        [36m&gt;[39m
          [36m&lt;div[39m
            [33mdata-testid[39m=[32m&quot;total-btc&quot;[39m
          [36m&gt;[39m
            [0mTotal BTC: [0m
            [0m0[0m
          [36m&lt;/div&gt;[39m
          [36m&lt;div[39m
            [33mdata-testid[39m=[32m&quot;total-usd&quot;[39m
          [36m&gt;[39m
            [0mTotal USD: $[0m
            [0m0[0m
          [36m&lt;/div&gt;[39m
          [36m&lt;div[39m
            [33mdata-testid[39m=[32m&quot;address-count&quot;[39m
          [36m&gt;[39m
            [0mAddresses: [0m
            [0m0[0m
          [36m&lt;/div&gt;[39m
        [36m&lt;/div&gt;[39m
        [36m&lt;button[39m
          [33mdata-testid[39m=[32m&quot;refresh-portfolio&quot;[39m
        [36m&gt;[39m
          [0mRefresh Portfolio[0m
        [36m&lt;/button&gt;[39m
      [36m&lt;/div&gt;[39m
      [36m&lt;div[39m
        [33mclass[39m=[32m&quot;node-handles&quot;[39m
      [36m&gt;[39m
        [36m&lt;div[39m
          [33mclass[39m=[32m&quot;output-handle&quot;[39m
          [33mdata-testid[39m=[32m&quot;portfolio-output&quot;[39m
        [36m&gt;[39m
          [0mOutput[0m
        [36m&lt;/div&gt;[39m
      [36m&lt;/div&gt;[39m
    [36m&lt;/div&gt;[39m
  [36m&lt;/div&gt;[39m
[36m&lt;/body&gt;[39m" type="TestingLibraryElementError">
TestingLibraryElementError: Found multiple elements by: [data-testid=&quot;total-btc&quot;]

Here are the matching elements:

Ignored nodes: comments, script, style
&lt;div
  data-testid=&quot;total-btc&quot;
&gt;
  Total BTC: 
  0.5
&lt;/div&gt;

Ignored nodes: comments, script, style
&lt;div
  data-testid=&quot;total-btc&quot;
&gt;
  Total BTC: 
  0.5
&lt;/div&gt;

Ignored nodes: comments, script, style
&lt;div
  data-testid=&quot;total-btc&quot;
&gt;
  Total BTC: 
  0
&lt;/div&gt;

(If this is intentional, then use the `*AllBy*` variant of the query (like `queryAllByText`, `getAllByText`, or `findAllByText`)).

Ignored nodes: comments, script, style
&lt;body&gt;
  &lt;div&gt;
    &lt;div
      class=&quot;bitcoin-node portfolio-node&quot;
      data-testid=&quot;bitcoin-portfolio-portfolio-1&quot;
    &gt;
      &lt;div
        class=&quot;node-header&quot;
      &gt;
        &lt;span
          class=&quot;node-icon&quot;
        &gt;
          ₿
        &lt;/span&gt;
        &lt;span
          class=&quot;node-title&quot;
        &gt;
          Bitcoin Portfolio
        &lt;/span&gt;
      &lt;/div&gt;
      &lt;div
        class=&quot;node-content&quot;
      &gt;
        &lt;div
          class=&quot;portfolio-summary&quot;
        &gt;
          &lt;div
            data-testid=&quot;total-btc&quot;
          &gt;
            Total BTC: 
            0.5
          &lt;/div&gt;
          &lt;div
            data-testid=&quot;total-usd&quot;
          &gt;
            Total USD: $
            22500
          &lt;/div&gt;
          &lt;div
            data-testid=&quot;address-count&quot;
          &gt;
            Addresses: 
            3
          &lt;/div&gt;
        &lt;/div&gt;
        &lt;button
          data-testid=&quot;refresh-portfolio&quot;
        &gt;
          Refresh Portfolio
        &lt;/button&gt;
      &lt;/div&gt;
      &lt;div
        class=&quot;node-handles&quot;
      &gt;
        &lt;div
          class=&quot;output-handle&quot;
          data-testid=&quot;portfolio-output&quot;
        &gt;
          Output
        &lt;/div&gt;
      &lt;/div&gt;
    &lt;/div&gt;
  &lt;/div&gt;
  &lt;div&gt;
    &lt;div
      class=&quot;bitcoin-node portfolio-node&quot;
      data-testid=&quot;bitcoin-portfolio-portfolio-1&quot;
    &gt;
      &lt;div
        class=&quot;node-header&quot;
      &gt;
        &lt;span
          class=&quot;node-icon&quot;
        &gt;
          ₿
        &lt;/span&gt;
        &lt;span
          class=&quot;node-title&quot;
        &gt;
          Bitcoin Portfolio
        &lt;/span&gt;
      &lt;/div&gt;
      &lt;div
        class=&quot;node-content&quot;
      &gt;
        &lt;div
          class=&quot;portfolio-summary&quot;
        &gt;
          &lt;div
            data-testid=&quot;total-btc&quot;
          &gt;
            Total BTC: 
            0.5
          &lt;/div&gt;
          &lt;div
            data-testid=&quot;total-usd&quot;
          &gt;
            Total USD: $
            0
          &lt;/div&gt;
          &lt;div
            data-testid=&quot;address-count&quot;
          &gt;
            Addresses: 
            0
          &lt;/div&gt;
        &lt;/div&gt;
        &lt;button
          data-testid=&quot;refresh-portfolio&quot;
        &gt;
          Refresh Portfolio
        &lt;/button&gt;
      &lt;/div&gt;
      &lt;div
        class=&quot;node-handles&quot;
      &gt;
        &lt;div
          class=&quot;output-handle&quot;
          data-testid=&quot;portfolio-output&quot;
        &gt;
          Output
        &lt;/div&gt;
      &lt;/div&gt;
    &lt;/div&gt;
  &lt;/div&gt;
  &lt;div&gt;
    &lt;div
      class=&quot;bitcoin-node portfolio-node&quot;
      data-testid=&quot;bitcoin-portfolio-portfolio-1&quot;
    &gt;
      &lt;div
        class=&quot;node-header&quot;
      &gt;
        &lt;span
          class=&quot;node-icon&quot;
        &gt;
          ₿
        &lt;/span&gt;
        &lt;span
          class=&quot;node-title&quot;
        &gt;
          Bitcoin Portfolio
        &lt;/span&gt;
      &lt;/div&gt;
      &lt;div
        class=&quot;node-content&quot;
      &gt;
        &lt;div
          class=&quot;portfolio-summary&quot;
        &gt;
          &lt;div
            data-testid=&quot;total-btc&quot;
          &gt;
            Total BTC: 
            0
          &lt;/div&gt;
          &lt;div
            data-testid=&quot;total-usd&quot;
          &gt;
            Total USD: $
            0
          &lt;/div&gt;
          &lt;div
            data-testid=&quot;address-count&quot;
          &gt;
            Addresses: 
            0
          &lt;/div&gt;
        &lt;/div&gt;
        &lt;button
          data-testid=&quot;refresh-portfolio&quot;
        &gt;
          Refresh Portfolio
        &lt;/button&gt;
      &lt;/div&gt;
      &lt;div
        class=&quot;node-handles&quot;
      &gt;
        &lt;div
          class=&quot;output-handle&quot;
          data-testid=&quot;portfolio-output&quot;
        &gt;
          Output
        &lt;/div&gt;
      &lt;/div&gt;
    &lt;/div&gt;
  &lt;/div&gt;
&lt;/body&gt;
 ❯ Object.getElementError ../../node_modules/@testing-library/dom/dist/config.js:37:19
 ❯ getElementError ../../node_modules/@testing-library/dom/dist/query-helpers.js:20:35
 ❯ getMultipleElementsFoundError ../../node_modules/@testing-library/dom/dist/query-helpers.js:23:10
 ❯ ../../node_modules/@testing-library/dom/dist/query-helpers.js:55:13
 ❯ ../../node_modules/@testing-library/dom/dist/query-helpers.js:95:19
 ❯ src/tests/components/BitcoinNodes.test.tsx:294:21
            </failure>
        </testcase>
        <testcase classname="src/tests/components/BitcoinNodes.test.tsx" name="Bitcoin DeFi Workflow Nodes &gt; Bitcoin Send Node &gt; should render send node correctly" time="0.040821042">
        </testcase>
        <testcase classname="src/tests/components/BitcoinNodes.test.tsx" name="Bitcoin DeFi Workflow Nodes &gt; Bitcoin Send Node &gt; should handle address input changes" time="0.04080175">
            <failure message="Found multiple elements by: [data-testid=&quot;to-address-input&quot;]

Here are the matching elements:

Ignored nodes: comments, script, style
[36m&lt;input[39m
  [33mdata-testid[39m=[32m&quot;to-address-input&quot;[39m
  [33mid[39m=[32m&quot;to-address-send-1&quot;[39m
  [33mplaceholder[39m=[32m&quot;Enter Bitcoin address&quot;[39m
  [33mtype[39m=[32m&quot;text&quot;[39m
  [33mvalue[39m=[32m&quot;1A1zP1eP5QGefi2DMPTfTL5SLmv7DivfNa&quot;[39m
[36m/&gt;[39m

Ignored nodes: comments, script, style
[36m&lt;input[39m
  [33mdata-testid[39m=[32m&quot;to-address-input&quot;[39m
  [33mid[39m=[32m&quot;to-address-send-1&quot;[39m
  [33mplaceholder[39m=[32m&quot;Enter Bitcoin address&quot;[39m
  [33mtype[39m=[32m&quot;text&quot;[39m
  [33mvalue[39m=[32m&quot;&quot;[39m
[36m/&gt;[39m

(If this is intentional, then use the `*AllBy*` variant of the query (like `queryAllByText`, `getAllByText`, or `findAllByText`)).

Ignored nodes: comments, script, style
[36m&lt;body&gt;[39m
  [36m&lt;div&gt;[39m
    [36m&lt;div[39m
      [33mclass[39m=[32m&quot;bitcoin-node portfolio-node&quot;[39m
      [33mdata-testid[39m=[32m&quot;bitcoin-portfolio-portfolio-1&quot;[39m
    [36m&gt;[39m
      [36m&lt;div[39m
        [33mclass[39m=[32m&quot;node-header&quot;[39m
      [36m&gt;[39m
        [36m&lt;span[39m
          [33mclass[39m=[32m&quot;node-icon&quot;[39m
        [36m&gt;[39m
          [0m₿[0m
        [36m&lt;/span&gt;[39m
        [36m&lt;span[39m
          [33mclass[39m=[32m&quot;node-title&quot;[39m
        [36m&gt;[39m
          [0mBitcoin Portfolio[0m
        [36m&lt;/span&gt;[39m
      [36m&lt;/div&gt;[39m
      [36m&lt;div[39m
        [33mclass[39m=[32m&quot;node-content&quot;[39m
      [36m&gt;[39m
        [36m&lt;div[39m
          [33mclass[39m=[32m&quot;portfolio-summary&quot;[39m
        [36m&gt;[39m
          [36m&lt;div[39m
            [33mdata-testid[39m=[32m&quot;total-btc&quot;[39m
          [36m&gt;[39m
            [0mTotal BTC: [0m
            [0m0.5[0m
          [36m&lt;/div&gt;[39m
          [36m&lt;div[39m
            [33mdata-testid[39m=[32m&quot;total-usd&quot;[39m
          [36m&gt;[39m
            [0mTotal USD: $[0m
            [0m22500[0m
          [36m&lt;/div&gt;[39m
          [36m&lt;div[39m
            [33mdata-testid[39m=[32m&quot;address-count&quot;[39m
          [36m&gt;[39m
            [0mAddresses: [0m
            [0m3[0m
          [36m&lt;/div&gt;[39m
        [36m&lt;/div&gt;[39m
        [36m&lt;button[39m
          [33mdata-testid[39m=[32m&quot;refresh-portfolio&quot;[39m
        [36m&gt;[39m
          [0mRefresh Portfolio[0m
        [36m&lt;/button&gt;[39m
      [36m&lt;/div&gt;[39m
      [36m&lt;div[39m
        [33mclass[39m=[32m&quot;node-handles&quot;[39m
      [36m&gt;[39m
        [36m&lt;div[39m
          [33mclass[39m=[32m&quot;output-handle&quot;[39m
          [33mdata-testid[39m=[32m&quot;portfolio-output&quot;[39m
        [36m&gt;[39m
          [0mOutput[0m
        [36m&lt;/div&gt;[39m
      [36m&lt;/div&gt;[39m
    [36m&lt;/div&gt;[39m
  [36m&lt;/div&gt;[39m
  [36m&lt;div&gt;[39m
    [36m&lt;div[39m
      [33mclass[39m=[32m&quot;bitcoin-node portfolio-node&quot;[39m
      [33mdata-testid[39m=[32m&quot;bitcoin-portfolio-portfolio-1&quot;[39m
    [36m&gt;[39m
      [36m&lt;div[39m
        [33mclass[39m=[32m&quot;node-header&quot;[39m
      [36m&gt;[39m
        [36m&lt;span[39m
          [33mclass[39m=[32m&quot;node-icon&quot;[39m
        [36m&gt;[39m
          [0m₿[0m
        [36m&lt;/span&gt;[39m
        [36m&lt;span[39m
          [33mclass[39m=[32m&quot;node-title&quot;[39m
        [36m&gt;[39m
          [0mBitcoin Portfolio[0m
        [36m&lt;/span&gt;[39m
      [36m&lt;/div&gt;[39m
      [36m&lt;div[39m
        [33mclass[39m=[32m&quot;node-content&quot;[39m
      [36m&gt;[39m
        [36m&lt;div[39m
          [33mclass[39m=[32m&quot;portfolio-summary&quot;[39m
        [36m&gt;[39m
          [36m&lt;div[39m
            [33mdata-testid[39m=[32m&quot;total-btc&quot;[39m
          [36m&gt;[39m
            [0mTotal BTC: [0m
            [0m0.5[0m
          [36m&lt;/div&gt;[39m
          [36m&lt;div[39m
            [33mdata-testid[39m=[32m&quot;total-usd&quot;[39m
          [36m&gt;[39m
            [0mTotal USD: $[0m
            [0m0[0m
          [36m&lt;/div&gt;[39m
          [36m&lt;div[39m
            [33mdata-testid[39m=[32m&quot;address-count&quot;[39m
          [36m&gt;[39m
            [0mAddresses: [0m
            [0m0[0m
          [36m&lt;/div&gt;[39m
        [36m&lt;/div&gt;[39m
        [36m&lt;button[39m
          [33mdata-testid[39m=[32m&quot;refresh-portfolio&quot;[39m
        [36m&gt;[39m
          [0mRefresh Portfolio[0m
        [36m&lt;/button&gt;[39m
      [36m&lt;/div&gt;[39m
      [36m&lt;div[39m
        [33mclass[39m=[32m&quot;node-handles&quot;[39m
      [36m&gt;[39m
        [36m&lt;div[39m
          [33mclass[39m=[32m&quot;output-handle&quot;[39m
          [33mdata-testid[39m=[32m&quot;portfolio-output&quot;[39m
        [36m&gt;[39m
          [0mOutput[0m
        [36m&lt;/div&gt;[39m
      [36m&lt;/div&gt;[39m
    [36m&lt;/div&gt;[39m
  [36m&lt;/div&gt;[39m
  [36m&lt;div&gt;[39m
    [36m&lt;div[39m
      [33mclass[39m=[32m&quot;bitcoin-node portfolio-node&quot;[39m
      [33mdata-testid[39m=[32m&quot;bitcoin-portfolio-portfolio-1&quot;[39m
    [36m&gt;[39m
      [36m&lt;div[39m
        [33mclass[39m=[32m&quot;node-header&quot;[39m
      [36m&gt;[39m
        [36m&lt;span[39m
          [33mclass[39m=[32m&quot;node-icon&quot;[39m
        [36m&gt;[39m
          [0m₿[0m
        [36m&lt;/span&gt;[39m
        [36m&lt;span[39m
          [33mclass[39m=[32m&quot;node-title&quot;[39m
        [36m&gt;[39m
          [0mBitcoin Portfolio[0m
        [36m&lt;/span&gt;[39m
      [36m&lt;/div&gt;[39m
      [36m&lt;div[39m
        [33mclass[39m=[32m&quot;node-content&quot;[39m
      [36m&gt;[39m
        [36m&lt;div[39m
          [33mclass[39m=[32m&quot;portfolio-summary&quot;[39m
        [36m&gt;[39m
          [36m&lt;div[39m
            [33mdata-testid[39m=[32m&quot;total-btc&quot;[39m
          [36m&gt;[39m
            [0mTotal BTC: [0m
            [0m0[0m
          [36m&lt;/div&gt;[39m
          [36m&lt;div[39m
            [33mdata-testid[39m=[32m&quot;total-usd&quot;[39m
          [36m&gt;[39m
            [0mTotal USD: $[0m
            [0m0[0m
          [36m&lt;/div&gt;[39m
          [36m&lt;div[39m
            [33mdata-testid[39m=[32m&quot;address-count&quot;[39m
          [36m&gt;[39m
            [0mAddresses: [0m
            [0m0[0m
          [36m&lt;/div&gt;[39m
        [36m&lt;/div&gt;[39m
        [36m&lt;button[39m
          [33mdata-testid[39m=[32m&quot;refresh-portfolio&quot;[39m
        [36m&gt;[39m
          [0mRefresh Portfolio[0m
        [36m&lt;/button&gt;[39m
      [36m&lt;/div&gt;[39m
      [36m&lt;div[39m
        [33mclass[39m=[32m&quot;node-handles&quot;[39m
      [36m&gt;[39m
        [36m&lt;div[39m
          [33mclass[39m=[32m&quot;output-handle&quot;[39m
          [33mdata-testid[39m=[32m&quot;portfolio-output&quot;[39m
        [36m&gt;[39m
          [0mOutput[0m
        [36m&lt;/div&gt;[39m
      [36m&lt;/div&gt;[39m
    [36m&lt;/div&gt;[39m
  [36m&lt;/div&gt;[39m
  [36m&lt;div&gt;[39m
    [36m&lt;div[39m
      [33mclass[39m=[32m&quot;bitcoin-node send-node&quot;[39m
      [33mdata-testid[39m=[32m&quot;bitcoin-send-send-1&quot;[39m
    [36m&gt;[39m
      [36m&lt;div[39m
        [33mclass[39m=[32m&quot;node-header&quot;[39m
      [36m&gt;[39m
        [36m&lt;span[39m
          [33mclass[39m=[32m&quot;node-icon&quot;[39m
        [36m&gt;[39m
          [0m💸[0m
        [36m&lt;/span&gt;[39m
        [36m&lt;span[39m
          [33mclass[39m=[32m&quot;node-title&quot;[39m
        [36m&gt;[39m
          [0mSend Bitcoin[0m
        [36m&lt;/span&gt;[39m
      [36m&lt;/div&gt;[39m
      [36m&lt;div[39m
        [33mclass[39m=[32m&quot;node-content&quot;[39m
      [36m&gt;[39m
        [36m&lt;div[39m
          [33mclass[39m=[32m&quot;form-group&quot;[39m
        [36m&gt;[39m
          [36m&lt;label[39m
            [33mfor[39m=[32m&quot;to-address-send-1&quot;[39m
          [36m&gt;[39m
            [0mTo Address:[0m
          [36m&lt;/label&gt;[39m
          [36m&lt;input[39m
            [33mdata-testid[39m=[32m&quot;to-address-input&quot;[39m
            [33mid[39m=[32m&quot;to-address-send-1&quot;[39m
            [33mplaceholder[39m=[32m&quot;Enter Bitcoin address&quot;[39m
            [33mtype[39m=[32m&quot;text&quot;[39m
            [33mvalue[39m=[32m&quot;1A1zP1eP5QGefi2DMPTfTL5SLmv7DivfNa&quot;[39m
          [36m/&gt;[39m
        [36m&lt;/div&gt;[39m
        [36m&lt;div[39m
          [33mclass[39m=[32m&quot;form-group&quot;[39m
        [36m&gt;[39m
          [36m&lt;label[39m
            [33mfor[39m=[32m&quot;amount-send-1&quot;[39m
          [36m&gt;[39m
            [0mAmount (satoshis):[0m
          [36m&lt;/label&gt;[39m
          [36m&lt;input[39m
            [33mdata-testid[39m=[32m&quot;amount-input&quot;[39m
            [33mid[39m=[32m&quot;amount-send-1&quot;[39m
            [33mplaceholder[39m=[32m&quot;Amount in satoshis&quot;[39m
            [33mtype[39m=[32m&quot;number&quot;[39m
            [33mvalue[39m=[32m&quot;100000&quot;[39m
          [36m/&gt;[39m
        [36m&lt;/div&gt;[39m
        [36m&lt;div[39m
          [33mclass[39m=[32m&quot;form-group&quot;[39m
        [36m&gt;[39m
          [36m&lt;label[39m
            [33mfor[39m=[32m&quot;fee-send-1&quot;[39m
          [36m&gt;[39m
            [0mFee Priority:[0m
          [36m&lt;/label&gt;[39m
          [36m&lt;select[39m
            [33mdata-testid[39m=[32m&quot;fee-priority-select&quot;[39m
            [33mid[39m=[32m&quot;fee-send-1&quot;[39m
          [36m&gt;[39m
            [36m&lt;option[39m
              [33mvalue[39m=[32m&quot;Low&quot;[39m
            [36m&gt;[39m
              [0mLow (~60 min)[0m
            [36m&lt;/option&gt;[39m
            [36m&lt;option[39m
              [33mvalue[39m=[32m&quot;Medium&quot;[39m
            [36m&gt;[39m
              [0mMedium (~30 min)[0m
            [36m&lt;/option&gt;[39m
            [36m&lt;option[39m
              [33mvalue[39m=[32m&quot;High&quot;[39m
            [36m&gt;[39m
              [0mHigh (~10 min)[0m
            [36m&lt;/option&gt;[39m
            [36m&lt;option[39m
              [33mvalue[39m=[32m&quot;Urgent&quot;[39m
            [36m&gt;[39m
              [0mUrgent (~5 min)[0m
            [36m&lt;/option&gt;[39m
          [36m&lt;/select&gt;[39m
        [36m&lt;/div&gt;[39m
      [36m&lt;/div&gt;[39m
      [36m&lt;div[39m
        [33mclass[39m=[32m&quot;node-handles&quot;[39m
      [36m&gt;[39m
        [36m&lt;div[39m
          [33mclass[39m=[32m&quot;input-handle&quot;[39m
          [33mdata-testid[39m=[32m&quot;send-input&quot;[39m
        [36m&gt;[39m
          [0mInput[0m
        [36m&lt;/div&gt;[39m
        [36m&lt;div[39m
          [33mclass[39m=[32m&quot;output-handle&quot;[39m
          [33mdata-testid[39m=[32m&quot;send-output&quot;[39m
        [36m&gt;[39m
          [0mOutput[0m
        [36m&lt;/div&gt;[39m
      [36m&lt;/div&gt;[39m
    [36m&lt;/div&gt;[39m
  [36m&lt;/div&gt;[39m
  [36m&lt;div&gt;[39m
    [36m&lt;div[39m
      [33mclass[39m=[32m&quot;bitcoin-node send-node&quot;[39m
      [33mdata-testid[39m=[32m&quot;bitcoin-send-send-1&quot;[39m
    [36m&gt;[39m
      [36m&lt;div[39m
        [33mclass[39m=[32m&quot;node-header&quot;[39m
      [36m&gt;[39m
        [36m&lt;span[39m
          [33mclass[39m=[32m&quot;node-icon&quot;[39m
        [36m&gt;[39m
          [0m💸[0m
        [36m&lt;/span&gt;[39m
        [36m&lt;span[39m
          [33mclass[39m=[32m&quot;node-title&quot;[39m
        [36m&gt;[39m
          [0mSend Bitcoin[0m
        [36m&lt;/span&gt;[39m
      [36m&lt;/div&gt;[39m
      [36m&lt;div[39m
        [33mclass[39m=[32m&quot;node-content&quot;[39m
      [36m&gt;[39m
        [36m&lt;div[39m
          [33mclass[39m=[32m&quot;form-group&quot;[39m
        [36m&gt;[39m
          [36m&lt;label[39m
            [33mfor[39m=[32m&quot;to-address-send-1&quot;[39m
          [36m&gt;[39m
            [0mTo Address:[0m
          [36m&lt;/label&gt;[39m
          [36m&lt;input[39m
            [33mdata-testid[39m=[32m&quot;to-address-input&quot;[39m
            [33mid[39m=[32m&quot;to-address-send-1&quot;[39m
            [33mplaceholder[39m=[32m&quot;Enter Bitcoin address&quot;[39m
            [33mtype[39m=[32m&quot;text&quot;[39m
            [33mvalue[39m=[32m&quot;&quot;[39m
          [36m/&gt;[39m
        [36m&lt;/div&gt;[39m
        [36m&lt;div[39m
          [33mclass[39m=[32m&quot;form-group&quot;[39m
        [36m&gt;[39m
          [36m&lt;label[39m
            [33mfor[39m=[32m&quot;amount-send-1&quot;[39m
          [36m&gt;[39m
            [0mAmount (satoshis):[0m
          [36m&lt;/label&gt;[39m
          [36m&lt;input[39m
            [33mdata-testid[39m=[32m&quot;amount-input&quot;[39m
            [33mid[39m=[32m&quot;amount-send-1&quot;[39m
            [33mplaceholder[39m=[32m&quot;Amount in satoshis&quot;[39m
            [33mtype[39m=[32m&quot;number&quot;[39m
            [33mvalue[39m=[32m&quot;&quot;[39m
          [36m/&gt;[39m
        [36m&lt;/div&gt;[39m
        [36m&lt;div[39m
          [33mclass[39m=[32m&quot;form-group&quot;[39m
        [36m&gt;[39m
          [36m&lt;label[39m
            [33mfor[39m=[32m&quot;fee-send-1&quot;[39m
          [36m&gt;[39m
            [0mFee Priority:[0m
          [36m&lt;/label&gt;[39m
          [36m&lt;select[39m
            [33mdata-testid[39m=[32m&quot;fee-priority-select&quot;[39m
            [33mid[39m=[32m&quot;fee-send-1&quot;[39m
          [36m&gt;[39m
            [36m&lt;option[39m
              [33mvalue[39m=[32m&quot;Low&quot;[39m
            [36m&gt;[39m
              [0mLow (~60 min)[0m
            [36m&lt;/option&gt;[39m
            [36m&lt;option[39m
              [33mvalue[39m=[32m&quot;Medium&quot;[39m
            [36m&gt;[39m
              [0mMedium (~30 min)[0m
            [36m&lt;/option&gt;[39m
            [36m&lt;option[39m
              [33mvalue[39m=[32m&quot;High&quot;[39m
            [36m&gt;[39m
              [0mHigh (~10 min)[0m
            [36m&lt;/option&gt;[39m
            [36m&lt;option[39m
              [33mvalue[39m=[32m&quot;Urgent&quot;[39m
            [36m&gt;[39m
              [0mUrgent (~5 min)[0m
            [36m&lt;/option&gt;[39m
          [36m&lt;/select&gt;[39m
        [36m&lt;/div&gt;[39m
      [36m&lt;/div&gt;[39m
      [36m&lt;div[39m
        [33mclass[39m=[32m&quot;node-handles&quot;[39m
      [36m&gt;[39m
        [36m&lt;div[39m
          [33mclass[39m=[32m&quot;input-handle&quot;[39m
          [33mdata-testid[39m=[32m&quot;send-input&quot;[39m
        [36m&gt;[39m
          [0mInput[0m
        [36m&lt;/div&gt;[39m
        [36m&lt;div[39m
          [33mclass[39m=[32m&quot;output-handle&quot;[39m
          [33mdata-testid[39m=[32m&quot;send-output&quot;[39m
        [36m&gt;[39m
          [0mOutput[0m
        [36m&lt;/div&gt;[39m
      [36m&lt;/div&gt;[39m
    [36m&lt;/div&gt;[39m
  [36m&lt;/div&gt;[39m
[36m&lt;/body&gt;[39m" type="TestingLibraryElementError">
TestingLibraryElementError: Found multiple elements by: [data-testid=&quot;to-address-input&quot;]

Here are the matching elements:

Ignored nodes: comments, script, style
&lt;input
  data-testid=&quot;to-address-input&quot;
  id=&quot;to-address-send-1&quot;
  placeholder=&quot;Enter Bitcoin address&quot;
  type=&quot;text&quot;
  value=&quot;1A1zP1eP5QGefi2DMPTfTL5SLmv7DivfNa&quot;
/&gt;

Ignored nodes: comments, script, style
&lt;input
  data-testid=&quot;to-address-input&quot;
  id=&quot;to-address-send-1&quot;
  placeholder=&quot;Enter Bitcoin address&quot;
  type=&quot;text&quot;
  value=&quot;&quot;
/&gt;

(If this is intentional, then use the `*AllBy*` variant of the query (like `queryAllByText`, `getAllByText`, or `findAllByText`)).

Ignored nodes: comments, script, style
&lt;body&gt;
  &lt;div&gt;
    &lt;div
      class=&quot;bitcoin-node portfolio-node&quot;
      data-testid=&quot;bitcoin-portfolio-portfolio-1&quot;
    &gt;
      &lt;div
        class=&quot;node-header&quot;
      &gt;
        &lt;span
          class=&quot;node-icon&quot;
        &gt;
          ₿
        &lt;/span&gt;
        &lt;span
          class=&quot;node-title&quot;
        &gt;
          Bitcoin Portfolio
        &lt;/span&gt;
      &lt;/div&gt;
      &lt;div
        class=&quot;node-content&quot;
      &gt;
        &lt;div
          class=&quot;portfolio-summary&quot;
        &gt;
          &lt;div
            data-testid=&quot;total-btc&quot;
          &gt;
            Total BTC: 
            0.5
          &lt;/div&gt;
          &lt;div
            data-testid=&quot;total-usd&quot;
          &gt;
            Total USD: $
            22500
          &lt;/div&gt;
          &lt;div
            data-testid=&quot;address-count&quot;
          &gt;
            Addresses: 
            3
          &lt;/div&gt;
        &lt;/div&gt;
        &lt;button
          data-testid=&quot;refresh-portfolio&quot;
        &gt;
          Refresh Portfolio
        &lt;/button&gt;
      &lt;/div&gt;
      &lt;div
        class=&quot;node-handles&quot;
      &gt;
        &lt;div
          class=&quot;output-handle&quot;
          data-testid=&quot;portfolio-output&quot;
        &gt;
          Output
        &lt;/div&gt;
      &lt;/div&gt;
    &lt;/div&gt;
  &lt;/div&gt;
  &lt;div&gt;
    &lt;div
      class=&quot;bitcoin-node portfolio-node&quot;
      data-testid=&quot;bitcoin-portfolio-portfolio-1&quot;
    &gt;
      &lt;div
        class=&quot;node-header&quot;
      &gt;
        &lt;span
          class=&quot;node-icon&quot;
        &gt;
          ₿
        &lt;/span&gt;
        &lt;span
          class=&quot;node-title&quot;
        &gt;
          Bitcoin Portfolio
        &lt;/span&gt;
      &lt;/div&gt;
      &lt;div
        class=&quot;node-content&quot;
      &gt;
        &lt;div
          class=&quot;portfolio-summary&quot;
        &gt;
          &lt;div
            data-testid=&quot;total-btc&quot;
          &gt;
            Total BTC: 
            0.5
          &lt;/div&gt;
          &lt;div
            data-testid=&quot;total-usd&quot;
          &gt;
            Total USD: $
            0
          &lt;/div&gt;
          &lt;div
            data-testid=&quot;address-count&quot;
          &gt;
            Addresses: 
            0
          &lt;/div&gt;
        &lt;/div&gt;
        &lt;button
          data-testid=&quot;refresh-portfolio&quot;
        &gt;
          Refresh Portfolio
        &lt;/button&gt;
      &lt;/div&gt;
      &lt;div
        class=&quot;node-handles&quot;
      &gt;
        &lt;div
          class=&quot;output-handle&quot;
          data-testid=&quot;portfolio-output&quot;
        &gt;
          Output
        &lt;/div&gt;
      &lt;/div&gt;
    &lt;/div&gt;
  &lt;/div&gt;
  &lt;div&gt;
    &lt;div
      class=&quot;bitcoin-node portfolio-node&quot;
      data-testid=&quot;bitcoin-portfolio-portfolio-1&quot;
    &gt;
      &lt;div
        class=&quot;node-header&quot;
      &gt;
        &lt;span
          class=&quot;node-icon&quot;
        &gt;
          ₿
        &lt;/span&gt;
        &lt;span
          class=&quot;node-title&quot;
        &gt;
          Bitcoin Portfolio
        &lt;/span&gt;
      &lt;/div&gt;
      &lt;div
        class=&quot;node-content&quot;
      &gt;
        &lt;div
          class=&quot;portfolio-summary&quot;
        &gt;
          &lt;div
            data-testid=&quot;total-btc&quot;
          &gt;
            Total BTC: 
            0
          &lt;/div&gt;
          &lt;div
            data-testid=&quot;total-usd&quot;
          &gt;
            Total USD: $
            0
          &lt;/div&gt;
          &lt;div
            data-testid=&quot;address-count&quot;
          &gt;
            Addresses: 
            0
          &lt;/div&gt;
        &lt;/div&gt;
        &lt;button
          data-testid=&quot;refresh-portfolio&quot;
        &gt;
          Refresh Portfolio
        &lt;/button&gt;
      &lt;/div&gt;
      &lt;div
        class=&quot;node-handles&quot;
      &gt;
        &lt;div
          class=&quot;output-handle&quot;
          data-testid=&quot;portfolio-output&quot;
        &gt;
          Output
        &lt;/div&gt;
      &lt;/div&gt;
    &lt;/div&gt;
  &lt;/div&gt;
  &lt;div&gt;
    &lt;div
      class=&quot;bitcoin-node send-node&quot;
      data-testid=&quot;bitcoin-send-send-1&quot;
    &gt;
      &lt;div
        class=&quot;node-header&quot;
      &gt;
        &lt;span
          class=&quot;node-icon&quot;
        &gt;
          💸
        &lt;/span&gt;
        &lt;span
          class=&quot;node-title&quot;
        &gt;
          Send Bitcoin
        &lt;/span&gt;
      &lt;/div&gt;
      &lt;div
        class=&quot;node-content&quot;
      &gt;
        &lt;div
          class=&quot;form-group&quot;
        &gt;
          &lt;label
            for=&quot;to-address-send-1&quot;
          &gt;
            To Address:
          &lt;/label&gt;
          &lt;input
            data-testid=&quot;to-address-input&quot;
            id=&quot;to-address-send-1&quot;
            placeholder=&quot;Enter Bitcoin address&quot;
            type=&quot;text&quot;
            value=&quot;1A1zP1eP5QGefi2DMPTfTL5SLmv7DivfNa&quot;
          /&gt;
        &lt;/div&gt;
        &lt;div
          class=&quot;form-group&quot;
        &gt;
          &lt;label
            for=&quot;amount-send-1&quot;
          &gt;
            Amount (satoshis):
          &lt;/label&gt;
          &lt;input
            data-testid=&quot;amount-input&quot;
            id=&quot;amount-send-1&quot;
            placeholder=&quot;Amount in satoshis&quot;
            type=&quot;number&quot;
            value=&quot;100000&quot;
          /&gt;
        &lt;/div&gt;
        &lt;div
          class=&quot;form-group&quot;
        &gt;
          &lt;label
            for=&quot;fee-send-1&quot;
          &gt;
            Fee Priority:
          &lt;/label&gt;
          &lt;select
            data-testid=&quot;fee-priority-select&quot;
            id=&quot;fee-send-1&quot;
          &gt;
            &lt;option
              value=&quot;Low&quot;
            &gt;
              Low (~60 min)
            &lt;/option&gt;
            &lt;option
              value=&quot;Medium&quot;
            &gt;
              Medium (~30 min)
            &lt;/option&gt;
            &lt;option
              value=&quot;High&quot;
            &gt;
              High (~10 min)
            &lt;/option&gt;
            &lt;option
              value=&quot;Urgent&quot;
            &gt;
              Urgent (~5 min)
            &lt;/option&gt;
          &lt;/select&gt;
        &lt;/div&gt;
      &lt;/div&gt;
      &lt;div
        class=&quot;node-handles&quot;
      &gt;
        &lt;div
          class=&quot;input-handle&quot;
          data-testid=&quot;send-input&quot;
        &gt;
          Input
        &lt;/div&gt;
        &lt;div
          class=&quot;output-handle&quot;
          data-testid=&quot;send-output&quot;
        &gt;
          Output
        &lt;/div&gt;
      &lt;/div&gt;
    &lt;/div&gt;
  &lt;/div&gt;
  &lt;div&gt;
    &lt;div
      class=&quot;bitcoin-node send-node&quot;
      data-testid=&quot;bitcoin-send-send-1&quot;
    &gt;
      &lt;div
        class=&quot;node-header&quot;
      &gt;
        &lt;span
          class=&quot;node-icon&quot;
        &gt;
          💸
        &lt;/span&gt;
        &lt;span
          class=&quot;node-title&quot;
        &gt;
          Send Bitcoin
        &lt;/span&gt;
      &lt;/div&gt;
      &lt;div
        class=&quot;node-content&quot;
      &gt;
        &lt;div
          class=&quot;form-group&quot;
        &gt;
          &lt;label
            for=&quot;to-address-send-1&quot;
          &gt;
            To Address:
          &lt;/label&gt;
          &lt;input
            data-testid=&quot;to-address-input&quot;
            id=&quot;to-address-send-1&quot;
            placeholder=&quot;Enter Bitcoin address&quot;
            type=&quot;text&quot;
            value=&quot;&quot;
          /&gt;
        &lt;/div&gt;
        &lt;div
          class=&quot;form-group&quot;
        &gt;
          &lt;label
            for=&quot;amount-send-1&quot;
          &gt;
            Amount (satoshis):
          &lt;/label&gt;
          &lt;input
            data-testid=&quot;amount-input&quot;
            id=&quot;amount-send-1&quot;
            placeholder=&quot;Amount in satoshis&quot;
            type=&quot;number&quot;
            value=&quot;&quot;
          /&gt;
        &lt;/div&gt;
        &lt;div
          class=&quot;form-group&quot;
        &gt;
          &lt;label
            for=&quot;fee-send-1&quot;
          &gt;
            Fee Priority:
          &lt;/label&gt;
          &lt;select
            data-testid=&quot;fee-priority-select&quot;
            id=&quot;fee-send-1&quot;
          &gt;
            &lt;option
              value=&quot;Low&quot;
            &gt;
              Low (~60 min)
            &lt;/option&gt;
            &lt;option
              value=&quot;Medium&quot;
            &gt;
              Medium (~30 min)
            &lt;/option&gt;
            &lt;option
              value=&quot;High&quot;
            &gt;
              High (~10 min)
            &lt;/option&gt;
            &lt;option
              value=&quot;Urgent&quot;
            &gt;
              Urgent (~5 min)
            &lt;/option&gt;
          &lt;/select&gt;
        &lt;/div&gt;
      &lt;/div&gt;
      &lt;div
        class=&quot;node-handles&quot;
      &gt;
        &lt;div
          class=&quot;input-handle&quot;
          data-testid=&quot;send-input&quot;
        &gt;
          Input
        &lt;/div&gt;
        &lt;div
          class=&quot;output-handle&quot;
          data-testid=&quot;send-output&quot;
        &gt;
          Output
        &lt;/div&gt;
      &lt;/div&gt;
    &lt;/div&gt;
  &lt;/div&gt;
&lt;/body&gt;
 ❯ Object.getElementError ../../node_modules/@testing-library/dom/dist/config.js:37:19
 ❯ getElementError ../../node_modules/@testing-library/dom/dist/query-helpers.js:20:35
 ❯ getMultipleElementsFoundError ../../node_modules/@testing-library/dom/dist/query-helpers.js:23:10
 ❯ ../../node_modules/@testing-library/dom/dist/query-helpers.js:55:13
 ❯ ../../node_modules/@testing-library/dom/dist/query-helpers.js:95:19
 ❯ src/tests/components/BitcoinNodes.test.tsx:342:31
            </failure>
        </testcase>
        <testcase classname="src/tests/components/BitcoinNodes.test.tsx" name="Bitcoin DeFi Workflow Nodes &gt; Bitcoin Send Node &gt; should handle amount input changes" time="0.023371917">
        </testcase>
        <testcase classname="src/tests/components/BitcoinNodes.test.tsx" name="Bitcoin DeFi Workflow Nodes &gt; Bitcoin Send Node &gt; should handle fee priority selection" time="0.02327025">
            <failure message="Found multiple elements by: [data-testid=&quot;fee-priority-select&quot;]

Here are the matching elements:

Ignored nodes: comments, script, style
[36m&lt;select[39m
  [33mdata-testid[39m=[32m&quot;fee-priority-select&quot;[39m
  [33mid[39m=[32m&quot;fee-send-1&quot;[39m
[36m&gt;[39m
  [36m&lt;option[39m
    [33mvalue[39m=[32m&quot;Low&quot;[39m
  [36m&gt;[39m
    [0mLow (~60 min)[0m
  [36m&lt;/option&gt;[39m
  [36m&lt;option[39m
    [33mvalue[39m=[32m&quot;Medium&quot;[39m
  [36m&gt;[39m
    [0mMedium (~30 min)[0m
  [36m&lt;/option&gt;[39m
  [36m&lt;option[39m
    [33mvalue[39m=[32m&quot;High&quot;[39m
  [36m&gt;[39m
    [0mHigh (~10 min)[0m
  [36m&lt;/option&gt;[39m
  [36m&lt;option[39m
    [33mvalue[39m=[32m&quot;Urgent&quot;[39m
  [36m&gt;[39m
    [0mUrgent (~5 min)[0m
  [36m&lt;/option&gt;[39m
[36m&lt;/select&gt;[39m

Ignored nodes: comments, script, style
[36m&lt;select[39m
  [33mdata-testid[39m=[32m&quot;fee-priority-select&quot;[39m
  [33mid[39m=[32m&quot;fee-send-1&quot;[39m
[36m&gt;[39m
  [36m&lt;option[39m
    [33mvalue[39m=[32m&quot;Low&quot;[39m
  [36m&gt;[39m
    [0mLow (~60 min)[0m
  [36m&lt;/option&gt;[39m
  [36m&lt;option[39m
    [33mvalue[39m=[32m&quot;Medium&quot;[39m
  [36m&gt;[39m
    [0mMedium (~30 min)[0m
  [36m&lt;/option&gt;[39m
  [36m&lt;option[39m
    [33mvalue[39m=[32m&quot;High&quot;[39m
  [36m&gt;[39m
    [0mHigh (~10 min)[0m
  [36m&lt;/option&gt;[39m
  [36m&lt;option[39m
    [33mvalue[39m=[32m&quot;Urgent&quot;[39m
  [36m&gt;[39m
    [0mUrgent (~5 min)[0m
  [36m&lt;/option&gt;[39m
[36m&lt;/select&gt;[39m

(If this is intentional, then use the `*AllBy*` variant of the query (like `queryAllByText`, `getAllByText`, or `findAllByText`)).

Ignored nodes: comments, script, style
[36m&lt;body&gt;[39m
  [36m&lt;div&gt;[39m
    [36m&lt;div[39m
      [33mclass[39m=[32m&quot;bitcoin-node send-node&quot;[39m
      [33mdata-testid[39m=[32m&quot;bitcoin-send-send-1&quot;[39m
    [36m&gt;[39m
      [36m&lt;div[39m
        [33mclass[39m=[32m&quot;node-header&quot;[39m
      [36m&gt;[39m
        [36m&lt;span[39m
          [33mclass[39m=[32m&quot;node-icon&quot;[39m
        [36m&gt;[39m
          [0m💸[0m
        [36m&lt;/span&gt;[39m
        [36m&lt;span[39m
          [33mclass[39m=[32m&quot;node-title&quot;[39m
        [36m&gt;[39m
          [0mSend Bitcoin[0m
        [36m&lt;/span&gt;[39m
      [36m&lt;/div&gt;[39m
      [36m&lt;div[39m
        [33mclass[39m=[32m&quot;node-content&quot;[39m
      [36m&gt;[39m
        [36m&lt;div[39m
          [33mclass[39m=[32m&quot;form-group&quot;[39m
        [36m&gt;[39m
          [36m&lt;label[39m
            [33mfor[39m=[32m&quot;to-address-send-1&quot;[39m
          [36m&gt;[39m
            [0mTo Address:[0m
          [36m&lt;/label&gt;[39m
          [36m&lt;input[39m
            [33mdata-testid[39m=[32m&quot;to-address-input&quot;[39m
            [33mid[39m=[32m&quot;to-address-send-1&quot;[39m
            [33mplaceholder[39m=[32m&quot;Enter Bitcoin address&quot;[39m
            [33mtype[39m=[32m&quot;text&quot;[39m
            [33mvalue[39m=[32m&quot;&quot;[39m
          [36m/&gt;[39m
        [36m&lt;/div&gt;[39m
        [36m&lt;div[39m
          [33mclass[39m=[32m&quot;form-group&quot;[39m
        [36m&gt;[39m
          [36m&lt;label[39m
            [33mfor[39m=[32m&quot;amount-send-1&quot;[39m
          [36m&gt;[39m
            [0mAmount (satoshis):[0m
          [36m&lt;/label&gt;[39m
          [36m&lt;input[39m
            [33mdata-testid[39m=[32m&quot;amount-input&quot;[39m
            [33mid[39m=[32m&quot;amount-send-1&quot;[39m
            [33mplaceholder[39m=[32m&quot;Amount in satoshis&quot;[39m
            [33mtype[39m=[32m&quot;number&quot;[39m
            [33mvalue[39m=[32m&quot;&quot;[39m
          [36m/&gt;[39m
        [36m&lt;/div&gt;[39m
        [36m&lt;div[39m
          [33mclass[39m=[32m&quot;form-group&quot;[39m
        [36m&gt;[39m
          [36m&lt;label[39m
            [33mfor[39m=[32m&quot;fee-send-1&quot;[39m
          [36m&gt;[39m
            [0mFee Priority:[0m
          [36m&lt;/label&gt;[39m
          [36m&lt;select[39m
            [33mdata-testid[39m=[32m&quot;fee-priority-select&quot;[39m
            [33mid[39m=[32m&quot;fee-send-1&quot;[39m
          [36m&gt;[39m
            [36m&lt;option[39m
              [33mvalue[39m=[32m&quot;Low&quot;[39m
            [36m&gt;[39m
              [0mLow (~60 min)[0m
            [36m&lt;/option&gt;[39m
            [36m&lt;option[39m
              [33mvalue[39m=[32m&quot;Medium&quot;[39m
            [36m&gt;[39m
              [0mMedium (~30 min)[0m
            [36m&lt;/option&gt;[39m
            [36m&lt;option[39m
              [33mvalue[39m=[32m&quot;High&quot;[39m
            [36m&gt;[39m
              [0mHigh (~10 min)[0m
            [36m&lt;/option&gt;[39m
            [36m&lt;option[39m
              [33mvalue[39m=[32m&quot;Urgent&quot;[39m
            [36m&gt;[39m
              [0mUrgent (~5 min)[0m
            [36m&lt;/option&gt;[39m
          [36m&lt;/select&gt;[39m
        [36m&lt;/div&gt;[39m
      [36m&lt;/div&gt;[39m
      [36m&lt;div[39m
        [33mclass[39m=[32m&quot;node-handles&quot;[39m
      [36m&gt;[39m
        [36m&lt;div[39m
          [33mclass[39m=[32m&quot;input-handle&quot;[39m
          [33mdata-testid[39m=[32m&quot;send-input&quot;[39m
        [36m&gt;[39m
          [0mInput[0m
        [36m&lt;/div&gt;[39m
        [36m&lt;div[39m
          [33mclass[39m=[32m&quot;output-handle&quot;[39m
          [33mdata-testid[39m=[32m&quot;send-output&quot;[39m
        [36m&gt;[39m
          [0mOutput[0m
        [36m&lt;/div&gt;[39m
      [36m&lt;/div&gt;[39m
    [36m&lt;/div&gt;[39m
  [36m&lt;/div&gt;[39m
  [36m&lt;div&gt;[39m
    [36m&lt;div[39m
      [33mclass[39m=[32m&quot;bitcoin-node send-node&quot;[39m
      [33mdata-testid[39m=[32m&quot;bitcoin-send-send-1&quot;[39m
    [36m&gt;[39m
      [36m&lt;div[39m
        [33mclass[39m=[32m&quot;node-header&quot;[39m
      [36m&gt;[39m
        [36m&lt;span[39m
          [33mclass[39m=[32m&quot;node-icon&quot;[39m
        [36m&gt;[39m
          [0m💸[0m
        [36m&lt;/span&gt;[39m
        [36m&lt;span[39m
          [33mclass[39m=[32m&quot;node-title&quot;[39m
        [36m&gt;[39m
          [0mSend Bitcoin[0m
        [36m&lt;/span&gt;[39m
      [36m&lt;/div&gt;[39m
      [36m&lt;div[39m
        [33mclass[39m=[32m&quot;node-content&quot;[39m
      [36m&gt;[39m
        [36m&lt;div[39m
          [33mclass[39m=[32m&quot;form-group&quot;[39m
        [36m&gt;[39m
          [36m&lt;label[39m
            [33mfor[39m=[32m&quot;to-address-send-1&quot;[39m
          [36m&gt;[39m
            [0mTo Address:[0m
          [36m&lt;/label&gt;[39m
          [36m&lt;input[39m
            [33mdata-testid[39m=[32m&quot;to-address-input&quot;[39m
            [33mid[39m=[32m&quot;to-address-send-1&quot;[39m
            [33mplaceholder[39m=[32m&quot;Enter Bitcoin address&quot;[39m
            [33mtype[39m=[32m&quot;text&quot;[39m
            [33mvalue[39m=[32m&quot;&quot;[39m
          [36m/&gt;[39m
        [36m&lt;/div&gt;[39m
        [36m&lt;div[39m
          [33mclass[39m=[32m&quot;form-group&quot;[39m
        [36m&gt;[39m
          [36m&lt;label[39m
            [33mfor[39m=[32m&quot;amount-send-1&quot;[39m
          [36m&gt;[39m
            [0mAmount (satoshis):[0m
          [36m&lt;/label&gt;[39m
          [36m&lt;input[39m
            [33mdata-testid[39m=[32m&quot;amount-input&quot;[39m
            [33mid[39m=[32m&quot;amount-send-1&quot;[39m
            [33mplaceholder[39m=[32m&quot;Amount in satoshis&quot;[39m
            [33mtype[39m=[32m&quot;number&quot;[39m
            [33mvalue[39m=[32m&quot;&quot;[39m
          [36m/&gt;[39m
        [36m&lt;/div&gt;[39m
        [36m&lt;div[39m
          [33mclass[39m=[32m&quot;form-group&quot;[39m
        [36m&gt;[39m
          [36m&lt;label[39m
            [33mfor[39m=[32m&quot;fee-send-1&quot;[39m
          [36m&gt;[39m
            [0mFee Priority:[0m
          [36m&lt;/label&gt;[39m
          [36m&lt;select[39m
            [33mdata-testid[39m=[32m&quot;fee-priority-select&quot;[39m
            [33mid[39m=[32m&quot;fee-send-1&quot;[39m
          [36m&gt;[39m
            [36m&lt;option[39m
              [33mvalue[39m=[32m&quot;Low&quot;[39m
            [36m&gt;[39m
              [0mLow (~60 min)[0m
            [36m&lt;/option&gt;[39m
            [36m&lt;option[39m
              [33mvalue[39m=[32m&quot;Medium&quot;[39m
            [36m&gt;[39m
              [0mMedium (~30 min)[0m
            [36m&lt;/option&gt;[39m
            [36m&lt;option[39m
              [33mvalue[39m=[32m&quot;High&quot;[39m
            [36m&gt;[39m
              [0mHigh (~10 min)[0m
            [36m&lt;/option&gt;[39m
            [36m&lt;option[39m
              [33mvalue[39m=[32m&quot;Urgent&quot;[39m
            [36m&gt;[39m
              [0mUrgent (~5 min)[0m
            [36m&lt;/option&gt;[39m
          [36m&lt;/select&gt;[39m
        [36m&lt;/div&gt;[39m
      [36m&lt;/div&gt;[39m
      [36m&lt;div[39m
        [33mclass[39m=[32m&quot;node-handles&quot;[39m
      [36m&gt;[39m
        [36m&lt;div[39m
          [33mclass[39m=[32m&quot;input-handle&quot;[39m
          [33mdata-testid[39m=[32m&quot;send-input&quot;[39m
        [36m&gt;[39m
          [0mInput[0m
        [36m&lt;/div&gt;[39m
        [36m&lt;div[39m
          [33mclass[39m=[32m&quot;output-handle&quot;[39m
          [33mdata-testid[39m=[32m&quot;send-output&quot;[39m
        [36m&gt;[39m
          [0mOutput[0m
        [36m&lt;/div&gt;[39m
      [36m&lt;/div&gt;[39m
    [36m&lt;/div&gt;[39m
  [36m&lt;/div&gt;[39m
[36m&lt;/body&gt;[39m" type="TestingLibraryElementError">
TestingLibraryElementError: Found multiple elements by: [data-testid=&quot;fee-priority-select&quot;]

Here are the matching elements:

Ignored nodes: comments, script, style
&lt;select
  data-testid=&quot;fee-priority-select&quot;
  id=&quot;fee-send-1&quot;
&gt;
  &lt;option
    value=&quot;Low&quot;
  &gt;
    Low (~60 min)
  &lt;/option&gt;
  &lt;option
    value=&quot;Medium&quot;
  &gt;
    Medium (~30 min)
  &lt;/option&gt;
  &lt;option
    value=&quot;High&quot;
  &gt;
    High (~10 min)
  &lt;/option&gt;
  &lt;option
    value=&quot;Urgent&quot;
  &gt;
    Urgent (~5 min)
  &lt;/option&gt;
&lt;/select&gt;

Ignored nodes: comments, script, style
&lt;select
  data-testid=&quot;fee-priority-select&quot;
  id=&quot;fee-send-1&quot;
&gt;
  &lt;option
    value=&quot;Low&quot;
  &gt;
    Low (~60 min)
  &lt;/option&gt;
  &lt;option
    value=&quot;Medium&quot;
  &gt;
    Medium (~30 min)
  &lt;/option&gt;
  &lt;option
    value=&quot;High&quot;
  &gt;
    High (~10 min)
  &lt;/option&gt;
  &lt;option
    value=&quot;Urgent&quot;
  &gt;
    Urgent (~5 min)
  &lt;/option&gt;
&lt;/select&gt;

(If this is intentional, then use the `*AllBy*` variant of the query (like `queryAllByText`, `getAllByText`, or `findAllByText`)).

Ignored nodes: comments, script, style
&lt;body&gt;
  &lt;div&gt;
    &lt;div
      class=&quot;bitcoin-node send-node&quot;
      data-testid=&quot;bitcoin-send-send-1&quot;
    &gt;
      &lt;div
        class=&quot;node-header&quot;
      &gt;
        &lt;span
          class=&quot;node-icon&quot;
        &gt;
          💸
        &lt;/span&gt;
        &lt;span
          class=&quot;node-title&quot;
        &gt;
          Send Bitcoin
        &lt;/span&gt;
      &lt;/div&gt;
      &lt;div
        class=&quot;node-content&quot;
      &gt;
        &lt;div
          class=&quot;form-group&quot;
        &gt;
          &lt;label
            for=&quot;to-address-send-1&quot;
          &gt;
            To Address:
          &lt;/label&gt;
          &lt;input
            data-testid=&quot;to-address-input&quot;
            id=&quot;to-address-send-1&quot;
            placeholder=&quot;Enter Bitcoin address&quot;
            type=&quot;text&quot;
            value=&quot;&quot;
          /&gt;
        &lt;/div&gt;
        &lt;div
          class=&quot;form-group&quot;
        &gt;
          &lt;label
            for=&quot;amount-send-1&quot;
          &gt;
            Amount (satoshis):
          &lt;/label&gt;
          &lt;input
            data-testid=&quot;amount-input&quot;
            id=&quot;amount-send-1&quot;
            placeholder=&quot;Amount in satoshis&quot;
            type=&quot;number&quot;
            value=&quot;&quot;
          /&gt;
        &lt;/div&gt;
        &lt;div
          class=&quot;form-group&quot;
        &gt;
          &lt;label
            for=&quot;fee-send-1&quot;
          &gt;
            Fee Priority:
          &lt;/label&gt;
          &lt;select
            data-testid=&quot;fee-priority-select&quot;
            id=&quot;fee-send-1&quot;
          &gt;
            &lt;option
              value=&quot;Low&quot;
            &gt;
              Low (~60 min)
            &lt;/option&gt;
            &lt;option
              value=&quot;Medium&quot;
            &gt;
              Medium (~30 min)
            &lt;/option&gt;
            &lt;option
              value=&quot;High&quot;
            &gt;
              High (~10 min)
            &lt;/option&gt;
            &lt;option
              value=&quot;Urgent&quot;
            &gt;
              Urgent (~5 min)
            &lt;/option&gt;
          &lt;/select&gt;
        &lt;/div&gt;
      &lt;/div&gt;
      &lt;div
        class=&quot;node-handles&quot;
      &gt;
        &lt;div
          class=&quot;input-handle&quot;
          data-testid=&quot;send-input&quot;
        &gt;
          Input
        &lt;/div&gt;
        &lt;div
          class=&quot;output-handle&quot;
          data-testid=&quot;send-output&quot;
        &gt;
          Output
        &lt;/div&gt;
      &lt;/div&gt;
    &lt;/div&gt;
  &lt;/div&gt;
  &lt;div&gt;
    &lt;div
      class=&quot;bitcoin-node send-node&quot;
      data-testid=&quot;bitcoin-send-send-1&quot;
    &gt;
      &lt;div
        class=&quot;node-header&quot;
      &gt;
        &lt;span
          class=&quot;node-icon&quot;
        &gt;
          💸
        &lt;/span&gt;
        &lt;span
          class=&quot;node-title&quot;
        &gt;
          Send Bitcoin
        &lt;/span&gt;
      &lt;/div&gt;
      &lt;div
        class=&quot;node-content&quot;
      &gt;
        &lt;div
          class=&quot;form-group&quot;
        &gt;
          &lt;label
            for=&quot;to-address-send-1&quot;
          &gt;
            To Address:
          &lt;/label&gt;
          &lt;input
            data-testid=&quot;to-address-input&quot;
            id=&quot;to-address-send-1&quot;
            placeholder=&quot;Enter Bitcoin address&quot;
            type=&quot;text&quot;
            value=&quot;&quot;
          /&gt;
        &lt;/div&gt;
        &lt;div
          class=&quot;form-group&quot;
        &gt;
          &lt;label
            for=&quot;amount-send-1&quot;
          &gt;
            Amount (satoshis):
          &lt;/label&gt;
          &lt;input
            data-testid=&quot;amount-input&quot;
            id=&quot;amount-send-1&quot;
            placeholder=&quot;Amount in satoshis&quot;
            type=&quot;number&quot;
            value=&quot;&quot;
          /&gt;
        &lt;/div&gt;
        &lt;div
          class=&quot;form-group&quot;
        &gt;
          &lt;label
            for=&quot;fee-send-1&quot;
          &gt;
            Fee Priority:
          &lt;/label&gt;
          &lt;select
            data-testid=&quot;fee-priority-select&quot;
            id=&quot;fee-send-1&quot;
          &gt;
            &lt;option
              value=&quot;Low&quot;
            &gt;
              Low (~60 min)
            &lt;/option&gt;
            &lt;option
              value=&quot;Medium&quot;
            &gt;
              Medium (~30 min)
            &lt;/option&gt;
            &lt;option
              value=&quot;High&quot;
            &gt;
              High (~10 min)
            &lt;/option&gt;
            &lt;option
              value=&quot;Urgent&quot;
            &gt;
              Urgent (~5 min)
            &lt;/option&gt;
          &lt;/select&gt;
        &lt;/div&gt;
      &lt;/div&gt;
      &lt;div
        class=&quot;node-handles&quot;
      &gt;
        &lt;div
          class=&quot;input-handle&quot;
          data-testid=&quot;send-input&quot;
        &gt;
          Input
        &lt;/div&gt;
        &lt;div
          class=&quot;output-handle&quot;
          data-testid=&quot;send-output&quot;
        &gt;
          Output
        &lt;/div&gt;
      &lt;/div&gt;
    &lt;/div&gt;
  &lt;/div&gt;
&lt;/body&gt;
 ❯ Object.getElementError ../../node_modules/@testing-library/dom/dist/config.js:37:19
 ❯ getElementError ../../node_modules/@testing-library/dom/dist/query-helpers.js:20:35
 ❯ getMultipleElementsFoundError ../../node_modules/@testing-library/dom/dist/query-helpers.js:23:10
 ❯ ../../node_modules/@testing-library/dom/dist/query-helpers.js:55:13
 ❯ ../../node_modules/@testing-library/dom/dist/query-helpers.js:95:19
 ❯ src/tests/components/BitcoinNodes.test.tsx:392:31
            </failure>
        </testcase>
        <testcase classname="src/tests/components/BitcoinNodes.test.tsx" name="Bitcoin DeFi Workflow Nodes &gt; Bitcoin Send Node &gt; should handle invalid amount input gracefully" time="0.023251417">
            <failure message="Found multiple elements by: [data-testid=&quot;amount-input&quot;]

Here are the matching elements:

Ignored nodes: comments, script, style
[36m&lt;input[39m
  [33mdata-testid[39m=[32m&quot;amount-input&quot;[39m
  [33mid[39m=[32m&quot;amount-send-1&quot;[39m
  [33mplaceholder[39m=[32m&quot;Amount in satoshis&quot;[39m
  [33mtype[39m=[32m&quot;number&quot;[39m
  [33mvalue[39m=[32m&quot;&quot;[39m
[36m/&gt;[39m

Ignored nodes: comments, script, style
[36m&lt;input[39m
  [33mdata-testid[39m=[32m&quot;amount-input&quot;[39m
  [33mid[39m=[32m&quot;amount-send-1&quot;[39m
  [33mplaceholder[39m=[32m&quot;Amount in satoshis&quot;[39m
  [33mtype[39m=[32m&quot;number&quot;[39m
  [33mvalue[39m=[32m&quot;&quot;[39m
[36m/&gt;[39m

Ignored nodes: comments, script, style
[36m&lt;input[39m
  [33mdata-testid[39m=[32m&quot;amount-input&quot;[39m
  [33mid[39m=[32m&quot;amount-send-1&quot;[39m
  [33mplaceholder[39m=[32m&quot;Amount in satoshis&quot;[39m
  [33mtype[39m=[32m&quot;number&quot;[39m
  [33mvalue[39m=[32m&quot;&quot;[39m
[36m/&gt;[39m

(If this is intentional, then use the `*AllBy*` variant of the query (like `queryAllByText`, `getAllByText`, or `findAllByText`)).

Ignored nodes: comments, script, style
[36m&lt;body&gt;[39m
  [36m&lt;div&gt;[39m
    [36m&lt;div[39m
      [33mclass[39m=[32m&quot;bitcoin-node send-node&quot;[39m
      [33mdata-testid[39m=[32m&quot;bitcoin-send-send-1&quot;[39m
    [36m&gt;[39m
      [36m&lt;div[39m
        [33mclass[39m=[32m&quot;node-header&quot;[39m
      [36m&gt;[39m
        [36m&lt;span[39m
          [33mclass[39m=[32m&quot;node-icon&quot;[39m
        [36m&gt;[39m
          [0m💸[0m
        [36m&lt;/span&gt;[39m
        [36m&lt;span[39m
          [33mclass[39m=[32m&quot;node-title&quot;[39m
        [36m&gt;[39m
          [0mSend Bitcoin[0m
        [36m&lt;/span&gt;[39m
      [36m&lt;/div&gt;[39m
      [36m&lt;div[39m
        [33mclass[39m=[32m&quot;node-content&quot;[39m
      [36m&gt;[39m
        [36m&lt;div[39m
          [33mclass[39m=[32m&quot;form-group&quot;[39m
        [36m&gt;[39m
          [36m&lt;label[39m
            [33mfor[39m=[32m&quot;to-address-send-1&quot;[39m
          [36m&gt;[39m
            [0mTo Address:[0m
          [36m&lt;/label&gt;[39m
          [36m&lt;input[39m
            [33mdata-testid[39m=[32m&quot;to-address-input&quot;[39m
            [33mid[39m=[32m&quot;to-address-send-1&quot;[39m
            [33mplaceholder[39m=[32m&quot;Enter Bitcoin address&quot;[39m
            [33mtype[39m=[32m&quot;text&quot;[39m
            [33mvalue[39m=[32m&quot;&quot;[39m
          [36m/&gt;[39m
        [36m&lt;/div&gt;[39m
        [36m&lt;div[39m
          [33mclass[39m=[32m&quot;form-group&quot;[39m
        [36m&gt;[39m
          [36m&lt;label[39m
            [33mfor[39m=[32m&quot;amount-send-1&quot;[39m
          [36m&gt;[39m
            [0mAmount (satoshis):[0m
          [36m&lt;/label&gt;[39m
          [36m&lt;input[39m
            [33mdata-testid[39m=[32m&quot;amount-input&quot;[39m
            [33mid[39m=[32m&quot;amount-send-1&quot;[39m
            [33mplaceholder[39m=[32m&quot;Amount in satoshis&quot;[39m
            [33mtype[39m=[32m&quot;number&quot;[39m
            [33mvalue[39m=[32m&quot;&quot;[39m
          [36m/&gt;[39m
        [36m&lt;/div&gt;[39m
        [36m&lt;div[39m
          [33mclass[39m=[32m&quot;form-group&quot;[39m
        [36m&gt;[39m
          [36m&lt;label[39m
            [33mfor[39m=[32m&quot;fee-send-1&quot;[39m
          [36m&gt;[39m
            [0mFee Priority:[0m
          [36m&lt;/label&gt;[39m
          [36m&lt;select[39m
            [33mdata-testid[39m=[32m&quot;fee-priority-select&quot;[39m
            [33mid[39m=[32m&quot;fee-send-1&quot;[39m
          [36m&gt;[39m
            [36m&lt;option[39m
              [33mvalue[39m=[32m&quot;Low&quot;[39m
            [36m&gt;[39m
              [0mLow (~60 min)[0m
            [36m&lt;/option&gt;[39m
            [36m&lt;option[39m
              [33mvalue[39m=[32m&quot;Medium&quot;[39m
            [36m&gt;[39m
              [0mMedium (~30 min)[0m
            [36m&lt;/option&gt;[39m
            [36m&lt;option[39m
              [33mvalue[39m=[32m&quot;High&quot;[39m
            [36m&gt;[39m
              [0mHigh (~10 min)[0m
            [36m&lt;/option&gt;[39m
            [36m&lt;option[39m
              [33mvalue[39m=[32m&quot;Urgent&quot;[39m
            [36m&gt;[39m
              [0mUrgent (~5 min)[0m
            [36m&lt;/option&gt;[39m
          [36m&lt;/select&gt;[39m
        [36m&lt;/div&gt;[39m
      [36m&lt;/div&gt;[39m
      [36m&lt;div[39m
        [33mclass[39m=[32m&quot;node-handles&quot;[39m
      [36m&gt;[39m
        [36m&lt;div[39m
          [33mclass[39m=[32m&quot;input-handle&quot;[39m
          [33mdata-testid[39m=[32m&quot;send-input&quot;[39m
        [36m&gt;[39m
          [0mInput[0m
        [36m&lt;/div&gt;[39m
        [36m&lt;div[39m
          [33mclass[39m=[32m&quot;output-handle&quot;[39m
          [33mdata-testid[39m=[32m&quot;send-output&quot;[39m
        [36m&gt;[39m
          [0mOutput[0m
        [36m&lt;/div&gt;[39m
      [36m&lt;/div&gt;[39m
    [36m&lt;/div&gt;[39m
  [36m&lt;/div&gt;[39m
  [36m&lt;div&gt;[39m
    [36m&lt;div[39m
      [33mclass[39m=[32m&quot;bitcoin-node send-node&quot;[39m
      [33mdata-testid[39m=[32m&quot;bitcoin-send-send-1&quot;[39m
    [36m&gt;[39m
      [36m&lt;div[39m
        [33mclass[39m=[32m&quot;node-header&quot;[39m
      [36m&gt;[39m
        [36m&lt;span[39m
          [33mclass[39m=[32m&quot;node-icon&quot;[39m
        [36m&gt;[39m
          [0m💸[0m
        [36m&lt;/span&gt;[39m
        [36m&lt;span[39m
          [33mclass[39m=[32m&quot;node-title&quot;[39m
        [36m&gt;[39m
          [0mSend Bitcoin[0m
        [36m&lt;/span&gt;[39m
      [36m&lt;/div&gt;[39m
      [36m&lt;div[39m
        [33mclass[39m=[32m&quot;node-content&quot;[39m
      [36m&gt;[39m
        [36m&lt;div[39m
          [33mclass[39m=[32m&quot;form-group&quot;[39m
        [36m&gt;[39m
          [36m&lt;label[39m
            [33mfor[39m=[32m&quot;to-address-send-1&quot;[39m
          [36m&gt;[39m
            [0mTo Address:[0m
          [36m&lt;/label&gt;[39m
          [36m&lt;input[39m
            [33mdata-testid[39m=[32m&quot;to-address-input&quot;[39m
            [33mid[39m=[32m&quot;to-address-send-1&quot;[39m
            [33mplaceholder[39m=[32m&quot;Enter Bitcoin address&quot;[39m
            [33mtype[39m=[32m&quot;text&quot;[39m
            [33mvalue[39m=[32m&quot;&quot;[39m
          [36m/&gt;[39m
        [36m&lt;/div&gt;[39m
        [36m&lt;div[39m
          [33mclass[39m=[32m&quot;form-group&quot;[39m
        [36m&gt;[39m
          [36m&lt;label[39m
            [33mfor[39m=[32m&quot;amount-send-1&quot;[39m
          [36m&gt;[39m
            [0mAmount (satoshis):[0m
          [36m&lt;/label&gt;[39m
          [36m&lt;input[39m
            [33mdata-testid[39m=[32m&quot;amount-input&quot;[39m
            [33mid[39m=[32m&quot;amount-send-1&quot;[39m
            [33mplaceholder[39m=[32m&quot;Amount in satoshis&quot;[39m
            [33mtype[39m=[32m&quot;number&quot;[39m
            [33mvalue[39m=[32m&quot;&quot;[39m
          [36m/&gt;[39m
        [36m&lt;/div&gt;[39m
        [36m&lt;div[39m
          [33mclass[39m=[32m&quot;form-group&quot;[39m
        [36m&gt;[39m
          [36m&lt;label[39m
            [33mfor[39m=[32m&quot;fee-send-1&quot;[39m
          [36m&gt;[39m
            [0mFee Priority:[0m
          [36m&lt;/label&gt;[39m
          [36m&lt;select[39m
            [33mdata-testid[39m=[32m&quot;fee-priority-select&quot;[39m
            [33mid[39m=[32m&quot;fee-send-1&quot;[39m
          [36m&gt;[39m
            [36m&lt;option[39m
              [33mvalue[39m=[32m&quot;Low&quot;[39m
            [36m&gt;[39m
              [0mLow (~60 min)[0m
            [36m&lt;/option&gt;[39m
            [36m&lt;option[39m
              [33mvalue[39m=[32m&quot;Medium&quot;[39m
            [36m&gt;[39m
              [0mMedium (~30 min)[0m
            [36m&lt;/option&gt;[39m
            [36m&lt;option[39m
              [33mvalue[39m=[32m&quot;High&quot;[39m
            [36m&gt;[39m
              [0mHigh (~10 min)[0m
            [36m&lt;/option&gt;[39m
            [36m&lt;option[39m
              [33mvalue[39m=[32m&quot;Urgent&quot;[39m
            [36m&gt;[39m
              [0mUrgent (~5 min)[0m
            [36m&lt;/option&gt;[39m
          [36m&lt;/select&gt;[39m
        [36m&lt;/div&gt;[39m
      [36m&lt;/div&gt;[39m
      [36m&lt;div[39m
        [33mclass[39m=[32m&quot;node-handles&quot;[39m
      [36m&gt;[39m
        [36m&lt;div[39m
          [33mclass[39m=[32m&quot;input-handle&quot;[39m
          [33mdata-testid[39m=[32m&quot;send-input&quot;[39m
        [36m&gt;[39m
          [0mInput[0m
        [36m&lt;/div&gt;[39m
        [36m&lt;div[39m
          [33mclass[39m=[32m&quot;output-handle&quot;[39m
          [33mdata-testid[39m=[32m&quot;send-output&quot;[39m
        [36m&gt;[39m
          [0mOutput[0m
        [36m&lt;/div&gt;[39m
      [36m&lt;/div&gt;[39m
    [36m&lt;/div&gt;[39m
  [36m&lt;/div&gt;[39m
  [36m&lt;div&gt;[39m
    [36m&lt;div[39m
      [33mclass[39m=[32m&quot;bitcoin-node send-node&quot;[39m
      [33mdata-testid[39m=[32m&quot;bitcoin-send-send-1&quot;[39m
    [36m&gt;[39m
      [36m&lt;div[39m
        [33mclass[39m=[32m&quot;node-header&quot;[39m
      [36m&gt;[39m
        [36m&lt;span[39m
          [33mclass[39m=[32m&quot;node-icon&quot;[39m
        [36m&gt;[39m
          [0m💸[0m
        [36m&lt;/span&gt;[39m
        [36m&lt;span[39m
          [33mclass[39m=[32m&quot;node-title&quot;[39m
        [36m&gt;[39m
          [0mSend Bitcoin[0m
        [36m&lt;/span&gt;[39m
      [36m&lt;/div&gt;[39m
      [36m&lt;div[39m
        [33mclass[39m=[32m&quot;node-content&quot;[39m
      [36m&gt;[39m
        [36m&lt;div[39m
          [33mclass[39m=[32m&quot;form-group&quot;[39m
        [36m&gt;[39m
          [36m&lt;label[39m
            [33mfor[39m=[32m&quot;to-address-send-1&quot;[39m
          [36m&gt;[39m
            [0mTo Address:[0m
          [36m&lt;/label&gt;[39m
          [36m&lt;input[39m
            [33mdata-testid[39m=[32m&quot;to-address-input&quot;[39m
            [33mid[39m=[32m&quot;to-address-send-1&quot;[39m
            [33mplaceholder[39m=[32m&quot;Enter Bitcoin address&quot;[39m
            [33mtype[39m=[32m&quot;text&quot;[39m
            [33mvalue[39m=[32m&quot;&quot;[39m
          [36m/&gt;[39m
        [36m&lt;/div&gt;[39m
        [36m&lt;div[39m
          [33mclass[39m=[32m&quot;form-group&quot;[39m
        [36m&gt;[39m
          [36m&lt;label[39m
            [33mfor[39m=[32m&quot;amount-send-1&quot;[39m
          [36m&gt;[39m
            [0mAmount (satoshis):[0m
          [36m&lt;/label&gt;[39m
          [36m&lt;input[39m
            [33mdata-testid[39m=[32m&quot;amount-input&quot;[39m
            [33mid[39m=[32m&quot;amount-send-1&quot;[39m
            [33mplaceholder[39m=[32m&quot;Amount in satoshis&quot;[39m
            [33mtype[39m=[32m&quot;number&quot;[39m
            [33mvalue[39m=[32m&quot;&quot;[39m
          [36m/&gt;[39m
        [36m&lt;/div&gt;[39m
        [36m&lt;div[39m
          [33mclass[39m=[32m&quot;form-group&quot;[39m
        [36m&gt;[39m
          [36m&lt;label[39m
            [33mfor[39m=[32m&quot;fee-send-1&quot;[39m
          [36m&gt;[39m
            [0mFee Priority:[0m
          [36m&lt;/label&gt;[39m
          [36m&lt;select[39m
            [33mdata-testid[39m=[32m&quot;fee-priority-select&quot;[39m
            [33mid[39m=[32m&quot;fee-send-1&quot;[39m
          [36m&gt;[39m
            [36m&lt;option[39m
              [33mvalue[39m=[32m&quot;Low&quot;[39m
            [36m&gt;[39m
              [0mLow (~60 min)[0m
            [36m&lt;/option&gt;[39m
            [36m&lt;option[39m
              [33mvalue[39m=[32m&quot;Medium&quot;[39m
            [36m&gt;[39m
              [0mMedium (~30 min)[0m
            [36m&lt;/option&gt;[39m
            [36m&lt;option[39m
              [33mvalue[39m=[32m&quot;High&quot;[39m
            [36m&gt;[39m
              [0mHigh (~10 min)[0m
            [36m&lt;/option&gt;[39m
            [36m&lt;option[39m
              [33mvalue[39m=[32m&quot;Urgent&quot;[39m
            [36m&gt;[39m
              [0mUrgent (~5 min)[0m
            [36m&lt;/option&gt;[39m
          [36m&lt;/select&gt;[39m
        [36m&lt;/div&gt;[39m
      [36m&lt;/div&gt;[39m
      [36m&lt;div[39m
        [33mclass[39m=[32m&quot;node-handles&quot;[39m
      [36m&gt;[39m
        [36m&lt;div[39m
          [33mclass[39m=[32m&quot;input-handle&quot;[39m
          [33mdata-testid[39m=[32m&quot;send-input&quot;[39m
        [36m&gt;[39m
          [0mInput[0m
        [36m&lt;/div&gt;[39m
        [36m&lt;div[39m
          [33mclass[39m=[32m&quot;output-handle&quot;[39m
          [33mdata-testid[39m=[32m&quot;send-output&quot;[39m
        [36m&gt;[39m
          [0mOutput[0m
        [36m&lt;/div&gt;[39m
      [36m&lt;/div&gt;[39m
    [36m&lt;/div&gt;[39m
  [36m&lt;/div&gt;[39m
[36m&lt;/body&gt;[39m" type="TestingLibraryElementError">
[...]

vi.mock(import(&quot;reactflow&quot;), async (importOriginal) =&gt; {
  const actual = await importOriginal()
  return {
    ...actual,
    // your mocked methods
  }
})

 ❯ WorkflowBuilder src/components/WorkflowBuilder.tsx:36:44
 ❯ renderWithHooks ../../node_modules/react-dom/cjs/react-dom.development.js:15486:18
 ❯ mountIndeterminateComponent ../../node_modules/react-dom/cjs/react-dom.development.js:20103:13
 ❯ beginWork ../../node_modules/react-dom/cjs/react-dom.development.js:21626:16
 ❯ beginWork$1 ../../node_modules/react-dom/cjs/react-dom.development.js:27465:14
 ❯ performUnitOfWork ../../node_modules/react-dom/cjs/react-dom.development.js:26599:12
 ❯ workLoopSync ../../node_modules/react-dom/cjs/react-dom.development.js:26505:5
 ❯ renderRootSync ../../node_modules/react-dom/cjs/react-dom.development.js:26473:7
            </failure>
        </testcase>
        <testcase classname="src/tests/components/WorkflowBuilder.test.tsx" name="WorkflowBuilder &gt; Workflow Validation &gt; should validate workflow structure" time="0.0083835">
            <failure message="[vitest] No &quot;useNodesState&quot; export is defined on the &quot;reactflow&quot; mock. Did you forget to return it from &quot;vi.mock&quot;?
If you need to partially mock a module, you can use &quot;importOriginal&quot; helper inside:
" type="Error">
Error: [vitest] No &quot;useNodesState&quot; export is defined on the &quot;reactflow&quot; mock. Did you forget to return it from &quot;vi.mock&quot;?
If you need to partially mock a module, you can use &quot;importOriginal&quot; helper inside:

vi.mock(import(&quot;reactflow&quot;), async (importOriginal) =&gt; {
  const actual = await importOriginal()
  return {
    ...actual,
    // your mocked methods
  }
})

 ❯ WorkflowBuilder src/components/WorkflowBuilder.tsx:36:44
 ❯ renderWithHooks ../../node_modules/react-dom/cjs/react-dom.development.js:15486:18
 ❯ mountIndeterminateComponent ../../node_modules/react-dom/cjs/react-dom.development.js:20103:13
 ❯ beginWork ../../node_modules/react-dom/cjs/react-dom.development.js:21626:16
 ❯ beginWork$1 ../../node_modules/react-dom/cjs/react-dom.development.js:27465:14
 ❯ performUnitOfWork ../../node_modules/react-dom/cjs/react-dom.development.js:26599:12
 ❯ workLoopSync ../../node_modules/react-dom/cjs/react-dom.development.js:26505:5
 ❯ renderRootSync ../../node_modules/react-dom/cjs/react-dom.development.js:26473:7
            </failure>
        </testcase>
        <testcase classname="src/tests/components/WorkflowBuilder.test.tsx" name="WorkflowBuilder &gt; Workflow Validation &gt; should validate node connections" time="0.008369333">
            <failure message="[vitest] No &quot;useNodesState&quot; export is defined on the &quot;reactflow&quot; mock. Did you forget to return it from &quot;vi.mock&quot;?
If you need to partially mock a module, you can use &quot;importOriginal&quot; helper inside:
" type="Error">
Error: [vitest] No &quot;useNodesState&quot; export is defined on the &quot;reactflow&quot; mock. Did you forget to return it from &quot;vi.mock&quot;?
If you need to partially mock a module, you can use &quot;importOriginal&quot; helper inside:

vi.mock(import(&quot;reactflow&quot;), async (importOriginal) =&gt; {
  const actual = await importOriginal()
  return {
    ...actual,
    // your mocked methods
  }
})

 ❯ WorkflowBuilder src/components/WorkflowBuilder.tsx:36:44
 ❯ renderWithHooks ../../node_modules/react-dom/cjs/react-dom.development.js:15486:18
 ❯ mountIndeterminateComponent ../../node_modules/react-dom/cjs/react-dom.development.js:20103:13
 ❯ beginWork ../../node_modules/react-dom/cjs/react-dom.development.js:21626:16
 ❯ beginWork$1 ../../node_modules/react-dom/cjs/react-dom.development.js:27465:14
 ❯ performUnitOfWork ../../node_modules/react-dom/cjs/react-dom.development.js:26599:12
 ❯ workLoopSync ../../node_modules/react-dom/cjs/react-dom.development.js:26505:5
 ❯ renderRootSync ../../node_modules/react-dom/cjs/react-dom.development.js:26473:7
            </failure>
        </testcase>
        <testcase classname="src/tests/components/WorkflowBuilder.test.tsx" name="WorkflowBuilder &gt; Workflow Validation &gt; should validate node configurations" time="0.008362084">
            <failure message="[vitest] No &quot;useNodesState&quot; export is defined on the &quot;reactflow&quot; mock. Did you forget to return it from &quot;vi.mock&quot;?
If you need to partially mock a module, you can use &quot;importOriginal&quot; helper inside:
" type="Error">
Error: [vitest] No &quot;useNodesState&quot; export is defined on the &quot;reactflow&quot; mock. Did you forget to return it from &quot;vi.mock&quot;?
If you need to partially mock a module, you can use &quot;importOriginal&quot; helper inside:

vi.mock(import(&quot;reactflow&quot;), async (importOriginal) =&gt; {
  const actual = await importOriginal()
  return {
    ...actual,
    // your mocked methods
  }
})

 ❯ WorkflowBuilder src/components/WorkflowBuilder.tsx:36:44
 ❯ renderWithHooks ../../node_modules/react-dom/cjs/react-dom.development.js:15486:18
 ❯ mountIndeterminateComponent ../../node_modules/react-dom/cjs/react-dom.development.js:20103:13
 ❯ beginWork ../../node_modules/react-dom/cjs/react-dom.development.js:21626:16
 ❯ beginWork$1 ../../node_modules/react-dom/cjs/react-dom.development.js:27465:14
 ❯ performUnitOfWork ../../node_modules/react-dom/cjs/react-dom.development.js:26599:12
 ❯ workLoopSync ../../node_modules/react-dom/cjs/react-dom.development.js:26505:5
 ❯ renderRootSync ../../node_modules/react-dom/cjs/react-dom.development.js:26473:7
            </failure>
        </testcase>
        <testcase classname="src/tests/components/WorkflowBuilder.test.tsx" name="WorkflowBuilder &gt; Workflow Validation &gt; should show validation results" time="0.008355875">
            <failure message="[vitest] No &quot;useNodesState&quot; export is defined on the &quot;reactflow&quot; mock. Did you forget to return it from &quot;vi.mock&quot;?
If you need to partially mock a module, you can use &quot;importOriginal&quot; helper inside:
" type="Error">
Error: [vitest] No &quot;useNodesState&quot; export is defined on the &quot;reactflow&quot; mock. Did you forget to return it from &quot;vi.mock&quot;?
If you need to partially mock a module, you can use &quot;importOriginal&quot; helper inside:

vi.mock(import(&quot;reactflow&quot;), async (importOriginal) =&gt; {
  const actual = await importOriginal()
  return {
    ...actual,
    // your mocked methods
  }
})

 ❯ WorkflowBuilder src/components/WorkflowBuilder.tsx:36:44
 ❯ renderWithHooks ../../node_modules/react-dom/cjs/react-dom.development.js:15486:18
 ❯ mountIndeterminateComponent ../../node_modules/react-dom/cjs/react-dom.development.js:20103:13
 ❯ beginWork ../../node_modules/react-dom/cjs/react-dom.development.js:21626:16
 ❯ beginWork$1 ../../node_modules/react-dom/cjs/react-dom.development.js:27465:14
 ❯ performUnitOfWork ../../node_modules/react-dom/cjs/react-dom.development.js:26599:12
 ❯ workLoopSync ../../node_modules/react-dom/cjs/react-dom.development.js:26505:5
 ❯ renderRootSync ../../node_modules/react-dom/cjs/react-dom.development.js:26473:7
            </failure>
        </testcase>
        <testcase classname="src/tests/components/WorkflowBuilder.test.tsx" name="WorkflowBuilder &gt; Accessibility &gt; should be keyboard navigable" time="0.00834625">
            <failure message="[vitest] No &quot;useNodesState&quot; export is defined on the &quot;reactflow&quot; mock. Did you forget to return it from &quot;vi.mock&quot;?
If you need to partially mock a module, you can use &quot;importOriginal&quot; helper inside:
" type="Error">
Error: [vitest] No &quot;useNodesState&quot; export is defined on the &quot;reactflow&quot; mock. Did you forget to return it from &quot;vi.mock&quot;?
If you need to partially mock a module, you can use &quot;importOriginal&quot; helper inside:

vi.mock(import(&quot;reactflow&quot;), async (importOriginal) =&gt; {
  const actual = await importOriginal()
  return {
    ...actual,
    // your mocked methods
  }
})

 ❯ WorkflowBuilder src/components/WorkflowBuilder.tsx:36:44
 ❯ renderWithHooks ../../node_modules/react-dom/cjs/react-dom.development.js:15486:18
 ❯ mountIndeterminateComponent ../../node_modules/react-dom/cjs/react-dom.development.js:20103:13
 ❯ beginWork ../../node_modules/react-dom/cjs/react-dom.development.js:21626:16
 ❯ beginWork$1 ../../node_modules/react-dom/cjs/react-dom.development.js:27465:14
 ❯ performUnitOfWork ../../node_modules/react-dom/cjs/react-dom.development.js:26599:12
 ❯ workLoopSync ../../node_modules/react-dom/cjs/react-dom.development.js:26505:5
 ❯ renderRootSync ../../node_modules/react-dom/cjs/react-dom.development.js:26473:7
            </failure>
        </testcase>
        <testcase classname="src/tests/components/WorkflowBuilder.test.tsx" name="WorkflowBuilder &gt; Accessibility &gt; should have proper ARIA labels" time="0.005105375">
            <failure message="[vitest] No &quot;useNodesState&quot; export is defined on the &quot;reactflow&quot; mock. Did you forget to return it from &quot;vi.mock&quot;?
If you need to partially mock a module, you can use &quot;importOriginal&quot; helper inside:
" type="Error">
Error: [vitest] No &quot;useNodesState&quot; export is defined on the &quot;reactflow&quot; mock. Did you forget to return it from &quot;vi.mock&quot;?
If you need to partially mock a module, you can use &quot;importOriginal&quot; helper inside:

vi.mock(import(&quot;reactflow&quot;), async (importOriginal) =&gt; {
  const actual = await importOriginal()
  return {
    ...actual,
    // your mocked methods
  }
})

 ❯ WorkflowBuilder src/components/WorkflowBuilder.tsx:36:44
 ❯ renderWithHooks ../../node_modules/react-dom/cjs/react-dom.development.js:15486:18
 ❯ mountIndeterminateComponent ../../node_modules/react-dom/cjs/react-dom.development.js:20103:13
 ❯ beginWork ../../node_modules/react-dom/cjs/react-dom.development.js:21626:16
 ❯ beginWork$1 ../../node_modules/react-dom/cjs/react-dom.development.js:27465:14
 ❯ performUnitOfWork ../../node_modules/react-dom/cjs/react-dom.development.js:26599:12
 ❯ workLoopSync ../../node_modules/react-dom/cjs/react-dom.development.js:26505:5
 ❯ renderRootSync ../../node_modules/react-dom/cjs/react-dom.development.js:26473:7
            </failure>
        </testcase>
        <testcase classname="src/tests/components/WorkflowBuilder.test.tsx" name="WorkflowBuilder &gt; Accessibility &gt; should announce status changes to screen readers" time="0.005087791">
            <failure message="[vitest] No &quot;useNodesState&quot; export is defined on the &quot;reactflow&quot; mock. Did you forget to return it from &quot;vi.mock&quot;?
If you need to partially mock a module, you can use &quot;importOriginal&quot; helper inside:
" type="Error">
Error: [vitest] No &quot;useNodesState&quot; export is defined on the &quot;reactflow&quot; mock. Did you forget to return it from &quot;vi.mock&quot;?
If you need to partially mock a module, you can use &quot;importOriginal&quot; helper inside:

vi.mock(import(&quot;reactflow&quot;), async (importOriginal) =&gt; {
  const actual = await importOriginal()
  return {
    ...actual,
    // your mocked methods
  }
})

 ❯ WorkflowBuilder src/components/WorkflowBuilder.tsx:36:44
 ❯ renderWithHooks ../../node_modules/react-dom/cjs/react-dom.development.js:15486:18
 ❯ mountIndeterminateComponent ../../node_modules/react-dom/cjs/react-dom.development.js:20103:13
 ❯ beginWork ../../node_modules/react-dom/cjs/react-dom.development.js:21626:16
 ❯ beginWork$1 ../../node_modules/react-dom/cjs/react-dom.development.js:27465:14
 ❯ performUnitOfWork ../../node_modules/react-dom/cjs/react-dom.development.js:26599:12
 ❯ workLoopSync ../../node_modules/react-dom/cjs/react-dom.development.js:26505:5
 ❯ renderRootSync ../../node_modules/react-dom/cjs/react-dom.development.js:26473:7
            </failure>
        </testcase>
        <testcase classname="src/tests/components/WorkflowBuilder.test.tsx" name="WorkflowBuilder &gt; Performance &gt; should handle large workflows efficiently" time="0.005079125">
            <failure message="[vitest] No &quot;useNodesState&quot; export is defined on the &quot;reactflow&quot; mock. Did you forget to return it from &quot;vi.mock&quot;?
If you need to partially mock a module, you can use &quot;importOriginal&quot; helper inside:
" type="Error">
Error: [vitest] No &quot;useNodesState&quot; export is defined on the &quot;reactflow&quot; mock. Did you forget to return it from &quot;vi.mock&quot;?
If you need to partially mock a module, you can use &quot;importOriginal&quot; helper inside:

vi.mock(import(&quot;reactflow&quot;), async (importOriginal) =&gt; {
  const actual = await importOriginal()
  return {
    ...actual,
    // your mocked methods
  }
})

 ❯ WorkflowBuilder src/components/WorkflowBuilder.tsx:36:44
 ❯ renderWithHooks ../../node_modules/react-dom/cjs/react-dom.development.js:15486:18
 ❯ mountIndeterminateComponent ../../node_modules/react-dom/cjs/react-dom.development.js:20103:13
 ❯ beginWork ../../node_modules/react-dom/cjs/react-dom.development.js:21626:16
 ❯ beginWork$1 ../../node_modules/react-dom/cjs/react-dom.development.js:27465:14
 ❯ performUnitOfWork ../../node_modules/react-dom/cjs/react-dom.development.js:26599:12
 ❯ workLoopSync ../../node_modules/react-dom/cjs/react-dom.development.js:26505:5
 ❯ renderRootSync ../../node_modules/react-dom/cjs/react-dom.development.js:26473:7
            </failure>
        </testcase>
        <testcase classname="src/tests/components/WorkflowBuilder.test.tsx" name="WorkflowBuilder &gt; Performance &gt; should not re-render unnecessarily" time="0.005073">
            <failure message="[vitest] No &quot;useNodesState&quot; export is defined on the &quot;reactflow&quot; mock. Did you forget to return it from &quot;vi.mock&quot;?
If you need to partially mock a module, you can use &quot;importOriginal&quot; helper inside:
" type="Error">
Error: [vitest] No &quot;useNodesState&quot; export is defined on the &quot;reactflow&quot; mock. Did you forget to return it from &quot;vi.mock&quot;?
If you need to partially mock a module, you can use &quot;importOriginal&quot; helper inside:

vi.mock(import(&quot;reactflow&quot;), async (importOriginal) =&gt; {
  const actual = await importOriginal()
  return {
    ...actual,
    // your mocked methods
  }
})

 ❯ WorkflowBuilder src/components/WorkflowBuilder.tsx:36:44
 ❯ renderWithHooks ../../node_modules/react-dom/cjs/react-dom.development.js:15486:18
 ❯ mountIndeterminateComponent ../../node_modules/react-dom/cjs/react-dom.development.js:20103:13
 ❯ beginWork ../../node_modules/react-dom/cjs/react-dom.development.js:21626:16
 ❯ beginWork$1 ../../node_modules/react-dom/cjs/react-dom.development.js:27465:14
 ❯ performUnitOfWork ../../node_modules/react-dom/cjs/react-dom.development.js:26599:12
 ❯ workLoopSync ../../node_modules/react-dom/cjs/react-dom.development.js:26505:5
 ❯ renderRootSync ../../node_modules/react-dom/cjs/react-dom.development.js:26473:7
            </failure>
        </testcase>
        <testcase classname="src/tests/components/WorkflowBuilder.test.tsx" name="WorkflowBuilder &gt; Error Handling &gt; should handle invalid node types gracefully" time="0.005062167">
            <failure message="[vitest] No &quot;useNodesState&quot; export is defined on the &quot;reactflow&quot; mock. Did you forget to return it from &quot;vi.mock&quot;?
If you need to partially mock a module, you can use &quot;importOriginal&quot; helper inside:
" type="Error">
Error: [vitest] No &quot;useNodesState&quot; export is defined on the &quot;reactflow&quot; mock. Did you forget to return it from &quot;vi.mock&quot;?
If you need to partially mock a module, you can use &quot;importOriginal&quot; helper inside:

vi.mock(import(&quot;reactflow&quot;), async (importOriginal) =&gt; {
  const actual = await importOriginal()
  return {
    ...actual,
    // your mocked methods
  }
})

 ❯ WorkflowBuilder src/components/WorkflowBuilder.tsx:36:44
 ❯ renderWithHooks ../../node_modules/react-dom/cjs/react-dom.development.js:15486:18
 ❯ mountIndeterminateComponent ../../node_modules/react-dom/cjs/react-dom.development.js:20103:13
 ❯ beginWork ../../node_modules/react-dom/cjs/react-dom.development.js:21626:16
 ❯ beginWork$1 ../../node_modules/react-dom/cjs/react-dom.development.js:27465:14
 ❯ performUnitOfWork ../../node_modules/react-dom/cjs/react-dom.development.js:26599:12
 ❯ workLoopSync ../../node_modules/react-dom/cjs/react-dom.development.js:26505:5
 ❯ renderRootSync ../../node_modules/react-dom/cjs/react-dom.development.js:26473:7
            </failure>
        </testcase>
        <testcase classname="src/tests/components/WorkflowBuilder.test.tsx" name="WorkflowBuilder &gt; Error Handling &gt; should handle save errors gracefully" time="0.00280225">
            <failure message="[vitest] No &quot;useNodesState&quot; export is defined on the &quot;reactflow&quot; mock. Did you forget to return it from &quot;vi.mock&quot;?
If you need to partially mock a module, you can use &quot;importOriginal&quot; helper inside:
" type="Error">
Error: [vitest] No &quot;useNodesState&quot; export is defined on the &quot;reactflow&quot; mock. Did you forget to return it from &quot;vi.mock&quot;?
If you need to partially mock a module, you can use &quot;importOriginal&quot; helper inside:

vi.mock(import(&quot;reactflow&quot;), async (importOriginal) =&gt; {
  const actual = await importOriginal()
  return {
    ...actual,
    // your mocked methods
  }
})

 ❯ WorkflowBuilder src/components/WorkflowBuilder.tsx:36:44
 ❯ renderWithHooks ../../node_modules/react-dom/cjs/react-dom.development.js:15486:18
 ❯ mountIndeterminateComponent ../../node_modules/react-dom/cjs/react-dom.development.js:20103:13
 ❯ beginWork ../../node_modules/react-dom/cjs/react-dom.development.js:21626:16
 ❯ beginWork$1 ../../node_modules/react-dom/cjs/react-dom.development.js:27465:14
 ❯ performUnitOfWork ../../node_modules/react-dom/cjs/react-dom.development.js:26599:12
 ❯ workLoopSync ../../node_modules/react-dom/cjs/react-dom.development.js:26505:5
 ❯ renderRootSync ../../node_modules/react-dom/cjs/react-dom.development.js:26473:7
            </failure>
        </testcase>
        <testcase classname="src/tests/components/WorkflowBuilder.test.tsx" name="WorkflowBuilder &gt; Error Handling &gt; should recover from component errors" time="0.002781375">
            <failure message="[vitest] No &quot;useNodesState&quot; export is defined on the &quot;reactflow&quot; mock. Did you forget to return it from &quot;vi.mock&quot;?
If you need to partially mock a module, you can use &quot;importOriginal&quot; helper inside:
" type="Error">
Error: [vitest] No &quot;useNodesState&quot; export is defined on the &quot;reactflow&quot; mock. Did you forget to return it from &quot;vi.mock&quot;?
If you need to partially mock a module, you can use &quot;importOriginal&quot; helper inside:

vi.mock(import(&quot;reactflow&quot;), async (importOriginal) =&gt; {
  const actual = await importOriginal()
  return {
    ...actual,
    // your mocked methods
  }
})

 ❯ WorkflowBuilder src/components/WorkflowBuilder.tsx:36:44
 ❯ renderWithHooks ../../node_modules/react-dom/cjs/react-dom.development.js:15486:18
 ❯ mountIndeterminateComponent ../../node_modules/react-dom/cjs/react-dom.development.js:20103:13
 ❯ beginWork ../../node_modules/react-dom/cjs/react-dom.development.js:21626:16
 ❯ beginWork$1 ../../node_modules/react-dom/cjs/react-dom.development.js:27465:14
 ❯ performUnitOfWork ../../node_modules/react-dom/cjs/react-dom.development.js:26599:12
 ❯ workLoopSync ../../node_modules/react-dom/cjs/react-dom.development.js:26505:5
 ❯ renderRootSync ../../node_modules/react-dom/cjs/react-dom.development.js:26473:7
            </failure>
        </testcase>
    </testsuite>
</testsuites>
