<?xml version="1.0" encoding="UTF-8" ?>
<testsuites name="vitest tests" tests="151" failures="86" errors="0" time="6.87297971">
    <testsuite name="src/tests/components/BitcoinNodes.test.tsx" timestamp="2025-08-08T17:10:32.395Z" hostname="macbookair.home" tests="20" failures="9" errors="0" skipped="0" time="0.088035167">
        <testcase classname="src/tests/components/BitcoinNodes.test.tsx" name="Bitcoin DeFi Workflow Nodes &gt; Bitcoin Portfolio Node &gt; should render portfolio node correctly" time="0.04044325">
        </testcase>
        <testcase classname="src/tests/components/BitcoinNodes.test.tsx" name="Bitcoin DeFi Workflow Nodes &gt; Bitcoin Portfolio Node &gt; should handle portfolio refresh" time="0.040242">
            <failure message="Found multiple elements by: [data-testid=&quot;refresh-portfolio&quot;]

Here are the matching elements:

Ignored nodes: comments, script, style
[36m&lt;button[39m
  [33mdata-testid[39m=[32m&quot;refresh-portfolio&quot;[39m
[36m&gt;[39m
  [0mRefresh Portfolio[0m
[36m&lt;/button&gt;[39m

Ignored nodes: comments, script, style
[36m&lt;button[39m
  [33mdata-testid[39m=[32m&quot;refresh-portfolio&quot;[39m
[36m&gt;[39m
  [0mRefresh Portfolio[0m
[36m&lt;/button&gt;[39m

(If this is intentional, then use the `*AllBy*` variant of the query (like `queryAllByText`, `getAllByText`, or `findAllByText`)).

Ignored nodes: comments, script, style
[36m&lt;body&gt;[39m
  [36m&lt;div&gt;[39m
    [36m&lt;div[39m
      [33mclass[39m=[32m&quot;bitcoin-node portfolio-node&quot;[39m
      [33mdata-testid[39m=[32m&quot;bitcoin-portfolio-portfolio-1&quot;[39m
    [36m&gt;[39m
      [36m&lt;div[39m
        [33mclass[39m=[32m&quot;node-header&quot;[39m
      [36m&gt;[39m
        [36m&lt;span[39m
          [33mclass[39m=[32m&quot;node-icon&quot;[39m
        [36m&gt;[39m
          [0m₿[0m
        [36m&lt;/span&gt;[39m
        [36m&lt;span[39m
          [33mclass[39m=[32m&quot;node-title&quot;[39m
        [36m&gt;[39m
          [0mBitcoin Portfolio[0m
        [36m&lt;/span&gt;[39m
      [36m&lt;/div&gt;[39m
      [36m&lt;div[39m
        [33mclass[39m=[32m&quot;node-content&quot;[39m
      [36m&gt;[39m
        [36m&lt;div[39m
          [33mclass[39m=[32m&quot;portfolio-summary&quot;[39m
        [36m&gt;[39m
          [36m&lt;div[39m
            [33mdata-testid[39m=[32m&quot;total-btc&quot;[39m
          [36m&gt;[39m
            [0mTotal BTC: [0m
            [0m0.5[0m
          [36m&lt;/div&gt;[39m
          [36m&lt;div[39m
            [33mdata-testid[39m=[32m&quot;total-usd&quot;[39m
          [36m&gt;[39m
            [0mTotal USD: $[0m
            [0m22500[0m
          [36m&lt;/div&gt;[39m
          [36m&lt;div[39m
            [33mdata-testid[39m=[32m&quot;address-count&quot;[39m
          [36m&gt;[39m
            [0mAddresses: [0m
            [0m3[0m
          [36m&lt;/div&gt;[39m
        [36m&lt;/div&gt;[39m
        [36m&lt;button[39m
          [33mdata-testid[39m=[32m&quot;refresh-portfolio&quot;[39m
        [36m&gt;[39m
          [0mRefresh Portfolio[0m
        [36m&lt;/button&gt;[39m
      [36m&lt;/div&gt;[39m
      [36m&lt;div[39m
        [33mclass[39m=[32m&quot;node-handles&quot;[39m
      [36m&gt;[39m
        [36m&lt;div[39m
          [33mclass[39m=[32m&quot;output-handle&quot;[39m
          [33mdata-testid[39m=[32m&quot;portfolio-output&quot;[39m
        [36m&gt;[39m
          [0mOutput[0m
        [36m&lt;/div&gt;[39m
      [36m&lt;/div&gt;[39m
    [36m&lt;/div&gt;[39m
  [36m&lt;/div&gt;[39m
  [36m&lt;div&gt;[39m
    [36m&lt;div[39m
      [33mclass[39m=[32m&quot;bitcoin-node portfolio-node&quot;[39m
      [33mdata-testid[39m=[32m&quot;bitcoin-portfolio-portfolio-1&quot;[39m
    [36m&gt;[39m
      [36m&lt;div[39m
        [33mclass[39m=[32m&quot;node-header&quot;[39m
      [36m&gt;[39m
        [36m&lt;span[39m
          [33mclass[39m=[32m&quot;node-icon&quot;[39m
        [36m&gt;[39m
          [0m₿[0m
        [36m&lt;/span&gt;[39m
        [36m&lt;span[39m
          [33mclass[39m=[32m&quot;node-title&quot;[39m
        [36m&gt;[39m
          [0mBitcoin Portfolio[0m
        [36m&lt;/span&gt;[39m
      [36m&lt;/div&gt;[39m
      [36m&lt;div[39m
        [33mclass[39m=[32m&quot;node-content&quot;[39m
      [36m&gt;[39m
        [36m&lt;div[39m
          [33mclass[39m=[32m&quot;portfolio-summary&quot;[39m
        [36m&gt;[39m
          [36m&lt;div[39m
            [33mdata-testid[39m=[32m&quot;total-btc&quot;[39m
          [36m&gt;[39m
            [0mTotal BTC: [0m
            [0m0.5[0m
          [36m&lt;/div&gt;[39m
          [36m&lt;div[39m
            [33mdata-testid[39m=[32m&quot;total-usd&quot;[39m
          [36m&gt;[39m
            [0mTotal USD: $[0m
            [0m0[0m
          [36m&lt;/div&gt;[39m
          [36m&lt;div[39m
            [33mdata-testid[39m=[32m&quot;address-count&quot;[39m
          [36m&gt;[39m
            [0mAddresses: [0m
            [0m0[0m
          [36m&lt;/div&gt;[39m
        [36m&lt;/div&gt;[39m
        [36m&lt;button[39m
          [33mdata-testid[39m=[32m&quot;refresh-portfolio&quot;[39m
        [36m&gt;[39m
          [0mRefresh Portfolio[0m
        [36m&lt;/button&gt;[39m
      [36m&lt;/div&gt;[39m
      [36m&lt;div[39m
        [33mclass[39m=[32m&quot;node-handles&quot;[39m
      [36m&gt;[39m
        [36m&lt;div[39m
          [33mclass[39m=[32m&quot;output-handle&quot;[39m
          [33mdata-testid[39m=[32m&quot;portfolio-output&quot;[39m
        [36m&gt;[39m
          [0mOutput[0m
        [36m&lt;/div&gt;[39m
      [36m&lt;/div&gt;[39m
    [36m&lt;/div&gt;[39m
  [36m&lt;/div&gt;[39m
[36m&lt;/body&gt;[39m" type="TestingLibraryElementError">
TestingLibraryElementError: Found multiple elements by: [data-testid=&quot;refresh-portfolio&quot;]

Here are the matching elements:

Ignored nodes: comments, script, style
&lt;button
  data-testid=&quot;refresh-portfolio&quot;
&gt;
  Refresh Portfolio
&lt;/button&gt;

Ignored nodes: comments, script, style
&lt;button
  data-testid=&quot;refresh-portfolio&quot;
&gt;
  Refresh Portfolio
&lt;/button&gt;

(If this is intentional, then use the `*AllBy*` variant of the query (like `queryAllByText`, `getAllByText`, or `findAllByText`)).

Ignored nodes: comments, script, style
&lt;body&gt;
  &lt;div&gt;
    &lt;div
      class=&quot;bitcoin-node portfolio-node&quot;
      data-testid=&quot;bitcoin-portfolio-portfolio-1&quot;
    &gt;
      &lt;div
        class=&quot;node-header&quot;
      &gt;
        &lt;span
          class=&quot;node-icon&quot;
        &gt;
          ₿
        &lt;/span&gt;
        &lt;span
          class=&quot;node-title&quot;
        &gt;
          Bitcoin Portfolio
        &lt;/span&gt;
      &lt;/div&gt;
      &lt;div
        class=&quot;node-content&quot;
      &gt;
        &lt;div
          class=&quot;portfolio-summary&quot;
        &gt;
          &lt;div
            data-testid=&quot;total-btc&quot;
          &gt;
            Total BTC: 
            0.5
          &lt;/div&gt;
          &lt;div
            data-testid=&quot;total-usd&quot;
          &gt;
            Total USD: $
            22500
          &lt;/div&gt;
          &lt;div
            data-testid=&quot;address-count&quot;
          &gt;
            Addresses: 
            3
          &lt;/div&gt;
        &lt;/div&gt;
        &lt;button
          data-testid=&quot;refresh-portfolio&quot;
        &gt;
          Refresh Portfolio
        &lt;/button&gt;
      &lt;/div&gt;
      &lt;div
        class=&quot;node-handles&quot;
      &gt;
        &lt;div
          class=&quot;output-handle&quot;
          data-testid=&quot;portfolio-output&quot;
        &gt;
          Output
        &lt;/div&gt;
      &lt;/div&gt;
    &lt;/div&gt;
  &lt;/div&gt;
  &lt;div&gt;
    &lt;div
      class=&quot;bitcoin-node portfolio-node&quot;
      data-testid=&quot;bitcoin-portfolio-portfolio-1&quot;
    &gt;
      &lt;div
        class=&quot;node-header&quot;
      &gt;
        &lt;span
          class=&quot;node-icon&quot;
        &gt;
          ₿
        &lt;/span&gt;
        &lt;span
          class=&quot;node-title&quot;
        &gt;
          Bitcoin Portfolio
        &lt;/span&gt;
      &lt;/div&gt;
      &lt;div
        class=&quot;node-content&quot;
      &gt;
        &lt;div
          class=&quot;portfolio-summary&quot;
        &gt;
          &lt;div
            data-testid=&quot;total-btc&quot;
          &gt;
            Total BTC: 
            0.5
          &lt;/div&gt;
          &lt;div
            data-testid=&quot;total-usd&quot;
          &gt;
            Total USD: $
            0
          &lt;/div&gt;
          &lt;div
            data-testid=&quot;address-count&quot;
          &gt;
            Addresses: 
            0
          &lt;/div&gt;
        &lt;/div&gt;
        &lt;button
          data-testid=&quot;refresh-portfolio&quot;
        &gt;
          Refresh Portfolio
        &lt;/button&gt;
      &lt;/div&gt;
      &lt;div
        class=&quot;node-handles&quot;
      &gt;
        &lt;div
          class=&quot;output-handle&quot;
          data-testid=&quot;portfolio-output&quot;
        &gt;
          Output
        &lt;/div&gt;
      &lt;/div&gt;
    &lt;/div&gt;
  &lt;/div&gt;
&lt;/body&gt;
 ❯ Object.getElementError ../../node_modules/@testing-library/dom/dist/config.js:37:19
 ❯ getElementError ../../node_modules/@testing-library/dom/dist/query-helpers.js:20:35
 ❯ getMultipleElementsFoundError ../../node_modules/@testing-library/dom/dist/query-helpers.js:23:10
 ❯ ../../node_modules/@testing-library/dom/dist/query-helpers.js:55:13
 ❯ ../../node_modules/@testing-library/dom/dist/query-helpers.js:95:19
 ❯ src/tests/components/BitcoinNodes.test.tsx:272:30
            </failure>
        </testcase>
        <testcase classname="src/tests/components/BitcoinNodes.test.tsx" name="Bitcoin DeFi Workflow Nodes &gt; Bitcoin Portfolio Node &gt; should display zero values for empty portfolio" time="0.040253333">
            <failure message="Found multiple elements by: [data-testid=&quot;total-btc&quot;]

Here are the matching elements:

Ignored nodes: comments, script, style
[36m&lt;div[39m
  [33mdata-testid[39m=[32m&quot;total-btc&quot;[39m
[36m&gt;[39m
  [0mTotal BTC: [0m
  [0m0.5[0m
[36m&lt;/div&gt;[39m

Ignored nodes: comments, script, style
[36m&lt;div[39m
  [33mdata-testid[39m=[32m&quot;total-btc&quot;[39m
[36m&gt;[39m
  [0mTotal BTC: [0m
  [0m0.5[0m
[36m&lt;/div&gt;[39m

Ignored nodes: comments, script, style
[36m&lt;div[39m
  [33mdata-testid[39m=[32m&quot;total-btc&quot;[39m
[36m&gt;[39m
  [0mTotal BTC: [0m
  [0m0[0m
[36m&lt;/div&gt;[39m

(If this is intentional, then use the `*AllBy*` variant of the query (like `queryAllByText`, `getAllByText`, or `findAllByText`)).

Ignored nodes: comments, script, style
[36m&lt;body&gt;[39m
  [36m&lt;div&gt;[39m
    [36m&lt;div[39m
      [33mclass[39m=[32m&quot;bitcoin-node portfolio-node&quot;[39m
      [33mdata-testid[39m=[32m&quot;bitcoin-portfolio-portfolio-1&quot;[39m
    [36m&gt;[39m
      [36m&lt;div[39m
        [33mclass[39m=[32m&quot;node-header&quot;[39m
      [36m&gt;[39m
        [36m&lt;span[39m
          [33mclass[39m=[32m&quot;node-icon&quot;[39m
        [36m&gt;[39m
          [0m₿[0m
        [36m&lt;/span&gt;[39m
        [36m&lt;span[39m
          [33mclass[39m=[32m&quot;node-title&quot;[39m
        [36m&gt;[39m
          [0mBitcoin Portfolio[0m
        [36m&lt;/span&gt;[39m
      [36m&lt;/div&gt;[39m
      [36m&lt;div[39m
        [33mclass[39m=[32m&quot;node-content&quot;[39m
      [36m&gt;[39m
        [36m&lt;div[39m
          [33mclass[39m=[32m&quot;portfolio-summary&quot;[39m
        [36m&gt;[39m
          [36m&lt;div[39m
            [33mdata-testid[39m=[32m&quot;total-btc&quot;[39m
          [36m&gt;[39m
            [0mTotal BTC: [0m
            [0m0.5[0m
          [36m&lt;/div&gt;[39m
          [36m&lt;div[39m
            [33mdata-testid[39m=[32m&quot;total-usd&quot;[39m
          [36m&gt;[39m
            [0mTotal USD: $[0m
            [0m22500[0m
          [36m&lt;/div&gt;[39m
          [36m&lt;div[39m
            [33mdata-testid[39m=[32m&quot;address-count&quot;[39m
          [36m&gt;[39m
            [0mAddresses: [0m
            [0m3[0m
          [36m&lt;/div&gt;[39m
        [36m&lt;/div&gt;[39m
        [36m&lt;button[39m
          [33mdata-testid[39m=[32m&quot;refresh-portfolio&quot;[39m
        [36m&gt;[39m
          [0mRefresh Portfolio[0m
        [36m&lt;/button&gt;[39m
      [36m&lt;/div&gt;[39m
      [36m&lt;div[39m
        [33mclass[39m=[32m&quot;node-handles&quot;[39m
      [36m&gt;[39m
        [36m&lt;div[39m
          [33mclass[39m=[32m&quot;output-handle&quot;[39m
          [33mdata-testid[39m=[32m&quot;portfolio-output&quot;[39m
        [36m&gt;[39m
          [0mOutput[0m
        [36m&lt;/div&gt;[39m
      [36m&lt;/div&gt;[39m
    [36m&lt;/div&gt;[39m
  [36m&lt;/div&gt;[39m
  [36m&lt;div&gt;[39m
    [36m&lt;div[39m
      [33mclass[39m=[32m&quot;bitcoin-node portfolio-node&quot;[39m
      [33mdata-testid[39m=[32m&quot;bitcoin-portfolio-portfolio-1&quot;[39m
    [36m&gt;[39m
      [36m&lt;div[39m
        [33mclass[39m=[32m&quot;node-header&quot;[39m
      [36m&gt;[39m
        [36m&lt;span[39m
          [33mclass[39m=[32m&quot;node-icon&quot;[39m
        [36m&gt;[39m
          [0m₿[0m
        [36m&lt;/span&gt;[39m
        [36m&lt;span[39m
          [33mclass[39m=[32m&quot;node-title&quot;[39m
        [36m&gt;[39m
          [0mBitcoin Portfolio[0m
        [36m&lt;/span&gt;[39m
      [36m&lt;/div&gt;[39m
      [36m&lt;div[39m
        [33mclass[39m=[32m&quot;node-content&quot;[39m
      [36m&gt;[39m
        [36m&lt;div[39m
          [33mclass[39m=[32m&quot;portfolio-summary&quot;[39m
        [36m&gt;[39m
          [36m&lt;div[39m
            [33mdata-testid[39m=[32m&quot;total-btc&quot;[39m
          [36m&gt;[39m
            [0mTotal BTC: [0m
            [0m0.5[0m
          [36m&lt;/div&gt;[39m
          [36m&lt;div[39m
            [33mdata-testid[39m=[32m&quot;total-usd&quot;[39m
          [36m&gt;[39m
            [0mTotal USD: $[0m
            [0m0[0m
          [36m&lt;/div&gt;[39m
          [36m&lt;div[39m
            [33mdata-testid[39m=[32m&quot;address-count&quot;[39m
          [36m&gt;[39m
            [0mAddresses: [0m
            [0m0[0m
          [36m&lt;/div&gt;[39m
        [36m&lt;/div&gt;[39m
        [36m&lt;button[39m
          [33mdata-testid[39m=[32m&quot;refresh-portfolio&quot;[39m
        [36m&gt;[39m
          [0mRefresh Portfolio[0m
        [36m&lt;/button&gt;[39m
      [36m&lt;/div&gt;[39m
      [36m&lt;div[39m
        [33mclass[39m=[32m&quot;node-handles&quot;[39m
      [36m&gt;[39m
        [36m&lt;div[39m
          [33mclass[39m=[32m&quot;output-handle&quot;[39m
          [33mdata-testid[39m=[32m&quot;portfolio-output&quot;[39m
        [36m&gt;[39m
          [0mOutput[0m
        [36m&lt;/div&gt;[39m
      [36m&lt;/div&gt;[39m
    [36m&lt;/div&gt;[39m
  [36m&lt;/div&gt;[39m
  [36m&lt;div&gt;[39m
    [36m&lt;div[39m
      [33mclass[39m=[32m&quot;bitcoin-node portfolio-node&quot;[39m
      [33mdata-testid[39m=[32m&quot;bitcoin-portfolio-portfolio-1&quot;[39m
    [36m&gt;[39m
      [36m&lt;div[39m
        [33mclass[39m=[32m&quot;node-header&quot;[39m
      [36m&gt;[39m
        [36m&lt;span[39m
          [33mclass[39m=[32m&quot;node-icon&quot;[39m
        [36m&gt;[39m
          [0m₿[0m
        [36m&lt;/span&gt;[39m
        [36m&lt;span[39m
          [33mclass[39m=[32m&quot;node-title&quot;[39m
        [36m&gt;[39m
          [0mBitcoin Portfolio[0m
        [36m&lt;/span&gt;[39m
      [36m&lt;/div&gt;[39m
      [36m&lt;div[39m
        [33mclass[39m=[32m&quot;node-content&quot;[39m
      [36m&gt;[39m
        [36m&lt;div[39m
          [33mclass[39m=[32m&quot;portfolio-summary&quot;[39m
        [36m&gt;[39m
          [36m&lt;div[39m
            [33mdata-testid[39m=[32m&quot;total-btc&quot;[39m
          [36m&gt;[39m
            [0mTotal BTC: [0m
            [0m0[0m
          [36m&lt;/div&gt;[39m
          [36m&lt;div[39m
            [33mdata-testid[39m=[32m&quot;total-usd&quot;[39m
          [36m&gt;[39m
            [0mTotal USD: $[0m
            [0m0[0m
          [36m&lt;/div&gt;[39m
          [36m&lt;div[39m
            [33mdata-testid[39m=[32m&quot;address-count&quot;[39m
          [36m&gt;[39m
            [0mAddresses: [0m
            [0m0[0m
          [36m&lt;/div&gt;[39m
        [36m&lt;/div&gt;[39m
        [36m&lt;button[39m
          [33mdata-testid[39m=[32m&quot;refresh-portfolio&quot;[39m
        [36m&gt;[39m
          [0mRefresh Portfolio[0m
        [36m&lt;/button&gt;[39m
      [36m&lt;/div&gt;[39m
      [36m&lt;div[39m
        [33mclass[39m=[32m&quot;node-handles&quot;[39m
      [36m&gt;[39m
        [36m&lt;div[39m
          [33mclass[39m=[32m&quot;output-handle&quot;[39m
          [33mdata-testid[39m=[32m&quot;portfolio-output&quot;[39m
        [36m&gt;[39m
          [0mOutput[0m
        [36m&lt;/div&gt;[39m
      [36m&lt;/div&gt;[39m
    [36m&lt;/div&gt;[39m
  [36m&lt;/div&gt;[39m
[36m&lt;/body&gt;[39m" type="TestingLibraryElementError">
TestingLibraryElementError: Found multiple elements by: [data-testid=&quot;total-btc&quot;]

Here are the matching elements:

Ignored nodes: comments, script, style
&lt;div
  data-testid=&quot;total-btc&quot;
&gt;
  Total BTC: 
  0.5
&lt;/div&gt;

Ignored nodes: comments, script, style
&lt;div
  data-testid=&quot;total-btc&quot;
&gt;
  Total BTC: 
  0.5
&lt;/div&gt;

Ignored nodes: comments, script, style
&lt;div
  data-testid=&quot;total-btc&quot;
&gt;
  Total BTC: 
  0
&lt;/div&gt;

(If this is intentional, then use the `*AllBy*` variant of the query (like `queryAllByText`, `getAllByText`, or `findAllByText`)).

Ignored nodes: comments, script, style
&lt;body&gt;
  &lt;div&gt;
    &lt;div
      class=&quot;bitcoin-node portfolio-node&quot;
      data-testid=&quot;bitcoin-portfolio-portfolio-1&quot;
    &gt;
      &lt;div
        class=&quot;node-header&quot;
      &gt;
        &lt;span
          class=&quot;node-icon&quot;
        &gt;
          ₿
        &lt;/span&gt;
        &lt;span
          class=&quot;node-title&quot;
        &gt;
          Bitcoin Portfolio
        &lt;/span&gt;
      &lt;/div&gt;
      &lt;div
        class=&quot;node-content&quot;
      &gt;
        &lt;div
          class=&quot;portfolio-summary&quot;
        &gt;
          &lt;div
            data-testid=&quot;total-btc&quot;
          &gt;
            Total BTC: 
            0.5
          &lt;/div&gt;
          &lt;div
            data-testid=&quot;total-usd&quot;
          &gt;
            Total USD: $
            22500
          &lt;/div&gt;
          &lt;div
            data-testid=&quot;address-count&quot;
          &gt;
            Addresses: 
            3
          &lt;/div&gt;
        &lt;/div&gt;
        &lt;button
          data-testid=&quot;refresh-portfolio&quot;
        &gt;
          Refresh Portfolio
        &lt;/button&gt;
      &lt;/div&gt;
      &lt;div
        class=&quot;node-handles&quot;
      &gt;
        &lt;div
          class=&quot;output-handle&quot;
          data-testid=&quot;portfolio-output&quot;
        &gt;
          Output
        &lt;/div&gt;
      &lt;/div&gt;
    &lt;/div&gt;
  &lt;/div&gt;
  &lt;div&gt;
    &lt;div
      class=&quot;bitcoin-node portfolio-node&quot;
      data-testid=&quot;bitcoin-portfolio-portfolio-1&quot;
    &gt;
      &lt;div
        class=&quot;node-header&quot;
      &gt;
        &lt;span
          class=&quot;node-icon&quot;
        &gt;
          ₿
        &lt;/span&gt;
        &lt;span
          class=&quot;node-title&quot;
        &gt;
          Bitcoin Portfolio
        &lt;/span&gt;
      &lt;/div&gt;
      &lt;div
        class=&quot;node-content&quot;
      &gt;
        &lt;div
          class=&quot;portfolio-summary&quot;
        &gt;
          &lt;div
            data-testid=&quot;total-btc&quot;
          &gt;
            Total BTC: 
            0.5
          &lt;/div&gt;
          &lt;div
            data-testid=&quot;total-usd&quot;
          &gt;
            Total USD: $
            0
          &lt;/div&gt;
          &lt;div
            data-testid=&quot;address-count&quot;
          &gt;
            Addresses: 
            0
          &lt;/div&gt;
        &lt;/div&gt;
        &lt;button
          data-testid=&quot;refresh-portfolio&quot;
        &gt;
          Refresh Portfolio
        &lt;/button&gt;
      &lt;/div&gt;
      &lt;div
        class=&quot;node-handles&quot;
      &gt;
        &lt;div
          class=&quot;output-handle&quot;
          data-testid=&quot;portfolio-output&quot;
        &gt;
          Output
        &lt;/div&gt;
      &lt;/div&gt;
    &lt;/div&gt;
  &lt;/div&gt;
  &lt;div&gt;
    &lt;div
      class=&quot;bitcoin-node portfolio-node&quot;
      data-testid=&quot;bitcoin-portfolio-portfolio-1&quot;
    &gt;
      &lt;div
        class=&quot;node-header&quot;
      &gt;
        &lt;span
          class=&quot;node-icon&quot;
        &gt;
          ₿
        &lt;/span&gt;
        &lt;span
          class=&quot;node-title&quot;
        &gt;
          Bitcoin Portfolio
        &lt;/span&gt;
      &lt;/div&gt;
      &lt;div
        class=&quot;node-content&quot;
      &gt;
        &lt;div
          class=&quot;portfolio-summary&quot;
        &gt;
          &lt;div
            data-testid=&quot;total-btc&quot;
          &gt;
            Total BTC: 
            0
          &lt;/div&gt;
          &lt;div
            data-testid=&quot;total-usd&quot;
          &gt;
            Total USD: $
            0
          &lt;/div&gt;
          &lt;div
            data-testid=&quot;address-count&quot;
          &gt;
            Addresses: 
            0
          &lt;/div&gt;
        &lt;/div&gt;
        &lt;button
          data-testid=&quot;refresh-portfolio&quot;
        &gt;
          Refresh Portfolio
        &lt;/button&gt;
      &lt;/div&gt;
      &lt;div
        class=&quot;node-handles&quot;
      &gt;
        &lt;div
          class=&quot;output-handle&quot;
          data-testid=&quot;portfolio-output&quot;
        &gt;
          Output
        &lt;/div&gt;
      &lt;/div&gt;
    &lt;/div&gt;
  &lt;/div&gt;
&lt;/body&gt;
 ❯ Object.getElementError ../../node_modules/@testing-library/dom/dist/config.js:37:19
 ❯ getElementError ../../node_modules/@testing-library/dom/dist/query-helpers.js:20:35
 ❯ getMultipleElementsFoundError ../../node_modules/@testing-library/dom/dist/query-helpers.js:23:10
 ❯ ../../node_modules/@testing-library/dom/dist/query-helpers.js:55:13
 ❯ ../../node_modules/@testing-library/dom/dist/query-helpers.js:95:19
 ❯ src/tests/components/BitcoinNodes.test.tsx:294:21
            </failure>
        </testcase>
        <testcase classname="src/tests/components/BitcoinNodes.test.tsx" name="Bitcoin DeFi Workflow Nodes &gt; Bitcoin Send Node &gt; should render send node correctly" time="0.040250625">
        </testcase>
        <testcase classname="src/tests/components/BitcoinNodes.test.tsx" name="Bitcoin DeFi Workflow Nodes &gt; Bitcoin Send Node &gt; should handle address input changes" time="0.040225084">
            <failure message="Found multiple elements by: [data-testid=&quot;to-address-input&quot;]

Here are the matching elements:

Ignored nodes: comments, script, style
[36m&lt;input[39m
  [33mdata-testid[39m=[32m&quot;to-address-input&quot;[39m
  [33mid[39m=[32m&quot;to-address-send-1&quot;[39m
  [33mplaceholder[39m=[32m&quot;Enter Bitcoin address&quot;[39m
  [33mtype[39m=[32m&quot;text&quot;[39m
  [33mvalue[39m=[32m&quot;1A1zP1eP5QGefi2DMPTfTL5SLmv7DivfNa&quot;[39m
[36m/&gt;[39m

Ignored nodes: comments, script, style
[36m&lt;input[39m
  [33mdata-testid[39m=[32m&quot;to-address-input&quot;[39m
  [33mid[39m=[32m&quot;to-address-send-1&quot;[39m
  [33mplaceholder[39m=[32m&quot;Enter Bitcoin address&quot;[39m
  [33mtype[39m=[32m&quot;text&quot;[39m
  [33mvalue[39m=[32m&quot;&quot;[39m
[36m/&gt;[39m

(If this is intentional, then use the `*AllBy*` variant of the query (like `queryAllByText`, `getAllByText`, or `findAllByText`)).

Ignored nodes: comments, script, style
[36m&lt;body&gt;[39m
  [36m&lt;div&gt;[39m
    [36m&lt;div[39m
      [33mclass[39m=[32m&quot;bitcoin-node portfolio-node&quot;[39m
      [33mdata-testid[39m=[32m&quot;bitcoin-portfolio-portfolio-1&quot;[39m
    [36m&gt;[39m
      [36m&lt;div[39m
        [33mclass[39m=[32m&quot;node-header&quot;[39m
      [36m&gt;[39m
        [36m&lt;span[39m
          [33mclass[39m=[32m&quot;node-icon&quot;[39m
        [36m&gt;[39m
          [0m₿[0m
        [36m&lt;/span&gt;[39m
        [36m&lt;span[39m
          [33mclass[39m=[32m&quot;node-title&quot;[39m
        [36m&gt;[39m
          [0mBitcoin Portfolio[0m
        [36m&lt;/span&gt;[39m
      [36m&lt;/div&gt;[39m
      [36m&lt;div[39m
        [33mclass[39m=[32m&quot;node-content&quot;[39m
      [36m&gt;[39m
        [36m&lt;div[39m
          [33mclass[39m=[32m&quot;portfolio-summary&quot;[39m
        [36m&gt;[39m
          [36m&lt;div[39m
            [33mdata-testid[39m=[32m&quot;total-btc&quot;[39m
          [36m&gt;[39m
            [0mTotal BTC: [0m
            [0m0.5[0m
          [36m&lt;/div&gt;[39m
          [36m&lt;div[39m
            [33mdata-testid[39m=[32m&quot;total-usd&quot;[39m
          [36m&gt;[39m
            [0mTotal USD: $[0m
            [0m22500[0m
          [36m&lt;/div&gt;[39m
          [36m&lt;div[39m
            [33mdata-testid[39m=[32m&quot;address-count&quot;[39m
          [36m&gt;[39m
            [0mAddresses: [0m
            [0m3[0m
          [36m&lt;/div&gt;[39m
        [36m&lt;/div&gt;[39m
        [36m&lt;button[39m
          [33mdata-testid[39m=[32m&quot;refresh-portfolio&quot;[39m
        [36m&gt;[39m
          [0mRefresh Portfolio[0m
        [36m&lt;/button&gt;[39m
      [36m&lt;/div&gt;[39m
      [36m&lt;div[39m
        [33mclass[39m=[32m&quot;node-handles&quot;[39m
      [36m&gt;[39m
        [36m&lt;div[39m
          [33mclass[39m=[32m&quot;output-handle&quot;[39m
          [33mdata-testid[39m=[32m&quot;portfolio-output&quot;[39m
        [36m&gt;[39m
          [0mOutput[0m
        [36m&lt;/div&gt;[39m
      [36m&lt;/div&gt;[39m
    [36m&lt;/div&gt;[39m
  [36m&lt;/div&gt;[39m
  [36m&lt;div&gt;[39m
    [36m&lt;div[39m
      [33mclass[39m=[32m&quot;bitcoin-node portfolio-node&quot;[39m
      [33mdata-testid[39m=[32m&quot;bitcoin-portfolio-portfolio-1&quot;[39m
    [36m&gt;[39m
      [36m&lt;div[39m
        [33mclass[39m=[32m&quot;node-header&quot;[39m
      [36m&gt;[39m
        [36m&lt;span[39m
          [33mclass[39m=[32m&quot;node-icon&quot;[39m
        [36m&gt;[39m
          [0m₿[0m
        [36m&lt;/span&gt;[39m
        [36m&lt;span[39m
          [33mclass[39m=[32m&quot;node-title&quot;[39m
        [36m&gt;[39m
          [0mBitcoin Portfolio[0m
        [36m&lt;/span&gt;[39m
      [36m&lt;/div&gt;[39m
      [36m&lt;div[39m
        [33mclass[39m=[32m&quot;node-content&quot;[39m
      [36m&gt;[39m
        [36m&lt;div[39m
          [33mclass[39m=[32m&quot;portfolio-summary&quot;[39m
        [36m&gt;[39m
          [36m&lt;div[39m
            [33mdata-testid[39m=[32m&quot;total-btc&quot;[39m
          [36m&gt;[39m
            [0mTotal BTC: [0m
            [0m0.5[0m
          [36m&lt;/div&gt;[39m
          [36m&lt;div[39m
            [33mdata-testid[39m=[32m&quot;total-usd&quot;[39m
          [36m&gt;[39m
            [0mTotal USD: $[0m
            [0m0[0m
          [36m&lt;/div&gt;[39m
          [36m&lt;div[39m
            [33mdata-testid[39m=[32m&quot;address-count&quot;[39m
          [36m&gt;[39m
            [0mAddresses: [0m
            [0m0[0m
          [36m&lt;/div&gt;[39m
        [36m&lt;/div&gt;[39m
        [36m&lt;button[39m
          [33mdata-testid[39m=[32m&quot;refresh-portfolio&quot;[39m
        [36m&gt;[39m
          [0mRefresh Portfolio[0m
        [36m&lt;/button&gt;[39m
      [36m&lt;/div&gt;[39m
      [36m&lt;div[39m
        [33mclass[39m=[32m&quot;node-handles&quot;[39m
      [36m&gt;[39m
        [36m&lt;div[39m
          [33mclass[39m=[32m&quot;output-handle&quot;[39m
          [33mdata-testid[39m=[32m&quot;portfolio-output&quot;[39m
        [36m&gt;[39m
          [0mOutput[0m
        [36m&lt;/div&gt;[39m
      [36m&lt;/div&gt;[39m
    [36m&lt;/div&gt;[39m
  [36m&lt;/div&gt;[39m
  [36m&lt;div&gt;[39m
    [36m&lt;div[39m
      [33mclass[39m=[32m&quot;bitcoin-node portfolio-node&quot;[39m
      [33mdata-testid[39m=[32m&quot;bitcoin-portfolio-portfolio-1&quot;[39m
    [36m&gt;[39m
      [36m&lt;div[39m
        [33mclass[39m=[32m&quot;node-header&quot;[39m
      [36m&gt;[39m
        [36m&lt;span[39m
          [33mclass[39m=[32m&quot;node-icon&quot;[39m
        [36m&gt;[39m
          [0m₿[0m
        [36m&lt;/span&gt;[39m
        [36m&lt;span[39m
          [33mclass[39m=[32m&quot;node-title&quot;[39m
        [36m&gt;[39m
          [0mBitcoin Portfolio[0m
        [36m&lt;/span&gt;[39m
      [36m&lt;/div&gt;[39m
      [36m&lt;div[39m
        [33mclass[39m=[32m&quot;node-content&quot;[39m
      [36m&gt;[39m
        [36m&lt;div[39m
          [33mclass[39m=[32m&quot;portfolio-summary&quot;[39m
        [36m&gt;[39m
          [36m&lt;div[39m
            [33mdata-testid[39m=[32m&quot;total-btc&quot;[39m
          [36m&gt;[39m
            [0mTotal BTC: [0m
            [0m0[0m
          [36m&lt;/div&gt;[39m
          [36m&lt;div[39m
            [33mdata-testid[39m=[32m&quot;total-usd&quot;[39m
          [36m&gt;[39m
            [0mTotal USD: $[0m
            [0m0[0m
          [36m&lt;/div&gt;[39m
          [36m&lt;div[39m
            [33mdata-testid[39m=[32m&quot;address-count&quot;[39m
          [36m&gt;[39m
            [0mAddresses: [0m
            [0m0[0m
          [36m&lt;/div&gt;[39m
        [36m&lt;/div&gt;[39m
        [36m&lt;button[39m
          [33mdata-testid[39m=[32m&quot;refresh-portfolio&quot;[39m
        [36m&gt;[39m
          [0mRefresh Portfolio[0m
        [36m&lt;/button&gt;[39m
      [36m&lt;/div&gt;[39m
      [36m&lt;div[39m
        [33mclass[39m=[32m&quot;node-handles&quot;[39m
      [36m&gt;[39m
        [36m&lt;div[39m
          [33mclass[39m=[32m&quot;output-handle&quot;[39m
          [33mdata-testid[39m=[32m&quot;portfolio-output&quot;[39m
        [36m&gt;[39m
          [0mOutput[0m
        [36m&lt;/div&gt;[39m
      [36m&lt;/div&gt;[39m
    [36m&lt;/div&gt;[39m
  [36m&lt;/div&gt;[39m
  [36m&lt;div&gt;[39m
    [36m&lt;div[39m
      [33mclass[39m=[32m&quot;bitcoin-node send-node&quot;[39m
      [33mdata-testid[39m=[32m&quot;bitcoin-send-send-1&quot;[39m
    [36m&gt;[39m
      [36m&lt;div[39m
        [33mclass[39m=[32m&quot;node-header&quot;[39m
      [36m&gt;[39m
        [36m&lt;span[39m
          [33mclass[39m=[32m&quot;node-icon&quot;[39m
        [36m&gt;[39m
          [0m💸[0m
        [36m&lt;/span&gt;[39m
        [36m&lt;span[39m
          [33mclass[39m=[32m&quot;node-title&quot;[39m
        [36m&gt;[39m
          [0mSend Bitcoin[0m
        [36m&lt;/span&gt;[39m
      [36m&lt;/div&gt;[39m
      [36m&lt;div[39m
        [33mclass[39m=[32m&quot;node-content&quot;[39m
      [36m&gt;[39m
        [36m&lt;div[39m
          [33mclass[39m=[32m&quot;form-group&quot;[39m
        [36m&gt;[39m
          [36m&lt;label[39m
            [33mfor[39m=[32m&quot;to-address-send-1&quot;[39m
          [36m&gt;[39m
            [0mTo Address:[0m
          [36m&lt;/label&gt;[39m
          [36m&lt;input[39m
            [33mdata-testid[39m=[32m&quot;to-address-input&quot;[39m
            [33mid[39m=[32m&quot;to-address-send-1&quot;[39m
            [33mplaceholder[39m=[32m&quot;Enter Bitcoin address&quot;[39m
            [33mtype[39m=[32m&quot;text&quot;[39m
            [33mvalue[39m=[32m&quot;1A1zP1eP5QGefi2DMPTfTL5SLmv7DivfNa&quot;[39m
          [36m/&gt;[39m
        [36m&lt;/div&gt;[39m
        [36m&lt;div[39m
          [33mclass[39m=[32m&quot;form-group&quot;[39m
        [36m&gt;[39m
          [36m&lt;label[39m
            [33mfor[39m=[32m&quot;amount-send-1&quot;[39m
          [36m&gt;[39m
            [0mAmount (satoshis):[0m
          [36m&lt;/label&gt;[39m
          [36m&lt;input[39m
            [33mdata-testid[39m=[32m&quot;amount-input&quot;[39m
            [33mid[39m=[32m&quot;amount-send-1&quot;[39m
            [33mplaceholder[39m=[32m&quot;Amount in satoshis&quot;[39m
            [33mtype[39m=[32m&quot;number&quot;[39m
            [33mvalue[39m=[32m&quot;100000&quot;[39m
          [36m/&gt;[39m
        [36m&lt;/div&gt;[39m
        [36m&lt;div[39m
          [33mclass[39m=[32m&quot;form-group&quot;[39m
        [36m&gt;[39m
          [36m&lt;label[39m
            [33mfor[39m=[32m&quot;fee-send-1&quot;[39m
          [36m&gt;[39m
            [0mFee Priority:[0m
          [36m&lt;/label&gt;[39m
          [36m&lt;select[39m
            [33mdata-testid[39m=[32m&quot;fee-priority-select&quot;[39m
            [33mid[39m=[32m&quot;fee-send-1&quot;[39m
          [36m&gt;[39m
            [36m&lt;option[39m
              [33mvalue[39m=[32m&quot;Low&quot;[39m
            [36m&gt;[39m
              [0mLow (~60 min)[0m
            [36m&lt;/option&gt;[39m
            [36m&lt;option[39m
              [33mvalue[39m=[32m&quot;Medium&quot;[39m
            [36m&gt;[39m
              [0mMedium (~30 min)[0m
            [36m&lt;/option&gt;[39m
            [36m&lt;option[39m
              [33mvalue[39m=[32m&quot;High&quot;[39m
            [36m&gt;[39m
              [0mHigh (~10 min)[0m
            [36m&lt;/option&gt;[39m
            [36m&lt;option[39m
              [33mvalue[39m=[32m&quot;Urgent&quot;[39m
            [36m&gt;[39m
              [0mUrgent (~5 min)[0m
            [36m&lt;/option&gt;[39m
          [36m&lt;/select&gt;[39m
        [36m&lt;/div&gt;[39m
      [36m&lt;/div&gt;[39m
      [36m&lt;div[39m
        [33mclass[39m=[32m&quot;node-handles&quot;[39m
      [36m&gt;[39m
        [36m&lt;div[39m
          [33mclass[39m=[32m&quot;input-handle&quot;[39m
          [33mdata-testid[39m=[32m&quot;send-input&quot;[39m
        [36m&gt;[39m
          [0mInput[0m
        [36m&lt;/div&gt;[39m
        [36m&lt;div[39m
          [33mclass[39m=[32m&quot;output-handle&quot;[39m
          [33mdata-testid[39m=[32m&quot;send-output&quot;[39m
        [36m&gt;[39m
          [0mOutput[0m
        [36m&lt;/div&gt;[39m
      [36m&lt;/div&gt;[39m
    [36m&lt;/div&gt;[39m
  [36m&lt;/div&gt;[39m
  [36m&lt;div&gt;[39m
    [36m&lt;div[39m
      [33mclass[39m=[32m&quot;bitcoin-node send-node&quot;[39m
      [33mdata-testid[39m=[32m&quot;bitcoin-send-send-1&quot;[39m
    [36m&gt;[39m
      [36m&lt;div[39m
        [33mclass[39m=[32m&quot;node-header&quot;[39m
      [36m&gt;[39m
        [36m&lt;span[39m
          [33mclass[39m=[32m&quot;node-icon&quot;[39m
        [36m&gt;[39m
          [0m💸[0m
        [36m&lt;/span&gt;[39m
        [36m&lt;span[39m
          [33mclass[39m=[32m&quot;node-title&quot;[39m
        [36m&gt;[39m
          [0mSend Bitcoin[0m
        [36m&lt;/span&gt;[39m
      [36m&lt;/div&gt;[39m
      [36m&lt;div[39m
        [33mclass[39m=[32m&quot;node-content&quot;[39m
      [36m&gt;[39m
        [36m&lt;div[39m
          [33mclass[39m=[32m&quot;form-group&quot;[39m
        [36m&gt;[39m
          [36m&lt;label[39m
            [33mfor[39m=[32m&quot;to-address-send-1&quot;[39m
          [36m&gt;[39m
            [0mTo Address:[0m
          [36m&lt;/label&gt;[39m
          [36m&lt;input[39m
            [33mdata-testid[39m=[32m&quot;to-address-input&quot;[39m
            [33mid[39m=[32m&quot;to-address-send-1&quot;[39m
            [33mplaceholder[39m=[32m&quot;Enter Bitcoin address&quot;[39m
            [33mtype[39m=[32m&quot;text&quot;[39m
            [33mvalue[39m=[32m&quot;&quot;[39m
          [36m/&gt;[39m
        [36m&lt;/div&gt;[39m
        [36m&lt;div[39m
          [33mclass[39m=[32m&quot;form-group&quot;[39m
        [36m&gt;[39m
          [36m&lt;label[39m
            [33mfor[39m=[32m&quot;amount-send-1&quot;[39m
          [36m&gt;[39m
            [0mAmount (satoshis):[0m
          [36m&lt;/label&gt;[39m
          [36m&lt;input[39m
            [33mdata-testid[39m=[32m&quot;amount-input&quot;[39m
            [33mid[39m=[32m&quot;amount-send-1&quot;[39m
            [33mplaceholder[39m=[32m&quot;Amount in satoshis&quot;[39m
            [33mtype[39m=[32m&quot;number&quot;[39m
            [33mvalue[39m=[32m&quot;&quot;[39m
          [36m/&gt;[39m
        [36m&lt;/div&gt;[39m
        [36m&lt;div[39m
          [33mclass[39m=[32m&quot;form-group&quot;[39m
        [36m&gt;[39m
          [36m&lt;label[39m
            [33mfor[39m=[32m&quot;fee-send-1&quot;[39m
          [36m&gt;[39m
            [0mFee Priority:[0m
          [36m&lt;/label&gt;[39m
          [36m&lt;select[39m
            [33mdata-testid[39m=[32m&quot;fee-priority-select&quot;[39m
            [33mid[39m=[32m&quot;fee-send-1&quot;[39m
          [36m&gt;[39m
            [36m&lt;option[39m
              [33mvalue[39m=[32m&quot;Low&quot;[39m
            [36m&gt;[39m
              [0mLow (~60 min)[0m
            [36m&lt;/option&gt;[39m
            [36m&lt;option[39m
              [33mvalue[39m=[32m&quot;Medium&quot;[39m
            [36m&gt;[39m
              [0mMedium (~30 min)[0m
            [36m&lt;/option&gt;[39m
            [36m&lt;option[39m
              [33mvalue[39m=[32m&quot;High&quot;[39m
            [36m&gt;[39m
              [0mHigh (~10 min)[0m
            [36m&lt;/option&gt;[39m
            [36m&lt;option[39m
              [33mvalue[39m=[32m&quot;Urgent&quot;[39m
            [36m&gt;[39m
              [0mUrgent (~5 min)[0m
            [36m&lt;/option&gt;[39m
          [36m&lt;/select&gt;[39m
        [36m&lt;/div&gt;[39m
      [36m&lt;/div&gt;[39m
      [36m&lt;div[39m
        [33mclass[39m=[32m&quot;node-handles&quot;[39m
      [36m&gt;[39m
        [36m&lt;div[39m
          [33mclass[39m=[32m&quot;input-handle&quot;[39m
          [33mdata-testid[39m=[32m&quot;send-input&quot;[39m
        [36m&gt;[39m
          [0mInput[0m
        [36m&lt;/div&gt;[39m
        [36m&lt;div[39m
          [33mclass[39m=[32m&quot;output-handle&quot;[39m
          [33mdata-testid[39m=[32m&quot;send-output&quot;[39m
        [36m&gt;[39m
          [0mOutput[0m
        [36m&lt;/div&gt;[39m
      [36m&lt;/div&gt;[39m
    [36m&lt;/div&gt;[39m
  [36m&lt;/div&gt;[39m
[36m&lt;/body&gt;[39m" type="TestingLibraryElementError">
TestingLibraryElementError: Found multiple elements by: [data-testid=&quot;to-address-input&quot;]

Here are the matching elements:

Ignored nodes: comments, script, style
&lt;input
  data-testid=&quot;to-address-input&quot;
  id=&quot;to-address-send-1&quot;
  placeholder=&quot;Enter Bitcoin address&quot;
  type=&quot;text&quot;
  value=&quot;1A1zP1eP5QGefi2DMPTfTL5SLmv7DivfNa&quot;
/&gt;

Ignored nodes: comments, script, style
&lt;input
  data-testid=&quot;to-address-input&quot;
  id=&quot;to-address-send-1&quot;
  placeholder=&quot;Enter Bitcoin address&quot;
  type=&quot;text&quot;
  value=&quot;&quot;
/&gt;

(If this is intentional, then use the `*AllBy*` variant of the query (like `queryAllByText`, `getAllByText`, or `findAllByText`)).

Ignored nodes: comments, script, style
&lt;body&gt;
  &lt;div&gt;
    &lt;div
      class=&quot;bitcoin-node portfolio-node&quot;
      data-testid=&quot;bitcoin-portfolio-portfolio-1&quot;
    &gt;
      &lt;div
        class=&quot;node-header&quot;
      &gt;
        &lt;span
          class=&quot;node-icon&quot;
        &gt;
          ₿
        &lt;/span&gt;
        &lt;span
          class=&quot;node-title&quot;
        &gt;
          Bitcoin Portfolio
        &lt;/span&gt;
      &lt;/div&gt;
      &lt;div
        class=&quot;node-content&quot;
      &gt;
        &lt;div
          class=&quot;portfolio-summary&quot;
        &gt;
          &lt;div
            data-testid=&quot;total-btc&quot;
          &gt;
            Total BTC: 
            0.5
          &lt;/div&gt;
          &lt;div
            data-testid=&quot;total-usd&quot;
          &gt;
            Total USD: $
            22500
          &lt;/div&gt;
          &lt;div
            data-testid=&quot;address-count&quot;
          &gt;
            Addresses: 
            3
          &lt;/div&gt;
        &lt;/div&gt;
        &lt;button
          data-testid=&quot;refresh-portfolio&quot;
        &gt;
          Refresh Portfolio
        &lt;/button&gt;
      &lt;/div&gt;
      &lt;div
        class=&quot;node-handles&quot;
      &gt;
        &lt;div
          class=&quot;output-handle&quot;
          data-testid=&quot;portfolio-output&quot;
        &gt;
          Output
        &lt;/div&gt;
      &lt;/div&gt;
    &lt;/div&gt;
  &lt;/div&gt;
  &lt;div&gt;
    &lt;div
      class=&quot;bitcoin-node portfolio-node&quot;
      data-testid=&quot;bitcoin-portfolio-portfolio-1&quot;
    &gt;
      &lt;div
        class=&quot;node-header&quot;
      &gt;
        &lt;span
          class=&quot;node-icon&quot;
        &gt;
          ₿
        &lt;/span&gt;
        &lt;span
          class=&quot;node-title&quot;
        &gt;
          Bitcoin Portfolio
        &lt;/span&gt;
      &lt;/div&gt;
      &lt;div
        class=&quot;node-content&quot;
      &gt;
        &lt;div
          class=&quot;portfolio-summary&quot;
        &gt;
          &lt;div
            data-testid=&quot;total-btc&quot;
          &gt;
            Total BTC: 
            0.5
          &lt;/div&gt;
          &lt;div
            data-testid=&quot;total-usd&quot;
          &gt;
            Total USD: $
            0
          &lt;/div&gt;
          &lt;div
            data-testid=&quot;address-count&quot;
          &gt;
            Addresses: 
            0
          &lt;/div&gt;
        &lt;/div&gt;
        &lt;button
          data-testid=&quot;refresh-portfolio&quot;
        &gt;
          Refresh Portfolio
        &lt;/button&gt;
      &lt;/div&gt;
      &lt;div
        class=&quot;node-handles&quot;
      &gt;
        &lt;div
          class=&quot;output-handle&quot;
          data-testid=&quot;portfolio-output&quot;
        &gt;
          Output
        &lt;/div&gt;
      &lt;/div&gt;
    &lt;/div&gt;
  &lt;/div&gt;
  &lt;div&gt;
    &lt;div
      class=&quot;bitcoin-node portfolio-node&quot;
      data-testid=&quot;bitcoin-portfolio-portfolio-1&quot;
    &gt;
      &lt;div
        class=&quot;node-header&quot;
      &gt;
        &lt;span
          class=&quot;node-icon&quot;
        &gt;
          ₿
        &lt;/span&gt;
        &lt;span
          class=&quot;node-title&quot;
        &gt;
          Bitcoin Portfolio
        &lt;/span&gt;
      &lt;/div&gt;
      &lt;div
        class=&quot;node-content&quot;
      &gt;
        &lt;div
          class=&quot;portfolio-summary&quot;
        &gt;
          &lt;div
            data-testid=&quot;total-btc&quot;
          &gt;
            Total BTC: 
            0
          &lt;/div&gt;
          &lt;div
            data-testid=&quot;total-usd&quot;
          &gt;
            Total USD: $
            0
          &lt;/div&gt;
          &lt;div
            data-testid=&quot;address-count&quot;
          &gt;
            Addresses: 
            0
          &lt;/div&gt;
        &lt;/div&gt;
        &lt;button
          data-testid=&quot;refresh-portfolio&quot;
        &gt;
          Refresh Portfolio
        &lt;/button&gt;
      &lt;/div&gt;
      &lt;div
        class=&quot;node-handles&quot;
      &gt;
        &lt;div
          class=&quot;output-handle&quot;
          data-testid=&quot;portfolio-output&quot;
        &gt;
          Output
        &lt;/div&gt;
      &lt;/div&gt;
    &lt;/div&gt;
  &lt;/div&gt;
  &lt;div&gt;
    &lt;div
      class=&quot;bitcoin-node send-node&quot;
      data-testid=&quot;bitcoin-send-send-1&quot;
    &gt;
      &lt;div
        class=&quot;node-header&quot;
      &gt;
        &lt;span
          class=&quot;node-icon&quot;
        &gt;
          💸
        &lt;/span&gt;
        &lt;span
          class=&quot;node-title&quot;
        &gt;
          Send Bitcoin
        &lt;/span&gt;
      &lt;/div&gt;
      &lt;div
        class=&quot;node-content&quot;
      &gt;
        &lt;div
          class=&quot;form-group&quot;
        &gt;
          &lt;label
            for=&quot;to-address-send-1&quot;
          &gt;
            To Address:
          &lt;/label&gt;
          &lt;input
            data-testid=&quot;to-address-input&quot;
            id=&quot;to-address-send-1&quot;
            placeholder=&quot;Enter Bitcoin address&quot;
            type=&quot;text&quot;
            value=&quot;1A1zP1eP5QGefi2DMPTfTL5SLmv7DivfNa&quot;
          /&gt;
        &lt;/div&gt;
        &lt;div
          class=&quot;form-group&quot;
        &gt;
          &lt;label
            for=&quot;amount-send-1&quot;
          &gt;
            Amount (satoshis):
          &lt;/label&gt;
          &lt;input
            data-testid=&quot;amount-input&quot;
            id=&quot;amount-send-1&quot;
            placeholder=&quot;Amount in satoshis&quot;
            type=&quot;number&quot;
            value=&quot;100000&quot;
          /&gt;
        &lt;/div&gt;
        &lt;div
          class=&quot;form-group&quot;
        &gt;
          &lt;label
            for=&quot;fee-send-1&quot;
          &gt;
            Fee Priority:
          &lt;/label&gt;
          &lt;select
            data-testid=&quot;fee-priority-select&quot;
            id=&quot;fee-send-1&quot;
          &gt;
            &lt;option
              value=&quot;Low&quot;
            &gt;
              Low (~60 min)
            &lt;/option&gt;
            &lt;option
              value=&quot;Medium&quot;
            &gt;
              Medium (~30 min)
            &lt;/option&gt;
            &lt;option
              value=&quot;High&quot;
            &gt;
              High (~10 min)
            &lt;/option&gt;
            &lt;option
              value=&quot;Urgent&quot;
            &gt;
              Urgent (~5 min)
            &lt;/option&gt;
          &lt;/select&gt;
        &lt;/div&gt;
      &lt;/div&gt;
      &lt;div
        class=&quot;node-handles&quot;
      &gt;
        &lt;div
          class=&quot;input-handle&quot;
          data-testid=&quot;send-input&quot;
        &gt;
          Input
        &lt;/div&gt;
        &lt;div
          class=&quot;output-handle&quot;
          data-testid=&quot;send-output&quot;
        &gt;
          Output
        &lt;/div&gt;
      &lt;/div&gt;
    &lt;/div&gt;
  &lt;/div&gt;
  &lt;div&gt;
    &lt;div
      class=&quot;bitcoin-node send-node&quot;
      data-testid=&quot;bitcoin-send-send-1&quot;
    &gt;
      &lt;div
        class=&quot;node-header&quot;
      &gt;
        &lt;span
          class=&quot;node-icon&quot;
        &gt;
          💸
        &lt;/span&gt;
        &lt;span
          class=&quot;node-title&quot;
        &gt;
          Send Bitcoin
        &lt;/span&gt;
      &lt;/div&gt;
      &lt;div
        class=&quot;node-content&quot;
      &gt;
        &lt;div
          class=&quot;form-group&quot;
        &gt;
          &lt;label
            for=&quot;to-address-send-1&quot;
          &gt;
            To Address:
          &lt;/label&gt;
          &lt;input
            data-testid=&quot;to-address-input&quot;
            id=&quot;to-address-send-1&quot;
            placeholder=&quot;Enter Bitcoin address&quot;
            type=&quot;text&quot;
            value=&quot;&quot;
          /&gt;
        &lt;/div&gt;
        &lt;div
          class=&quot;form-group&quot;
        &gt;
          &lt;label
            for=&quot;amount-send-1&quot;
          &gt;
            Amount (satoshis):
          &lt;/label&gt;
          &lt;input
            data-testid=&quot;amount-input&quot;
            id=&quot;amount-send-1&quot;
            placeholder=&quot;Amount in satoshis&quot;
            type=&quot;number&quot;
            value=&quot;&quot;
          /&gt;
        &lt;/div&gt;
        &lt;div
          class=&quot;form-group&quot;
        &gt;
          &lt;label
            for=&quot;fee-send-1&quot;
          &gt;
            Fee Priority:
          &lt;/label&gt;
          &lt;select
            data-testid=&quot;fee-priority-select&quot;
            id=&quot;fee-send-1&quot;
          &gt;
            &lt;option
              value=&quot;Low&quot;
            &gt;
              Low (~60 min)
            &lt;/option&gt;
            &lt;option
              value=&quot;Medium&quot;
            &gt;
              Medium (~30 min)
            &lt;/option&gt;
            &lt;option
              value=&quot;High&quot;
            &gt;
              High (~10 min)
            &lt;/option&gt;
            &lt;option
              value=&quot;Urgent&quot;
            &gt;
              Urgent (~5 min)
            &lt;/option&gt;
          &lt;/select&gt;
        &lt;/div&gt;
      &lt;/div&gt;
      &lt;div
        class=&quot;node-handles&quot;
      &gt;
        &lt;div
          class=&quot;input-handle&quot;
          data-testid=&quot;send-input&quot;
        &gt;
          Input
        &lt;/div&gt;
        &lt;div
          class=&quot;output-handle&quot;
          data-testid=&quot;send-output&quot;
        &gt;
          Output
        &lt;/div&gt;
      &lt;/div&gt;
    &lt;/div&gt;
  &lt;/div&gt;
&lt;/body&gt;
 ❯ Object.getElementError ../../node_modules/@testing-library/dom/dist/config.js:37:19
 ❯ getElementError ../../node_modules/@testing-library/dom/dist/query-helpers.js:20:35
 ❯ getMultipleElementsFoundError ../../node_modules/@testing-library/dom/dist/query-helpers.js:23:10
 ❯ ../../node_modules/@testing-library/dom/dist/query-helpers.js:55:13
 ❯ ../../node_modules/@testing-library/dom/dist/query-helpers.js:95:19
 ❯ src/tests/components/BitcoinNodes.test.tsx:342:31
            </failure>
        </testcase>
        <testcase classname="src/tests/components/BitcoinNodes.test.tsx" name="Bitcoin DeFi Workflow Nodes &gt; Bitcoin Send Node &gt; should handle amount input changes" time="0.018041541">
        </testcase>
        <testcase classname="src/tests/components/BitcoinNodes.test.tsx" name="Bitcoin DeFi Workflow Nodes &gt; Bitcoin Send Node &gt; should handle fee priority selection" time="0.01800275">
            <failure message="Found multiple elements by: [data-testid=&quot;fee-priority-select&quot;]

Here are the matching elements:

Ignored nodes: comments, script, style
[36m&lt;select[39m
  [33mdata-testid[39m=[32m&quot;fee-priority-select&quot;[39m
  [33mid[39m=[32m&quot;fee-send-1&quot;[39m
[36m&gt;[39m
  [36m&lt;option[39m
    [33mvalue[39m=[32m&quot;Low&quot;[39m
  [36m&gt;[39m
    [0mLow (~60 min)[0m
  [36m&lt;/option&gt;[39m
  [36m&lt;option[39m
    [33mvalue[39m=[32m&quot;Medium&quot;[39m
  [36m&gt;[39m
    [0mMedium (~30 min)[0m
  [36m&lt;/option&gt;[39m
  [36m&lt;option[39m
    [33mvalue[39m=[32m&quot;High&quot;[39m
  [36m&gt;[39m
    [0mHigh (~10 min)[0m
  [36m&lt;/option&gt;[39m
  [36m&lt;option[39m
    [33mvalue[39m=[32m&quot;Urgent&quot;[39m
  [36m&gt;[39m
    [0mUrgent (~5 min)[0m
  [36m&lt;/option&gt;[39m
[36m&lt;/select&gt;[39m

Ignored nodes: comments, script, style
[36m&lt;select[39m
  [33mdata-testid[39m=[32m&quot;fee-priority-select&quot;[39m
  [33mid[39m=[32m&quot;fee-send-1&quot;[39m
[36m&gt;[39m
  [36m&lt;option[39m
    [33mvalue[39m=[32m&quot;Low&quot;[39m
  [36m&gt;[39m
    [0mLow (~60 min)[0m
  [36m&lt;/option&gt;[39m
  [36m&lt;option[39m
    [33mvalue[39m=[32m&quot;Medium&quot;[39m
  [36m&gt;[39m
    [0mMedium (~30 min)[0m
  [36m&lt;/option&gt;[39m
  [36m&lt;option[39m
    [33mvalue[39m=[32m&quot;High&quot;[39m
  [36m&gt;[39m
    [0mHigh (~10 min)[0m
  [36m&lt;/option&gt;[39m
  [36m&lt;option[39m
    [33mvalue[39m=[32m&quot;Urgent&quot;[39m
  [36m&gt;[39m
    [0mUrgent (~5 min)[0m
  [36m&lt;/option&gt;[39m
[36m&lt;/select&gt;[39m

(If this is intentional, then use the `*AllBy*` variant of the query (like `queryAllByText`, `getAllByText`, or `findAllByText`)).

Ignored nodes: comments, script, style
[36m&lt;body&gt;[39m
  [36m&lt;div&gt;[39m
    [36m&lt;div[39m
      [33mclass[39m=[32m&quot;bitcoin-node send-node&quot;[39m
      [33mdata-testid[39m=[32m&quot;bitcoin-send-send-1&quot;[39m
    [36m&gt;[39m
      [36m&lt;div[39m
        [33mclass[39m=[32m&quot;node-header&quot;[39m
      [36m&gt;[39m
        [36m&lt;span[39m
          [33mclass[39m=[32m&quot;node-icon&quot;[39m
        [36m&gt;[39m
          [0m💸[0m
        [36m&lt;/span&gt;[39m
        [36m&lt;span[39m
          [33mclass[39m=[32m&quot;node-title&quot;[39m
        [36m&gt;[39m
          [0mSend Bitcoin[0m
        [36m&lt;/span&gt;[39m
      [36m&lt;/div&gt;[39m
      [36m&lt;div[39m
        [33mclass[39m=[32m&quot;node-content&quot;[39m
      [36m&gt;[39m
        [36m&lt;div[39m
          [33mclass[39m=[32m&quot;form-group&quot;[39m
        [36m&gt;[39m
          [36m&lt;label[39m
            [33mfor[39m=[32m&quot;to-address-send-1&quot;[39m
          [36m&gt;[39m
            [0mTo Address:[0m
          [36m&lt;/label&gt;[39m
          [36m&lt;input[39m
            [33mdata-testid[39m=[32m&quot;to-address-input&quot;[39m
            [33mid[39m=[32m&quot;to-address-send-1&quot;[39m
            [33mplaceholder[39m=[32m&quot;Enter Bitcoin address&quot;[39m
            [33mtype[39m=[32m&quot;text&quot;[39m
            [33mvalue[39m=[32m&quot;&quot;[39m
          [36m/&gt;[39m
        [36m&lt;/div&gt;[39m
        [36m&lt;div[39m
          [33mclass[39m=[32m&quot;form-group&quot;[39m
        [36m&gt;[39m
          [36m&lt;label[39m
            [33mfor[39m=[32m&quot;amount-send-1&quot;[39m
          [36m&gt;[39m
            [0mAmount (satoshis):[0m
          [36m&lt;/label&gt;[39m
          [36m&lt;input[39m
            [33mdata-testid[39m=[32m&quot;amount-input&quot;[39m
            [33mid[39m=[32m&quot;amount-send-1&quot;[39m
            [33mplaceholder[39m=[32m&quot;Amount in satoshis&quot;[39m
            [33mtype[39m=[32m&quot;number&quot;[39m
            [33mvalue[39m=[32m&quot;&quot;[39m
          [36m/&gt;[39m
        [36m&lt;/div&gt;[39m
        [36m&lt;div[39m
          [33mclass[39m=[32m&quot;form-group&quot;[39m
        [36m&gt;[39m
          [36m&lt;label[39m
            [33mfor[39m=[32m&quot;fee-send-1&quot;[39m
          [36m&gt;[39m
            [0mFee Priority:[0m
          [36m&lt;/label&gt;[39m
          [36m&lt;select[39m
            [33mdata-testid[39m=[32m&quot;fee-priority-select&quot;[39m
            [33mid[39m=[32m&quot;fee-send-1&quot;[39m
          [36m&gt;[39m
            [36m&lt;option[39m
              [33mvalue[39m=[32m&quot;Low&quot;[39m
            [36m&gt;[39m
              [0mLow (~60 min)[0m
            [36m&lt;/option&gt;[39m
            [36m&lt;option[39m
              [33mvalue[39m=[32m&quot;Medium&quot;[39m
            [36m&gt;[39m
              [0mMedium (~30 min)[0m
            [36m&lt;/option&gt;[39m
            [36m&lt;option[39m
              [33mvalue[39m=[32m&quot;High&quot;[39m
            [36m&gt;[39m
              [0mHigh (~10 min)[0m
            [36m&lt;/option&gt;[39m
            [36m&lt;option[39m
              [33mvalue[39m=[32m&quot;Urgent&quot;[39m
            [36m&gt;[39m
              [0mUrgent (~5 min)[0m
            [36m&lt;/option&gt;[39m
          [36m&lt;/select&gt;[39m
        [36m&lt;/div&gt;[39m
      [36m&lt;/div&gt;[39m
      [36m&lt;div[39m
        [33mclass[39m=[32m&quot;node-handles&quot;[39m
      [36m&gt;[39m
        [36m&lt;div[39m
          [33mclass[39m=[32m&quot;input-handle&quot;[39m
          [33mdata-testid[39m=[32m&quot;send-input&quot;[39m
        [36m&gt;[39m
          [0mInput[0m
        [36m&lt;/div&gt;[39m
        [36m&lt;div[39m
          [33mclass[39m=[32m&quot;output-handle&quot;[39m
          [33mdata-testid[39m=[32m&quot;send-output&quot;[39m
        [36m&gt;[39m
          [0mOutput[0m
        [36m&lt;/div&gt;[39m
      [36m&lt;/div&gt;[39m
    [36m&lt;/div&gt;[39m
  [36m&lt;/div&gt;[39m
  [36m&lt;div&gt;[39m
    [36m&lt;div[39m
      [33mclass[39m=[32m&quot;bitcoin-node send-node&quot;[39m
      [33mdata-testid[39m=[32m&quot;bitcoin-send-send-1&quot;[39m
    [36m&gt;[39m
      [36m&lt;div[39m
        [33mclass[39m=[32m&quot;node-header&quot;[39m
      [36m&gt;[39m
        [36m&lt;span[39m
          [33mclass[39m=[32m&quot;node-icon&quot;[39m
        [36m&gt;[39m
          [0m💸[0m
        [36m&lt;/span&gt;[39m
        [36m&lt;span[39m
          [33mclass[39m=[32m&quot;node-title&quot;[39m
        [36m&gt;[39m
          [0mSend Bitcoin[0m
        [36m&lt;/span&gt;[39m
      [36m&lt;/div&gt;[39m
      [36m&lt;div[39m
        [33mclass[39m=[32m&quot;node-content&quot;[39m
      [36m&gt;[39m
        [36m&lt;div[39m
          [33mclass[39m=[32m&quot;form-group&quot;[39m
        [36m&gt;[39m
          [36m&lt;label[39m
            [33mfor[39m=[32m&quot;to-address-send-1&quot;[39m
          [36m&gt;[39m
            [0mTo Address:[0m
          [36m&lt;/label&gt;[39m
          [36m&lt;input[39m
            [33mdata-testid[39m=[32m&quot;to-address-input&quot;[39m
            [33mid[39m=[32m&quot;to-address-send-1&quot;[39m
            [33mplaceholder[39m=[32m&quot;Enter Bitcoin address&quot;[39m
            [33mtype[39m=[32m&quot;text&quot;[39m
            [33mvalue[39m=[32m&quot;&quot;[39m
          [36m/&gt;[39m
        [36m&lt;/div&gt;[39m
        [36m&lt;div[39m
          [33mclass[39m=[32m&quot;form-group&quot;[39m
        [36m&gt;[39m
          [36m&lt;label[39m
            [33mfor[39m=[32m&quot;amount-send-1&quot;[39m
          [36m&gt;[39m
            [0mAmount (satoshis):[0m
          [36m&lt;/label&gt;[39m
          [36m&lt;input[39m
            [33mdata-testid[39m=[32m&quot;amount-input&quot;[39m
            [33mid[39m=[32m&quot;amount-send-1&quot;[39m
            [33mplaceholder[39m=[32m&quot;Amount in satoshis&quot;[39m
            [33mtype[39m=[32m&quot;number&quot;[39m
            [33mvalue[39m=[32m&quot;&quot;[39m
          [36m/&gt;[39m
        [36m&lt;/div&gt;[39m
        [36m&lt;div[39m
          [33mclass[39m=[32m&quot;form-group&quot;[39m
        [36m&gt;[39m
          [36m&lt;label[39m
            [33mfor[39m=[32m&quot;fee-send-1&quot;[39m
          [36m&gt;[39m
            [0mFee Priority:[0m
          [36m&lt;/label&gt;[39m
          [36m&lt;select[39m
            [33mdata-testid[39m=[32m&quot;fee-priority-select&quot;[39m
            [33mid[39m=[32m&quot;fee-send-1&quot;[39m
          [36m&gt;[39m
            [36m&lt;option[39m
              [33mvalue[39m=[32m&quot;Low&quot;[39m
            [36m&gt;[39m
              [0mLow (~60 min)[0m
            [36m&lt;/option&gt;[39m
            [36m&lt;option[39m
              [33mvalue[39m=[32m&quot;Medium&quot;[39m
            [36m&gt;[39m
              [0mMedium (~30 min)[0m
            [36m&lt;/option&gt;[39m
            [36m&lt;option[39m
              [33mvalue[39m=[32m&quot;High&quot;[39m
            [36m&gt;[39m
              [0mHigh (~10 min)[0m
            [36m&lt;/option&gt;[39m
            [36m&lt;option[39m
              [33mvalue[39m=[32m&quot;Urgent&quot;[39m
            [36m&gt;[39m
              [0mUrgent (~5 min)[0m
            [36m&lt;/option&gt;[39m
          [36m&lt;/select&gt;[39m
        [36m&lt;/div&gt;[39m
      [36m&lt;/div&gt;[39m
      [36m&lt;div[39m
        [33mclass[39m=[32m&quot;node-handles&quot;[39m
      [36m&gt;[39m
        [36m&lt;div[39m
          [33mclass[39m=[32m&quot;input-handle&quot;[39m
          [33mdata-testid[39m=[32m&quot;send-input&quot;[39m
        [36m&gt;[39m
          [0mInput[0m
        [36m&lt;/div&gt;[39m
        [36m&lt;div[39m
          [33mclass[39m=[32m&quot;output-handle&quot;[39m
          [33mdata-testid[39m=[32m&quot;send-output&quot;[39m
        [36m&gt;[39m
          [0mOutput[0m
        [36m&lt;/div&gt;[39m
      [36m&lt;/div&gt;[39m
    [36m&lt;/div&gt;[39m
  [36m&lt;/div&gt;[39m
[36m&lt;/body&gt;[39m" type="TestingLibraryElementError">
TestingLibraryElementError: Found multiple elements by: [data-testid=&quot;fee-priority-select&quot;]

Here are the matching elements:

Ignored nodes: comments, script, style
&lt;select
  data-testid=&quot;fee-priority-select&quot;
  id=&quot;fee-send-1&quot;
&gt;
  &lt;option
    value=&quot;Low&quot;
  &gt;
    Low (~60 min)
  &lt;/option&gt;
  &lt;option
    value=&quot;Medium&quot;
  &gt;
    Medium (~30 min)
  &lt;/option&gt;
  &lt;option
    value=&quot;High&quot;
  &gt;
    High (~10 min)
  &lt;/option&gt;
  &lt;option
    value=&quot;Urgent&quot;
  &gt;
    Urgent (~5 min)
  &lt;/option&gt;
&lt;/select&gt;

Ignored nodes: comments, script, style
&lt;select
  data-testid=&quot;fee-priority-select&quot;
  id=&quot;fee-send-1&quot;
&gt;
  &lt;option
    value=&quot;Low&quot;
  &gt;
    Low (~60 min)
  &lt;/option&gt;
  &lt;option
    value=&quot;Medium&quot;
  &gt;
    Medium (~30 min)
  &lt;/option&gt;
  &lt;option
    value=&quot;High&quot;
  &gt;
    High (~10 min)
  &lt;/option&gt;
  &lt;option
    value=&quot;Urgent&quot;
  &gt;
    Urgent (~5 min)
  &lt;/option&gt;
&lt;/select&gt;

(If this is intentional, then use the `*AllBy*` variant of the query (like `queryAllByText`, `getAllByText`, or `findAllByText`)).

Ignored nodes: comments, script, style
&lt;body&gt;
  &lt;div&gt;
    &lt;div
      class=&quot;bitcoin-node send-node&quot;
      data-testid=&quot;bitcoin-send-send-1&quot;
    &gt;
      &lt;div
        class=&quot;node-header&quot;
      &gt;
        &lt;span
          class=&quot;node-icon&quot;
        &gt;
          💸
        &lt;/span&gt;
        &lt;span
          class=&quot;node-title&quot;
        &gt;
          Send Bitcoin
        &lt;/span&gt;
      &lt;/div&gt;
      &lt;div
        class=&quot;node-content&quot;
      &gt;
        &lt;div
          class=&quot;form-group&quot;
        &gt;
          &lt;label
            for=&quot;to-address-send-1&quot;
          &gt;
            To Address:
          &lt;/label&gt;
          &lt;input
            data-testid=&quot;to-address-input&quot;
            id=&quot;to-address-send-1&quot;
            placeholder=&quot;Enter Bitcoin address&quot;
            type=&quot;text&quot;
            value=&quot;&quot;
          /&gt;
        &lt;/div&gt;
        &lt;div
          class=&quot;form-group&quot;
        &gt;
          &lt;label
            for=&quot;amount-send-1&quot;
          &gt;
            Amount (satoshis):
          &lt;/label&gt;
          &lt;input
            data-testid=&quot;amount-input&quot;
            id=&quot;amount-send-1&quot;
            placeholder=&quot;Amount in satoshis&quot;
            type=&quot;number&quot;
            value=&quot;&quot;
          /&gt;
        &lt;/div&gt;
        &lt;div
          class=&quot;form-group&quot;
        &gt;
          &lt;label
            for=&quot;fee-send-1&quot;
          &gt;
            Fee Priority:
          &lt;/label&gt;
          &lt;select
            data-testid=&quot;fee-priority-select&quot;
            id=&quot;fee-send-1&quot;
          &gt;
            &lt;option
              value=&quot;Low&quot;
            &gt;
              Low (~60 min)
            &lt;/option&gt;
            &lt;option
              value=&quot;Medium&quot;
            &gt;
              Medium (~30 min)
            &lt;/option&gt;
            &lt;option
              value=&quot;High&quot;
            &gt;
              High (~10 min)
            &lt;/option&gt;
            &lt;option
              value=&quot;Urgent&quot;
            &gt;
              Urgent (~5 min)
            &lt;/option&gt;
          &lt;/select&gt;
        &lt;/div&gt;
      &lt;/div&gt;
      &lt;div
        class=&quot;node-handles&quot;
      &gt;
        &lt;div
          class=&quot;input-handle&quot;
          data-testid=&quot;send-input&quot;
        &gt;
          Input
        &lt;/div&gt;
        &lt;div
          class=&quot;output-handle&quot;
          data-testid=&quot;send-output&quot;
        &gt;
          Output
        &lt;/div&gt;
      &lt;/div&gt;
    &lt;/div&gt;
  &lt;/div&gt;
  &lt;div&gt;
    &lt;div
      class=&quot;bitcoin-node send-node&quot;
      data-testid=&quot;bitcoin-send-send-1&quot;
    &gt;
      &lt;div
        class=&quot;node-header&quot;
      &gt;
        &lt;span
          class=&quot;node-icon&quot;
        &gt;
          💸
        &lt;/span&gt;
        &lt;span
          class=&quot;node-title&quot;
        &gt;
          Send Bitcoin
        &lt;/span&gt;
      &lt;/div&gt;
      &lt;div
        class=&quot;node-content&quot;
      &gt;
        &lt;div
          class=&quot;form-group&quot;
        &gt;
          &lt;label
            for=&quot;to-address-send-1&quot;
          &gt;
            To Address:
          &lt;/label&gt;
          &lt;input
            data-testid=&quot;to-address-input&quot;
            id=&quot;to-address-send-1&quot;
            placeholder=&quot;Enter Bitcoin address&quot;
            type=&quot;text&quot;
            value=&quot;&quot;
          /&gt;
        &lt;/div&gt;
        &lt;div
          class=&quot;form-group&quot;
        &gt;
          &lt;label
            for=&quot;amount-send-1&quot;
          &gt;
            Amount (satoshis):
          &lt;/label&gt;
          &lt;input
            data-testid=&quot;amount-input&quot;
            id=&quot;amount-send-1&quot;
            placeholder=&quot;Amount in satoshis&quot;
            type=&quot;number&quot;
            value=&quot;&quot;
          /&gt;
        &lt;/div&gt;
        &lt;div
          class=&quot;form-group&quot;
        &gt;
          &lt;label
            for=&quot;fee-send-1&quot;
          &gt;
            Fee Priority:
          &lt;/label&gt;
          &lt;select
            data-testid=&quot;fee-priority-select&quot;
            id=&quot;fee-send-1&quot;
          &gt;
            &lt;option
              value=&quot;Low&quot;
            &gt;
              Low (~60 min)
            &lt;/option&gt;
            &lt;option
              value=&quot;Medium&quot;
            &gt;
              Medium (~30 min)
            &lt;/option&gt;
            &lt;option
              value=&quot;High&quot;
            &gt;
              High (~10 min)
            &lt;/option&gt;
            &lt;option
              value=&quot;Urgent&quot;
            &gt;
              Urgent (~5 min)
            &lt;/option&gt;
          &lt;/select&gt;
        &lt;/div&gt;
      &lt;/div&gt;
      &lt;div
        class=&quot;node-handles&quot;
      &gt;
        &lt;div
          class=&quot;input-handle&quot;
          data-testid=&quot;send-input&quot;
        &gt;
          Input
        &lt;/div&gt;
        &lt;div
          class=&quot;output-handle&quot;
          data-testid=&quot;send-output&quot;
        &gt;
          Output
        &lt;/div&gt;
      &lt;/div&gt;
    &lt;/div&gt;
  &lt;/div&gt;
&lt;/body&gt;
 ❯ Object.getElementError ../../node_modules/@testing-library/dom/dist/config.js:37:19
 ❯ getElementError ../../node_modules/@testing-library/dom/dist/query-helpers.js:20:35
 ❯ getMultipleElementsFoundError ../../node_modules/@testing-library/dom/dist/query-helpers.js:23:10
 ❯ ../../node_modules/@testing-library/dom/dist/query-helpers.js:55:13
 ❯ ../../node_modules/@testing-library/dom/dist/query-helpers.js:95:19
 ❯ src/tests/components/BitcoinNodes.test.tsx:392:31
            </failure>
        </testcase>
        <testcase classname="src/tests/components/BitcoinNodes.test.tsx" name="Bitcoin DeFi Workflow Nodes &gt; Bitcoin Send Node &gt; should handle invalid amount input gracefully" time="0.017994292">
            <failure message="Found multiple elements by: [data-testid=&quot;amount-input&quot;]

Here are the matching elements:

Ignored nodes: comments, script, style
[36m&lt;input[39m
  [33mdata-testid[39m=[32m&quot;amount-input&quot;[39m
  [33mid[39m=[32m&quot;amount-send-1&quot;[39m
  [33mplaceholder[39m=[32m&quot;Amount in satoshis&quot;[39m
  [33mtype[39m=[32m&quot;number&quot;[39m
  [33mvalue[39m=[32m&quot;&quot;[39m
[36m/&gt;[39m

Ignored nodes: comments, script, style
[36m&lt;input[39m
  [33mdata-testid[39m=[32m&quot;amount-input&quot;[39m
  [33mid[39m=[32m&quot;amount-send-1&quot;[39m
  [33mplaceholder[39m=[32m&quot;Amount in satoshis&quot;[39m
  [33mtype[39m=[32m&quot;number&quot;[39m
  [33mvalue[39m=[32m&quot;&quot;[39m
[36m/&gt;[39m

Ignored nodes: comments, script, style
[36m&lt;input[39m
  [33mdata-testid[39m=[32m&quot;amount-input&quot;[39m
  [33mid[39m=[32m&quot;amount-send-1&quot;[39m
  [33mplaceholder[39m=[32m&quot;Amount in satoshis&quot;[39m
  [33mtype[39m=[32m&quot;number&quot;[39m
  [33mvalue[39m=[32m&quot;&quot;[39m
[36m/&gt;[39m

(If this is intentional, then use the `*AllBy*` variant of the query (like `queryAllByText`, `getAllByText`, or `findAllByText`)).

Ignored nodes: comments, script, style
[36m&lt;body&gt;[39m
  [36m&lt;div&gt;[39m
    [36m&lt;div[39m
      [33mclass[39m=[32m&quot;bitcoin-node send-node&quot;[39m
      [33mdata-testid[39m=[32m&quot;bitcoin-send-send-1&quot;[39m
    [36m&gt;[39m
      [36m&lt;div[39m
        [33mclass[39m=[32m&quot;node-header&quot;[39m
      [36m&gt;[39m
        [36m&lt;span[39m
          [33mclass[39m=[32m&quot;node-icon&quot;[39m
        [36m&gt;[39m
          [0m💸[0m
        [36m&lt;/span&gt;[39m
        [36m&lt;span[39m
          [33mclass[39m=[32m&quot;node-title&quot;[39m
        [36m&gt;[39m
          [0mSend Bitcoin[0m
        [36m&lt;/span&gt;[39m
      [36m&lt;/div&gt;[39m
      [36m&lt;div[39m
        [33mclass[39m=[32m&quot;node-content&quot;[39m
      [36m&gt;[39m
        [36m&lt;div[39m
          [33mclass[39m=[32m&quot;form-group&quot;[39m
        [36m&gt;[39m
          [36m&lt;label[39m
            [33mfor[39m=[32m&quot;to-address-send-1&quot;[39m
          [36m&gt;[39m
            [0mTo Address:[0m
          [36m&lt;/label&gt;[39m
          [36m&lt;input[39m
            [33mdata-testid[39m=[32m&quot;to-address-input&quot;[39m
            [33mid[39m=[32m&quot;to-address-send-1&quot;[39m
            [33mplaceholder[39m=[32m&quot;Enter Bitcoin address&quot;[39m
            [33mtype[39m=[32m&quot;text&quot;[39m
            [33mvalue[39m=[32m&quot;&quot;[39m
          [36m/&gt;[39m
        [36m&lt;/div&gt;[39m
        [36m&lt;div[39m
          [33mclass[39m=[32m&quot;form-group&quot;[39m
        [36m&gt;[39m
          [36m&lt;label[39m
            [33mfor[39m=[32m&quot;amount-send-1&quot;[39m
          [36m&gt;[39m
            [0mAmount (satoshis):[0m
          [36m&lt;/label&gt;[39m
          [36m&lt;input[39m
            [33mdata-testid[39m=[32m&quot;amount-input&quot;[39m
            [33mid[39m=[32m&quot;amount-send-1&quot;[39m
            [33mplaceholder[39m=[32m&quot;Amount in satoshis&quot;[39m
            [33mtype[39m=[32m&quot;number&quot;[39m
            [33mvalue[39m=[32m&quot;&quot;[39m
          [36m/&gt;[39m
        [36m&lt;/div&gt;[39m
        [36m&lt;div[39m
          [33mclass[39m=[32m&quot;form-group&quot;[39m
        [36m&gt;[39m
          [36m&lt;label[39m
            [33mfor[39m=[32m&quot;fee-send-1&quot;[39m
          [36m&gt;[39m
            [0mFee Priority:[0m
          [36m&lt;/label&gt;[39m
          [36m&lt;select[39m
            [33mdata-testid[39m=[32m&quot;fee-priority-select&quot;[39m
            [33mid[39m=[32m&quot;fee-send-1&quot;[39m
          [36m&gt;[39m
            [36m&lt;option[39m
              [33mvalue[39m=[32m&quot;Low&quot;[39m
            [36m&gt;[39m
              [0mLow (~60 min)[0m
            [36m&lt;/option&gt;[39m
            [36m&lt;option[39m
              [33mvalue[39m=[32m&quot;Medium&quot;[39m
            [36m&gt;[39m
              [0mMedium (~30 min)[0m
            [36m&lt;/option&gt;[39m
            [36m&lt;option[39m
              [33mvalue[39m=[32m&quot;High&quot;[39m
            [36m&gt;[39m
              [0mHigh (~10 min)[0m
            [36m&lt;/option&gt;[39m
            [36m&lt;option[39m
              [33mvalue[39m=[32m&quot;Urgent&quot;[39m
            [36m&gt;[39m
              [0mUrgent (~5 min)[0m
            [36m&lt;/option&gt;[39m
          [36m&lt;/select&gt;[39m
        [36m&lt;/div&gt;[39m
      [36m&lt;/div&gt;[39m
      [36m&lt;div[39m
        [33mclass[39m=[32m&quot;node-handles&quot;[39m
      [36m&gt;[39m
        [36m&lt;div[39m
          [33mclass[39m=[32m&quot;input-handle&quot;[39m
          [33mdata-testid[39m=[32m&quot;send-input&quot;[39m
        [36m&gt;[39m
          [0mInput[0m
        [36m&lt;/div&gt;[39m
        [36m&lt;div[39m
          [33mclass[39m=[32m&quot;output-handle&quot;[39m
          [33mdata-testid[39m=[32m&quot;send-output&quot;[39m
        [36m&gt;[39m
          [0mOutput[0m
        [36m&lt;/div&gt;[39m
      [36m&lt;/div&gt;[39m
    [36m&lt;/div&gt;[39m
  [36m&lt;/div&gt;[39m
  [36m&lt;div&gt;[39m
    [36m&lt;div[39m
      [33mclass[39m=[32m&quot;bitcoin-node send-node&quot;[39m
      [33mdata-testid[39m=[32m&quot;bitcoin-send-send-1&quot;[39m
    [36m&gt;[39m
      [36m&lt;div[39m
        [33mclass[39m=[32m&quot;node-header&quot;[39m
      [36m&gt;[39m
        [36m&lt;span[39m
          [33mclass[39m=[32m&quot;node-icon&quot;[39m
        [36m&gt;[39m
          [0m💸[0m
        [36m&lt;/span&gt;[39m
        [36m&lt;span[39m
          [33mclass[39m=[32m&quot;node-title&quot;[39m
        [36m&gt;[39m
          [0mSend Bitcoin[0m
        [36m&lt;/span&gt;[39m
      [36m&lt;/div&gt;[39m
      [36m&lt;div[39m
        [33mclass[39m=[32m&quot;node-content&quot;[39m
      [36m&gt;[39m
        [36m&lt;div[39m
          [33mclass[39m=[32m&quot;form-group&quot;[39m
        [36m&gt;[39m
          [36m&lt;label[39m
            [33mfor[39m=[32m&quot;to-address-send-1&quot;[39m
          [36m&gt;[39m
            [0mTo Address:[0m
          [36m&lt;/label&gt;[39m
          [36m&lt;input[39m
            [33mdata-testid[39m=[32m&quot;to-address-input&quot;[39m
            [33mid[39m=[32m&quot;to-address-send-1&quot;[39m
            [33mplaceholder[39m=[32m&quot;Enter Bitcoin address&quot;[39m
            [33mtype[39m=[32m&quot;text&quot;[39m
            [33mvalue[39m=[32m&quot;&quot;[39m
          [36m/&gt;[39m
        [36m&lt;/div&gt;[39m
        [36m&lt;div[39m
          [33mclass[39m=[32m&quot;form-group&quot;[39m
        [36m&gt;[39m
          [36m&lt;label[39m
            [33mfor[39m=[32m&quot;amount-send-1&quot;[39m
          [36m&gt;[39m
            [0mAmount (satoshis):[0m
          [36m&lt;/label&gt;[39m
          [36m&lt;input[39m
            [33mdata-testid[39m=[32m&quot;amount-input&quot;[39m
            [33mid[39m=[32m&quot;amount-send-1&quot;[39m
            [33mplaceholder[39m=[32m&quot;Amount in satoshis&quot;[39m
            [33mtype[39m=[32m&quot;number&quot;[39m
            [33mvalue[39m=[32m&quot;&quot;[39m
          [36m/&gt;[39m
        [36m&lt;/div&gt;[39m
        [36m&lt;div[39m
          [33mclass[39m=[32m&quot;form-group&quot;[39m
        [36m&gt;[39m
          [36m&lt;label[39m
            [33mfor[39m=[32m&quot;fee-send-1&quot;[39m
          [36m&gt;[39m
            [0mFee Priority:[0m
          [36m&lt;/label&gt;[39m
          [36m&lt;select[39m
            [33mdata-testid[39m=[32m&quot;fee-priority-select&quot;[39m
            [33mid[39m=[32m&quot;fee-send-1&quot;[39m
          [36m&gt;[39m
            [36m&lt;option[39m
              [33mvalue[39m=[32m&quot;Low&quot;[39m
            [36m&gt;[39m
              [0mLow (~60 min)[0m
            [36m&lt;/option&gt;[39m
            [36m&lt;option[39m
              [33mvalue[39m=[32m&quot;Medium&quot;[39m
            [36m&gt;[39m
              [0mMedium (~30 min)[0m
            [36m&lt;/option&gt;[39m
            [36m&lt;option[39m
              [33mvalue[39m=[32m&quot;High&quot;[39m
            [36m&gt;[39m
              [0mHigh (~10 min)[0m
            [36m&lt;/option&gt;[39m
            [36m&lt;option[39m
              [33mvalue[39m=[32m&quot;Urgent&quot;[39m
            [36m&gt;[39m
              [0mUrgent (~5 min)[0m
            [36m&lt;/option&gt;[39m
          [36m&lt;/select&gt;[39m
        [36m&lt;/div&gt;[39m
      [36m&lt;/div&gt;[39m
      [36m&lt;div[39m
        [33mclass[39m=[32m&quot;node-handles&quot;[39m
      [36m&gt;[39m
        [36m&lt;div[39m
          [33mclass[39m=[32m&quot;input-handle&quot;[39m
          [33mdata-testid[39m=[32m&quot;send-input&quot;[39m
        [36m&gt;[39m
          [0mInput[0m
        [36m&lt;/div&gt;[39m
        [36m&lt;div[39m
          [33mclass[39m=[32m&quot;output-handle&quot;[39m
          [33mdata-testid[39m=[32m&quot;send-output&quot;[39m
        [36m&gt;[39m
          [0mOutput[0m
        [36m&lt;/div&gt;[39m
      [36m&lt;/div&gt;[39m
    [36m&lt;/div&gt;[39m
  [36m&lt;/div&gt;[39m
  [36m&lt;div&gt;[39m
    [36m&lt;div[39m
      [33mclass[39m=[32m&quot;bitcoin-node send-node&quot;[39m
      [33mdata-testid[39m=[32m&quot;bitcoin-send-send-1&quot;[39m
    [36m&gt;[39m
      [36m&lt;div[39m
        [33mclass[39m=[32m&quot;node-header&quot;[39m
      [36m&gt;[39m
        [36m&lt;span[39m
          [33mclass[39m=[32m&quot;node-icon&quot;[39m
        [36m&gt;[39m
          [0m💸[0m
        [36m&lt;/span&gt;[39m
        [36m&lt;span[39m
          [33mclass[39m=[32m&quot;node-title&quot;[39m
        [36m&gt;[39m
          [0mSend Bitcoin[0m
        [36m&lt;/span&gt;[39m
      [36m&lt;/div&gt;[39m
      [36m&lt;div[39m
        [33mclass[39m=[32m&quot;node-content&quot;[39m
      [36m&gt;[39m
        [36m&lt;div[39m
          [33mclass[39m=[32m&quot;form-group&quot;[39m
        [36m&gt;[39m
          [36m&lt;label[39m
            [33mfor[39m=[32m&quot;to-address-send-1&quot;[39m
          [36m&gt;[39m
            [0mTo Address:[0m
          [36m&lt;/label&gt;[39m
          [36m&lt;input[39m
            [33mdata-testid[39m=[32m&quot;to-address-input&quot;[39m
            [33mid[39m=[32m&quot;to-address-send-1&quot;[39m
            [33mplaceholder[39m=[32m&quot;Enter Bitcoin address&quot;[39m
            [33mtype[39m=[32m&quot;text&quot;[39m
            [33mvalue[39m=[32m&quot;&quot;[39m
          [36m/&gt;[39m
        [36m&lt;/div&gt;[39m
        [36m&lt;div[39m
          [33mclass[39m=[32m&quot;form-group&quot;[39m
        [36m&gt;[39m
          [36m&lt;label[39m
            [33mfor[39m=[32m&quot;amount-send-1&quot;[39m
          [36m&gt;[39m
            [0mAmount (satoshis):[0m
          [36m&lt;/label&gt;[39m
          [36m&lt;input[39m
            [33mdata-testid[39m=[32m&quot;amount-input&quot;[39m
            [33mid[39m=[32m&quot;amount-send-1&quot;[39m
            [33mplaceholder[39m=[32m&quot;Amount in satoshis&quot;[39m
            [33mtype[39m=[32m&quot;number&quot;[39m
            [33mvalue[39m=[32m&quot;&quot;[39m
          [36m/&gt;[39m
        [36m&lt;/div&gt;[39m
        [36m&lt;div[39m
          [33mclass[39m=[32m&quot;form-group&quot;[39m
        [36m&gt;[39m
          [36m&lt;label[39m
            [33mfor[39m=[32m&quot;fee-send-1&quot;[39m
          [36m&gt;[39m
            [0mFee Priority:[0m
          [36m&lt;/label&gt;[39m
          [36m&lt;select[39m
            [33mdata-testid[39m=[32m&quot;fee-priority-select&quot;[39m
            [33mid[39m=[32m&quot;fee-send-1&quot;[39m
          [36m&gt;[39m
            [36m&lt;option[39m
              [33mvalue[39m=[32m&quot;Low&quot;[39m
            [36m&gt;[39m
              [0mLow (~60 min)[0m
            [36m&lt;/option&gt;[39m
            [36m&lt;option[39m
              [33mvalue[39m=[32m&quot;Medium&quot;[39m
            [36m&gt;[39m
              [0mMedium (~30 min)[0m
            [36m&lt;/option&gt;[39m
            [36m&lt;option[39m
              [33mvalue[39m=[32m&quot;High&quot;[39m
            [36m&gt;[39m
              [0mHigh (~10 min)[0m
            [36m&lt;/option&gt;[39m
            [36m&lt;option[39m
              [33mvalue[39m=[32m&quot;Urgent&quot;[39m
            [36m&gt;[39m
              [0mUrgent (~5 min)[0m
            [36m&lt;/option&gt;[39m
          [36m&lt;/select&gt;[39m
        [36m&lt;/div&gt;[39m
      [36m&lt;/div&gt;[39m
      [36m&lt;div[39m
        [33mclass[39m=[32m&quot;node-handles&quot;[39m
      [36m&gt;[39m
        [36m&lt;div[39m
          [33mclass[39m=[32m&quot;input-handle&quot;[39m
          [33mdata-testid[39m=[32m&quot;send-input&quot;[39m
        [36m&gt;[39m
          [0mInput[0m
        [36m&lt;/div&gt;[39m
        [36m&lt;div[39m
          [33mclass[39m=[32m&quot;output-handle&quot;[39m
          [33mdata-testid[39m=[32m&quot;send-output&quot;[39m
        [36m&gt;[39m
          [0mOutput[0m
        [36m&lt;/div&gt;[39m
      [36m&lt;/div&gt;[39m
    [36m&lt;/div&gt;[39m
  [36m&lt;/div&gt;[39m
[36m&lt;/body&gt;[39m" type="TestingLibraryElementError">
[...]
            <failure message="expected &apos;failed&apos; to be &apos;completed&apos; // Object.is equality" type="AssertionError">
AssertionError: expected &apos;failed&apos; to be &apos;completed&apos; // Object.is equality

Expected: &quot;completed&quot;
Received: &quot;failed&quot;

 ❯ src/tests/services/executionEngine.test.ts:484:32
            </failure>
        </testcase>
        <testcase classname="src/tests/services/executionEngine.test.ts" name="ExecutionEngine &gt; Execution Management &gt; should track execution history" time="1.478181708">
            <failure message="expected [ { …(9) } ] to have a length of 2 but got 1" type="AssertionError">
AssertionError: expected [ { …(9) } ] to have a length of 2 but got 1

- Expected
+ Received

- 2
+ 1

 ❯ src/tests/services/executionEngine.test.ts:505:26
            </failure>
        </testcase>
        <testcase classname="src/tests/services/executionEngine.test.ts" name="ExecutionEngine &gt; Execution Management &gt; should retrieve specific execution by ID" time="0.737253333">
        </testcase>
        <testcase classname="src/tests/services/executionEngine.test.ts" name="ExecutionEngine &gt; Execution Management &gt; should retrieve execution logs" time="0.698744958">
        </testcase>
        <testcase classname="src/tests/services/executionEngine.test.ts" name="ExecutionEngine &gt; Execution Management &gt; should clear execution history" time="0.657215458">
        </testcase>
        <testcase classname="src/tests/services/executionEngine.test.ts" name="ExecutionEngine &gt; Error Handling &gt; should handle node execution errors gracefully" time="0.000709459">
            <failure message="expected &apos;completed&apos; to be &apos;failed&apos; // Object.is equality" type="AssertionError">
AssertionError: expected &apos;completed&apos; to be &apos;failed&apos; // Object.is equality

Expected: &quot;failed&quot;
Received: &quot;completed&quot;

 ❯ src/tests/services/executionEngine.test.ts:589:32
            </failure>
        </testcase>
        <testcase classname="src/tests/services/executionEngine.test.ts" name="ExecutionEngine &gt; Error Handling &gt; should handle execution timeout gracefully" time="0.967399167">
        </testcase>
    </testsuite>
    <testsuite name="src/tests/integration/bitcoin-workflow-simple.test.ts" timestamp="2025-08-08T17:10:32.423Z" hostname="macbookair.home" tests="10" failures="8" errors="0" skipped="0" time="0.01174575">
        <testcase classname="src/tests/integration/bitcoin-workflow-simple.test.ts" name="Bitcoin DeFi Workflow Integration - Basic Tests &gt; Basic Workflow Execution &gt; should handle Bitcoin portfolio workflow execution" time="0.007144584">
            <failure message="expected &apos;failed&apos; to be &apos;completed&apos; // Object.is equality" type="AssertionError">
AssertionError: expected &apos;failed&apos; to be &apos;completed&apos; // Object.is equality

Expected: &quot;completed&quot;
Received: &quot;failed&quot;

 ❯ src/tests/integration/bitcoin-workflow-simple.test.ts:73:29
            </failure>
        </testcase>
        <testcase classname="src/tests/integration/bitcoin-workflow-simple.test.ts" name="Bitcoin DeFi Workflow Integration - Basic Tests &gt; Basic Workflow Execution &gt; should handle Bitcoin send workflow execution" time="0.007026167">
            <failure message="expected &apos;failed&apos; to be &apos;completed&apos; // Object.is equality" type="AssertionError">
AssertionError: expected &apos;failed&apos; to be &apos;completed&apos; // Object.is equality

Expected: &quot;completed&quot;
Received: &quot;failed&quot;

 ❯ src/tests/integration/bitcoin-workflow-simple.test.ts:118:29
            </failure>
        </testcase>
        <testcase classname="src/tests/integration/bitcoin-workflow-simple.test.ts" name="Bitcoin DeFi Workflow Integration - Basic Tests &gt; Basic Workflow Execution &gt; should handle Bitcoin address generation workflow" time="0.007007042">
            <failure message="expected &apos;failed&apos; to be &apos;completed&apos; // Object.is equality" type="AssertionError">
AssertionError: expected &apos;failed&apos; to be &apos;completed&apos; // Object.is equality

Expected: &quot;completed&quot;
Received: &quot;failed&quot;

 ❯ src/tests/integration/bitcoin-workflow-simple.test.ts:155:29
            </failure>
        </testcase>
        <testcase classname="src/tests/integration/bitcoin-workflow-simple.test.ts" name="Bitcoin DeFi Workflow Integration - Basic Tests &gt; Basic Workflow Execution &gt; should handle workflow execution errors" time="0.006994042">
            <failure message="expected null to be &apos;Bitcoin service not initialized&apos; // Object.is equality" type="AssertionError">
AssertionError: expected null to be &apos;Bitcoin service not initialized&apos; // Object.is equality

- Expected: 
&quot;Bitcoin service not initialized&quot;

+ Received: 
null

 ❯ src/tests/integration/bitcoin-workflow-simple.test.ts:183:36
            </failure>
        </testcase>
        <testcase classname="src/tests/integration/bitcoin-workflow-simple.test.ts" name="Bitcoin DeFi Workflow Integration - Basic Tests &gt; Basic Workflow Execution &gt; should handle insufficient funds scenarios" time="0.006984042">
        </testcase>
        <testcase classname="src/tests/integration/bitcoin-workflow-simple.test.ts" name="Bitcoin DeFi Workflow Integration - Basic Tests &gt; Basic Workflow Execution &gt; should handle transaction broadcast failures" time="0.0038665">
            <failure message="expected &apos;failed&apos; to be &apos;completed&apos; // Object.is equality" type="AssertionError">
AssertionError: expected &apos;failed&apos; to be &apos;completed&apos; // Object.is equality

Expected: &quot;completed&quot;
Received: &quot;failed&quot;

 ❯ src/tests/integration/bitcoin-workflow-simple.test.ts:250:29
            </failure>
        </testcase>
        <testcase classname="src/tests/integration/bitcoin-workflow-simple.test.ts" name="Bitcoin DeFi Workflow Integration - Basic Tests &gt; Multi-Node Workflow Tests &gt; should handle multi-node Bitcoin workflow execution" time="0.003846">
            <failure message="expected [ { node_id: &apos;portfolio-1&apos;, …(2) } ] to have a length of 3 but got 1" type="AssertionError">
AssertionError: expected [ { node_id: &apos;portfolio-1&apos;, …(2) } ] to have a length of 3 but got 1

- Expected
+ Received

- 3
+ 1

 ❯ src/tests/integration/bitcoin-workflow-simple.test.ts:296:38
            </failure>
        </testcase>
        <testcase classname="src/tests/integration/bitcoin-workflow-simple.test.ts" name="Bitcoin DeFi Workflow Integration - Basic Tests &gt; Multi-Node Workflow Tests &gt; should handle partial workflow failures" time="0.003835708">
        </testcase>
        <testcase classname="src/tests/integration/bitcoin-workflow-simple.test.ts" name="Bitcoin DeFi Workflow Integration - Basic Tests &gt; Error Recovery Tests &gt; should support retry operations" time="0.00383075">
            <failure message="expected &apos;failed&apos; to be &apos;completed&apos; // Object.is equality" type="AssertionError">
AssertionError: expected &apos;failed&apos; to be &apos;completed&apos; // Object.is equality

Expected: &quot;completed&quot;
Received: &quot;failed&quot;

 ❯ src/tests/integration/bitcoin-workflow-simple.test.ts:379:29
            </failure>
        </testcase>
        <testcase classname="src/tests/integration/bitcoin-workflow-simple.test.ts" name="Bitcoin DeFi Workflow Integration - Basic Tests &gt; Error Recovery Tests &gt; should handle network disconnection gracefully" time="0.003857583">
            <failure message="promise resolved &quot;{ id: &apos;exec_test_001&apos;, …(8) }&quot; instead of rejecting" type="AssertionError">
AssertionError: promise resolved &quot;{ id: &apos;exec_test_001&apos;, …(8) }&quot; instead of rejecting

- Expected
+ Received

- Error {
-   &quot;message&quot;: &quot;rejected promise&quot;,
+ {
+   &quot;completed_at&quot;: &quot;1.70410326e+18&quot;,
+   &quot;duration&quot;: 1754673092338000000n,
+   &quot;error_message&quot;: null,
+   &quot;id&quot;: &quot;exec_test_001&quot;,
+   &quot;node_executions&quot;: [
+     {
+       &quot;node_id&quot;: &quot;portfolio-1&quot;,
+       &quot;output_data&quot;: {
+         &quot;total_btc&quot;: 1,
+       },
+       &quot;status&quot;: &quot;completed&quot;,
+     },
+   ],
+   &quot;started_at&quot;: &quot;1.7041032e+18&quot;,
+   &quot;status&quot;: &quot;completed&quot;,
+   &quot;trigger_data&quot;: {
+     &quot;manual&quot;: true,
+   },
+   &quot;workflow_id&quot;: &quot;workflow_test_001&quot;,
  }

 ❯ src/tests/integration/bitcoin-workflow-simple.test.ts:390:7
            </failure>
        </testcase>
    </testsuite>
    <testsuite name="src/tests/integration/bitcoin-workflow.test.ts" timestamp="2025-08-08T17:10:32.424Z" hostname="macbookair.home" tests="12" failures="8" errors="0" skipped="0" time="1.033216459">
        <testcase classname="src/tests/integration/bitcoin-workflow.test.ts" name="Bitcoin DeFi Workflow Integration &gt; Bitcoin Portfolio Workflow &gt; should execute portfolio fetch workflow successfully" time="0.013290125">
            <failure message="expected &apos;send-1&apos; to be &apos;portfolio-1&apos; // Object.is equality" type="AssertionError">
AssertionError: expected &apos;send-1&apos; to be &apos;portfolio-1&apos; // Object.is equality

Expected: &quot;portfolio-1&quot;
Received: &quot;send-1&quot;

 ❯ src/tests/integration/bitcoin-workflow.test.ts:200:37
            </failure>
        </testcase>
        <testcase classname="src/tests/integration/bitcoin-workflow.test.ts" name="Bitcoin DeFi Workflow Integration &gt; Bitcoin Portfolio Workflow &gt; should handle portfolio fetch errors gracefully" time="0.013155792">
            <failure message="expected &apos;Completed&apos; to be &apos;Failed&apos; // Object.is equality" type="AssertionError">
AssertionError: expected &apos;Completed&apos; to be &apos;Failed&apos; // Object.is equality

Expected: &quot;Failed&quot;
Received: &quot;Completed&quot;

 ❯ src/tests/integration/bitcoin-workflow.test.ts:260:29
            </failure>
        </testcase>
        <testcase classname="src/tests/integration/bitcoin-workflow.test.ts" name="Bitcoin DeFi Workflow Integration &gt; Bitcoin Send Workflow &gt; should execute send workflow successfully" time="0.013138041">
            <failure message="expected false to be true // Object.is equality" type="AssertionError">
AssertionError: expected false to be true // Object.is equality

- Expected
+ Received

- true
+ false

 ❯ src/tests/integration/bitcoin-workflow.test.ts:354:45
            </failure>
        </testcase>
        <testcase classname="src/tests/integration/bitcoin-workflow.test.ts" name="Bitcoin DeFi Workflow Integration &gt; Bitcoin Send Workflow &gt; should handle insufficient funds error" time="0.013127542">
            <failure message="expected &apos;Completed&apos; to be &apos;Failed&apos; // Object.is equality" type="AssertionError">
AssertionError: expected &apos;Completed&apos; to be &apos;Failed&apos; // Object.is equality

Expected: &quot;Failed&quot;
Received: &quot;Completed&quot;

 ❯ src/tests/integration/bitcoin-workflow.test.ts:414:29
            </failure>
        </testcase>
        <testcase classname="src/tests/integration/bitcoin-workflow.test.ts" name="Bitcoin DeFi Workflow Integration &gt; Bitcoin Send Workflow &gt; should handle transaction broadcast failure" time="0.013114166">
        </testcase>
        <testcase classname="src/tests/integration/bitcoin-workflow.test.ts" name="Bitcoin DeFi Workflow Integration &gt; Bitcoin Address Generation Workflow &gt; should execute address generation workflow for all types" time="1.014313125">
            <failure message="Workflow execution timed out" type="Error">
Error: Workflow execution timed out
 ❯ BitcoinWorkflowService.waitForCompletion src/tests/integration/bitcoin-workflow.test.ts:102:11
 ❯ src/tests/integration/bitcoin-workflow.test.ts:532:24
            </failure>
        </testcase>
        <testcase classname="src/tests/integration/bitcoin-workflow.test.ts" name="Bitcoin DeFi Workflow Integration &gt; Complex Bitcoin Workflows &gt; should execute multi-node Bitcoin workflow" time="1.017780959">
            <failure message="Workflow execution timed out" type="Error">
Error: Workflow execution timed out
 ❯ BitcoinWorkflowService.waitForCompletion src/tests/integration/bitcoin-workflow.test.ts:102:11
 ❯ src/tests/integration/bitcoin-workflow.test.ts:684:22
            </failure>
        </testcase>
        <testcase classname="src/tests/integration/bitcoin-workflow.test.ts" name="Bitcoin DeFi Workflow Integration &gt; Complex Bitcoin Workflows &gt; should handle partial workflow failures" time="1.018344292">
            <failure message="Workflow execution timed out" type="Error">
Error: Workflow execution timed out
 ❯ BitcoinWorkflowService.waitForCompletion src/tests/integration/bitcoin-workflow.test.ts:102:11
 ❯ src/tests/integration/bitcoin-workflow.test.ts:753:22
            </failure>
        </testcase>
        <testcase classname="src/tests/integration/bitcoin-workflow.test.ts" name="Bitcoin DeFi Workflow Integration &gt; Workflow Monitoring and Control &gt; should monitor workflow execution progress" time="1.019119125">
            <failure message="Workflow execution timed out" type="Error">
Error: Workflow execution timed out
 ❯ BitcoinWorkflowService.waitForCompletion src/tests/integration/bitcoin-workflow.test.ts:102:11
 ❯ src/tests/integration/bitcoin-workflow.test.ts:801:22
            </failure>
        </testcase>
        <testcase classname="src/tests/integration/bitcoin-workflow.test.ts" name="Bitcoin DeFi Workflow Integration &gt; Workflow Monitoring and Control &gt; should handle workflow execution timeout" time="1.018607709">
        </testcase>
        <testcase classname="src/tests/integration/bitcoin-workflow.test.ts" name="Bitcoin DeFi Workflow Integration &gt; Error Recovery and Resilience &gt; should retry failed Bitcoin operations" time="0.001705959">
        </testcase>
        <testcase classname="src/tests/integration/bitcoin-workflow.test.ts" name="Bitcoin DeFi Workflow Integration &gt; Error Recovery and Resilience &gt; should handle network disconnection gracefully" time="0.001378584">
        </testcase>
    </testsuite>
    <testsuite name="src/tests/integration/workflow-execution.test.ts" timestamp="2025-08-08T17:10:32.426Z" hostname="macbookair.home" tests="8" failures="6" errors="0" skipped="0" time="3.933716292">
        <testcase classname="src/tests/integration/workflow-execution.test.ts" name="Workflow Execution Integration &gt; Complete Workflow Execution Flow &gt; should execute a complete workflow with monitoring and real-time updates" time="0.488928">
            <failure message="expected [ { …(10) }, { …(10) } ] to have a length of 5 but got 2" type="AssertionError">
AssertionError: expected [ { …(10) }, { …(10) } ] to have a length of 5 but got 2

- Expected
+ Received

- 5
+ 2

 ❯ src/tests/integration/workflow-execution.test.ts:161:41
            </failure>
        </testcase>
        <testcase classname="src/tests/integration/workflow-execution.test.ts" name="Workflow Execution Integration &gt; Complete Workflow Execution Flow &gt; should handle workflow execution failure with proper error tracking" time="0.008285625">
            <failure message="expected &apos;completed&apos; to be &apos;failed&apos; // Object.is equality" type="AssertionError">
AssertionError: expected &apos;completed&apos; to be &apos;failed&apos; // Object.is equality

Expected: &quot;failed&quot;
Received: &quot;completed&quot;

 ❯ src/tests/integration/workflow-execution.test.ts:244:32
            </failure>
        </testcase>
        <testcase classname="src/tests/integration/workflow-execution.test.ts" name="Workflow Execution Integration &gt; Webhook Integration &gt; should trigger workflow execution via webhook" time="0.008237167">
            <failure message="expected &apos;failed&apos; to be &apos;completed&apos; // Object.is equality" type="AssertionError">
AssertionError: expected &apos;failed&apos; to be &apos;completed&apos; // Object.is equality

Expected: &quot;completed&quot;
Received: &quot;failed&quot;

 ❯ src/tests/integration/workflow-execution.test.ts:357:33
            </failure>
        </testcase>
        <testcase classname="src/tests/integration/workflow-execution.test.ts" name="Workflow Execution Integration &gt; Webhook Integration &gt; should handle webhook rate limiting" time="0.00827075">
        </testcase>
        <testcase classname="src/tests/integration/workflow-execution.test.ts" name="Workflow Execution Integration &gt; Multi-Node Workflow Execution &gt; should execute complex workflow with multiple branches" time="0.39357325">
            <system-out>
[WebSocket] Sending to test-connection-1: {
  type: [32m&apos;execution_start&apos;[39m,
  executionId: [32m&apos;system&apos;[39m,
  workflowId: [32m&apos;system&apos;[39m,
  timestamp: [32m&apos;1.754673028026e+18&apos;[39m,
  data: {
    message: [32m&apos;Connected to DeFlow real-time service&apos;[39m,
    connectionId: [32m&apos;test-connection-1&apos;[39m,
    subscribedWorkflows: [ [32m&apos;integration_test_workflow&apos;[39m ]
  }
}
[WebSocket] Sending to test-connection-fail: {
  type: [32m&apos;execution_start&apos;[39m,
  executionId: [32m&apos;system&apos;[39m,
  workflowId: [32m&apos;system&apos;[39m,
  timestamp: [32m&apos;1.754673028027e+18&apos;[39m,
  data: {
    message: [32m&apos;Connected to DeFlow real-time service&apos;[39m,
    connectionId: [32m&apos;test-connection-fail&apos;[39m,
    subscribedWorkflows: [ [32m&apos;failing_workflow&apos;[39m ]
  }
}

            </system-out>
            <failure message="expected [ { …(10) }, { …(10) } ] to have a length of 8 but got 2" type="AssertionError">
AssertionError: expected [ { …(10) }, { …(10) } ] to have a length of 8 but got 2

- Expected
+ Received

- 8
+ 2

 ❯ src/tests/integration/workflow-execution.test.ts:503:41
            </failure>
        </testcase>
        <testcase classname="src/tests/integration/workflow-execution.test.ts" name="Workflow Execution Integration &gt; Performance and Monitoring Integration &gt; should track performance metrics across multiple executions" time="3.924511083">
            <failure message="expected &apos;failed&apos; to be &apos;completed&apos; // Object.is equality" type="AssertionError">
AssertionError: expected &apos;failed&apos; to be &apos;completed&apos; // Object.is equality

Expected: &quot;completed&quot;
Received: &quot;failed&quot;

 ❯ src/tests/integration/workflow-execution.test.ts:559:34
 ❯ src/tests/integration/workflow-execution.test.ts:558:18
            </failure>
        </testcase>
        <testcase classname="src/tests/integration/workflow-execution.test.ts" name="Workflow Execution Integration &gt; Performance and Monitoring Integration &gt; should handle concurrent workflow executions" time="0.823668291">
        </testcase>
        <testcase classname="src/tests/integration/workflow-execution.test.ts" name="Workflow Execution Integration &gt; Error Recovery and Resilience &gt; should handle partial workflow failures gracefully" time="0.643598458">
            <failure message="expected &apos;completed&apos; to be &apos;failed&apos; // Object.is equality" type="AssertionError">
AssertionError: expected &apos;completed&apos; to be &apos;failed&apos; // Object.is equality

Expected: &quot;failed&quot;
Received: &quot;completed&quot;

 ❯ src/tests/integration/workflow-execution.test.ts:641:32
            </failure>
        </testcase>
    </testsuite>
</testsuites>
